-0.102715

0.000000 0.000000
0.015000 0.000063
0.030000 0.000238
0.045000 0.000528
0.060000 0.000931
0.075000 0.001443
0.090000 0.002062
0.105000 0.002786
0.120000 0.003611
0.135000 0.004536
0.150000 0.005558
0.165000 0.006674
0.180000 0.007883
0.195000 0.009182
0.210000 0.010569
0.225000 0.012042
0.240000 0.013599
0.255000 0.015236
0.270000 0.016953
0.285000 0.018747
0.300000 0.020616
0.315000 0.022559
0.330000 0.024572
0.345000 0.026655
0.360000 0.028805
0.375000 0.031020
0.390000 0.033299
0.405000 0.035639
0.420000 0.038039
0.435000 0.040497
0.450000 0.043012
0.465000 0.045581
0.480000 0.048203
0.495000 0.050876
0.510000 0.053599
0.525000 0.056369
0.540000 0.059186
0.555000 0.062048
0.570000 0.064953
0.585000 0.067899
0.600000 0.070886
0.615000 0.073911
0.630000 0.076974
0.645000 0.080073
0.660000 0.083206
0.675000 0.086372
0.690000 0.089569
0.705000 0.092798
0.720000 0.096055
0.735000 0.099340
0.750000 0.102652
0.765000 0.105988
0.780000 0.109349
0.795000 0.112733
0.810000 0.116139
0.825000 0.119564
0.840000 0.123010
0.855000 0.126473
0.870000 0.129954
0.885000 0.133451
0.900000 0.136962
0.915000 0.140488
0.930000 0.144027
0.945000 0.147577
0.960000 0.151138
0.975000 0.154710
0.990000 0.158290
1.005000 0.161878
1.020000 0.165474
1.035000 0.169076
1.050000 0.172683
1.065000 0.176294
1.080000 0.179909
1.095000 0.183527
1.110000 0.187147
1.125000 0.190768
1.140000 0.194389
1.155000 0.198010
1.170000 0.201629
1.185000 0.205247
1.200000 0.208862
1.215000 0.212474
1.230000 0.216081
1.245000 0.219684
1.260000 0.223281
1.275000 0.226872
1.290000 0.230457
1.305000 0.234033
1.320000 0.237602
1.335000 0.241163
1.350000 0.244714
1.365000 0.248255
1.380000 0.251785
1.395000 0.255305
1.410000 0.258813
1.425000 0.262309
1.440000 0.265793
1.455000 0.269264
1.470000 0.272720
1.485000 0.276163
1.500000 0.279591
1.515000 0.283005
1.530000 0.286402
1.545000 0.289784
1.560000 0.293150
1.575000 0.296498
1.590000 0.299829
1.605000 0.303143
1.620000 0.306439
1.635000 0.309716
1.650000 0.312975
1.665000 0.316214
1.680000 0.319434
1.695000 0.322634
1.710000 0.325814
1.725000 0.328973
1.740000 0.332111
1.755000 0.335228
1.770000 0.338324
1.785000 0.341398
1.800000 0.344450
1.815000 0.347479
1.830000 0.350486
1.845000 0.353470
1.860000 0.356431
1.875000 0.359369
1.890000 0.362282
1.905000 0.365172
1.920000 0.368038
1.935000 0.370880
1.950000 0.373697
1.965000 0.376489
1.980000 0.379256
1.995000 0.381998
2.010000 0.384715
2.025000 0.387407
2.040000 0.390072
2.055000 0.392712
2.070000 0.395326
2.085000 0.397914
2.100000 0.400475
2.115000 0.403010
2.130000 0.405518
2.145000 0.408000
2.160000 0.410455
2.175000 0.412883
2.190000 0.415284
2.205000 0.417657
2.220000 0.420004
2.235000 0.422323
2.250000 0.424614
2.265000 0.426878
2.280000 0.429115
2.295000 0.431323
2.310000 0.433504
2.325000 0.435657
2.340000 0.437782
2.355000 0.439879
2.370000 0.441948
2.385000 0.443989
2.400000 0.446002
2.415000 0.447987
2.430000 0.449944
2.445000 0.451872
2.460000 0.453772
2.475000 0.455644
2.490000 0.457487
2.505000 0.459302
2.520000 0.461089
2.535000 0.462847
2.550000 0.464577
2.565000 0.466279
2.580000 0.467952
2.595000 0.469597
2.610000 0.471214
2.625000 0.472802
2.640000 0.474362
2.655000 0.475894
2.670000 0.477397
2.685000 0.478872
2.700000 0.480319
2.715000 0.481738
2.730000 0.483128
2.745000 0.484491
2.760000 0.485825
2.775000 0.487131
2.790000 0.488409
2.805000 0.489660
2.820000 0.490882
2.835000 0.492076
2.850000 0.493243
2.865000 0.494382
2.880000 0.495493
2.895000 0.496577
2.910000 0.497633
2.925000 0.498661
2.940000 0.499662
2.955000 0.500636
2.970000 0.501582
2.985000 0.502501
3.000000 0.503393
3.015000 0.504258
3.030000 0.505096
3.045000 0.505907
3.060000 0.506692
3.075000 0.507449
3.090000 0.508180
3.105000 0.508884
3.120000 0.509562
3.135000 0.510213
3.150000 0.510838
3.165000 0.511437
3.180000 0.512010
3.195000 0.512557
3.210000 0.513078
3.225000 0.513573
3.240000 0.514042
3.255000 0.514486
3.270000 0.514904
3.285000 0.515297
3.300000 0.515664
3.315000 0.516007
3.330000 0.516324
3.345000 0.516617
3.360000 0.516884
3.375000 0.517127
3.390000 0.517345
3.405000 0.517539
3.420000 0.517708
3.435000 0.517853
3.450000 0.517974
3.465000 0.518071
3.480000 0.518144
3.495000 0.518193
3.510000 0.518219
3.525000 0.518220
3.540000 0.518199
3.555000 0.518154
3.570000 0.518086
3.585000 0.517995
3.600000 0.517881
3.615000 0.517744
3.630000 0.517585
3.645000 0.517402
3.660000 0.517198
3.675000 0.516971
3.690000 0.516722
3.705000 0.516451
3.720000 0.516158
3.735000 0.515843
3.750000 0.515507
3.765000 0.515149
3.780000 0.514769
3.795000 0.514368
3.810000 0.513947
3.825000 0.513504
3.840000 0.513040
3.855000 0.512555
3.870000 0.512050
3.885000 0.511525
3.900000 0.510979
3.915000 0.510413
3.930000 0.509826
3.945000 0.509220
3.960000 0.508594
3.975000 0.507948
3.990000 0.507283
4.005000 0.506598
4.020000 0.505894
4.035000 0.505171
4.050000 0.504429
4.065000 0.503668
4.080000 0.502888
4.095000 0.502089
4.110000 0.501272
4.125000 0.500437
4.140000 0.499583
4.155000 0.498712
4.170000 0.497822
4.185000 0.496915
4.200000 0.495989
4.215000 0.495047
4.230000 0.494087
4.245000 0.493109
4.260000 0.492114
4.275000 0.491103
4.290000 0.490074
4.305000 0.489029
4.320000 0.487967
4.335000 0.486889
4.350000 0.485794
4.365000 0.484683
4.380000 0.483555
4.395000 0.482412
4.410000 0.481253
4.425000 0.480078
4.440000 0.478888
4.455000 0.477682
4.470000 0.476461
4.485000 0.475224
4.500000 0.473973
4.515000 0.472706
4.530000 0.471425
4.545000 0.470129
4.560000 0.468819
4.575000 0.467494
4.590000 0.466154
4.605000 0.464801
4.620000 0.463433
4.635000 0.462052
4.650000 0.460656
4.665000 0.459247
4.680000 0.457824
4.695000 0.456388
4.710000 0.454939
4.725000 0.453476
4.740000 0.452001
4.755000 0.450512
4.770000 0.449010
4.785000 0.447496
4.800000 0.445969
4.815000 0.444430
4.830000 0.442878
4.845000 0.441314
4.860000 0.439738
4.875000 0.438150
4.890000 0.436550
4.905000 0.434938
4.920000 0.433314
4.935000 0.431679
4.950000 0.430033
4.965000 0.428375
4.980000 0.426706
4.995000 0.425026
5.010000 0.423335
5.025000 0.421633
5.040000 0.419921
5.055000 0.418197
5.070000 0.416463
5.085000 0.414719
5.100000 0.412965
5.115000 0.411200
5.130000 0.409425
5.145000 0.407640
5.160000 0.405845
5.175000 0.404041
5.190000 0.402226
5.205000 0.400403
5.220000 0.398569
5.235000 0.396727
5.250000 0.394875
5.265000 0.393014
5.280000 0.391144
5.295000 0.389265
5.310000 0.387377
5.325000 0.385481
5.340000 0.383576
5.355000 0.381662
5.370000 0.379740
5.385000 0.377809
5.400000 0.375870
5.415000 0.373923
5.430000 0.371968
5.445000 0.370005
5.460000 0.368035
5.475000 0.366056
5.490000 0.364070
5.505000 0.362076
5.520000 0.360075
5.535000 0.358066
5.550000 0.356050
5.565000 0.354027
5.580000 0.351997
5.595000 0.349959
5.610000 0.347915
5.625000 0.345864
5.640000 0.343806
5.655000 0.341741
5.670000 0.339670
5.685000 0.337593
5.700000 0.335509
5.715000 0.333418
5.730000 0.331321
5.745000 0.329219
5.760000 0.327110
5.775000 0.324995
5.790000 0.322874
5.805000 0.320747
5.820000 0.318615
5.835000 0.316477
5.850000 0.314333
5.865000 0.312184
5.880000 0.310029
5.895000 0.307869
5.910000 0.305704
5.925000 0.303533
5.940000 0.301358
5.955000 0.299177
5.970000 0.296991
5.985000 0.294801
6.000000 0.292607
6.015000 0.290429
6.030000 0.288268
6.045000 0.286123
6.060000 0.283996
6.075000 0.281885
6.090000 0.279790
6.105000 0.277712
6.120000 0.275650
6.135000 0.273604
6.150000 0.271574
6.165000 0.269560
6.180000 0.267561
6.195000 0.265578
6.210000 0.263611
6.225000 0.261658
6.240000 0.259721
6.255000 0.257799
6.270000 0.255891
6.285000 0.253999
6.300000 0.252121
6.315000 0.250257
6.330000 0.248408
6.345000 0.246573
6.360000 0.244753
6.375000 0.242946
6.390000 0.241153
6.405000 0.239374
6.420000 0.237609
6.435000 0.235857
6.450000 0.234119
6.465000 0.232394
6.480000 0.230683
6.495000 0.228984
6.510000 0.227299
6.525000 0.225626
6.540000 0.223967
6.555000 0.222320
6.570000 0.220685
6.585000 0.219063
6.600000 0.217454
6.615000 0.215857
6.630000 0.214272
6.645000 0.212699
6.660000 0.211138
6.675000 0.209589
6.690000 0.208052
6.705000 0.206526
6.720000 0.205013
6.735000 0.203510
6.750000 0.202019
6.765000 0.200540
6.780000 0.199071
6.795000 0.197614
6.810000 0.196168
6.825000 0.194733
6.840000 0.193309
6.855000 0.191895
6.870000 0.190492
6.885000 0.189100
6.900000 0.187719
6.915000 0.186347
6.930000 0.184987
6.945000 0.183636
6.960000 0.182296
6.975000 0.180966
6.990000 0.179645
7.005000 0.178335
7.020000 0.177035
7.035000 0.175744
7.050000 0.174464
7.065000 0.173192
7.080000 0.171931
7.095000 0.170679
7.110000 0.169436
7.125000 0.168203
7.140000 0.166979
7.155000 0.165764
7.170000 0.164558
7.185000 0.163361
7.200000 0.162173
7.215000 0.160995
7.230000 0.159825
7.245000 0.158663
7.260000 0.157511
7.275000 0.156367
7.290000 0.155231
7.305000 0.154105
7.320000 0.152986
7.335000 0.151876
7.350000 0.150774
7.365000 0.149681
7.380000 0.148595
7.395000 0.147518
7.410000 0.146449
7.425000 0.145387
7.440000 0.144334
7.455000 0.143288
7.470000 0.142250
7.485000 0.141220
7.500000 0.140198
7.515000 0.139183
7.530000 0.138176
7.545000 0.137176
7.560000 0.136184
7.575000 0.135199
7.590000 0.134221
7.605000 0.133251
7.620000 0.132287
7.635000 0.131331
7.650000 0.130382
7.665000 0.129440
7.680000 0.128505
7.695000 0.127577
7.710000 0.126656
7.725000 0.125742
7.740000 0.124834
7.755000 0.123933
7.770000 0.123039
7.785000 0.122151
7.800000 0.121270
7.815000 0.120395
7.830000 0.119527
7.845000 0.118665
7.860000 0.117810
7.875000 0.116961
7.890000 0.116118
7.905000 0.115281
7.920000 0.114451
7.935000 0.113626
7.950000 0.112808
7.965000 0.111996
7.980000 0.111189
7.995000 0.110389
8.010000 0.109595
8.025000 0.108806
8.040000 0.108023
8.055000 0.107246
8.070000 0.106474
8.085000 0.105709
8.100000 0.104948
8.115000 0.104194
8.130000 0.103445
8.145000 0.102701
8.160000 0.101963
8.175000 0.101230
8.190000 0.100503
8.205000 0.099781
8.220000 0.099064
8.235000 0.098352
8.250000 0.097646
8.265000 0.096945
8.280000 0.096249
8.295000 0.095558
8.310000 0.094872
8.325000 0.094191
8.340000 0.093515
8.355000 0.092844
8.370000 0.092178
8.385000 0.091516
8.400000 0.090860
8.415000 0.090208
8.430000 0.089561
8.445000 0.088919
8.460000 0.088281
8.475000 0.087648
8.490000 0.087020
8.505000 0.086396
8.520000 0.085777
8.535000 0.085162
8.550000 0.084552
8.565000 0.083946
8.580000 0.083344
8.595000 0.082747
8.610000 0.082154
8.625000 0.081566
8.640000 0.080982
8.655000 0.080402
8.670000 0.079826
8.685000 0.079254
8.700000 0.078687
8.715000 0.078123
8.730000 0.077564
8.745000 0.077009
8.760000 0.076457
8.775000 0.075910
8.790000 0.075367
8.805000 0.074827
8.820000 0.074292
8.835000 0.073760
8.850000 0.073232
8.865000 0.072708
8.880000 0.072188
8.895000 0.071672
8.910000 0.071159
8.925000 0.070650
8.940000 0.070144
8.955000 0.069643
8.970000 0.069144
8.985000 0.068650
9.000000 0.068159
9.015000 0.067671
9.030000 0.067187
9.045000 0.066707
9.060000 0.066230
9.075000 0.065756
9.090000 0.065286
9.105000 0.064819
9.120000 0.064355
9.135000 0.063895
9.150000 0.063438
9.165000 0.062985
9.180000 0.062534
9.195000 0.062087
9.210000 0.061643
9.225000 0.061202
9.240000 0.060765
9.255000 0.060330
9.270000 0.059899
9.285000 0.059471
9.300000 0.059045
9.315000 0.058623
9.330000 0.058204
9.345000 0.057788
9.360000 0.057374
9.375000 0.056964
9.390000 0.056557
9.405000 0.056152
9.420000 0.055751
9.435000 0.055352
9.450000 0.054956
9.465000 0.054563
9.480000 0.054173
9.495000 0.053785
9.510000 0.053401
9.525000 0.053019
9.540000 0.052639
9.555000 0.052263
9.570000 0.051889
9.585000 0.051517
9.600000 0.051149
9.615000 0.050783
9.630000 0.050419
9.645000 0.050058
9.660000 0.049700
9.675000 0.049344
9.690000 0.048991
9.705000 0.048640
9.720000 0.048292
9.735000 0.047946
9.750000 0.047603
9.765000 0.047262
9.780000 0.046923
9.795000 0.046587
9.810000 0.046254
9.825000 0.045922
9.840000 0.045593
9.855000 0.045266
9.870000 0.044942
9.885000 0.044620
9.900000 0.044300
9.915000 0.043982
9.930000 0.043667
9.945000 0.043353
9.960000 0.043042
9.975000 0.042734
9.990000 0.042427
10.005000 0.042123
10.020000 0.041820
10.035000 0.041520
10.050000 0.041222
10.065000 0.040926
10.080000 0.040632
10.095000 0.040340
10.110000 0.040050
10.125000 0.039762
10.140000 0.039476
10.155000 0.039192
10.170000 0.038911
10.185000 0.038631
10.200000 0.038353
10.215000 0.038077
10.230000 0.037803
10.245000 0.037531
10.260000 0.037260
10.275000 0.036992
10.290000 0.036725
10.305000 0.036461
10.320000 0.036198
10.335000 0.035937
10.350000 0.035678
10.365000 0.035420
10.380000 0.035165
10.395000 0.034911
10.410000 0.034659
10.425000 0.034409
10.440000 0.034160
10.455000 0.033913
10.470000 0.033668
10.485000 0.033425
10.500000 0.033183
10.515000 0.032943
10.530000 0.032704
10.545000 0.032467
10.560000 0.032232
10.575000 0.031999
10.590000 0.031767
10.605000 0.031536
10.620000 0.031308
10.635000 0.031080
10.650000 0.030855
10.665000 0.030631
10.680000 0.030408
10.695000 0.030187
10.710000 0.029968
10.725000 0.029750
10.740000 0.029533
10.755000 0.029318
10.770000 0.029104
10.785000 0.028892
10.800000 0.028682
10.815000 0.028472
10.830000 0.028265
10.845000 0.028058
10.860000 0.027853
10.875000 0.027650
10.890000 0.027447
10.905000 0.027247
10.920000 0.027047
10.935000 0.026849
10.950000 0.026652
10.965000 0.026457
10.980000 0.026263
10.995000 0.026070
11.010000 0.025878
11.025000 0.025688
11.040000 0.025499
11.055000 0.025311
11.070000 0.025125
11.085000 0.024940
11.100000 0.024756
11.115000 0.024573
11.130000 0.024392
11.145000 0.024212
11.160000 0.024033
11.175000 0.023855
11.190000 0.023678
11.205000 0.023503
11.220000 0.023328
11.235000 0.023155
11.250000 0.022983
11.265000 0.022813
11.280000 0.022643
11.295000 0.022474
11.310000 0.022307
11.325000 0.022141
11.340000 0.021975
11.355000 0.021811
11.370000 0.021648
11.385000 0.021486
11.400000 0.021325
11.415000 0.021165
11.430000 0.021007
11.445000 0.020849
11.460000 0.020692
11.475000 0.020536
11.490000 0.020382
11.505000 0.020228
11.520000 0.020075
11.535000 0.019924
11.550000 0.019773
11.565000 0.019623
11.580000 0.019475
11.595000 0.019327
11.610000 0.019180
11.625000 0.019034
11.640000 0.018889
11.655000 0.018745
11.670000 0.018602
11.685000 0.018460
11.700000 0.018319
11.715000 0.018179
11.730000 0.018039
11.745000 0.017901
11.760000 0.017763
11.775000 0.017626
11.790000 0.017490
11.805000 0.017355
11.820000 0.017221
11.835000 0.017088
11.850000 0.016956
11.865000 0.016824
11.880000 0.016693
11.895000 0.016563
11.910000 0.016434
11.925000 0.016306
11.940000 0.016178
11.955000 0.016052
11.970000 0.015926
11.985000 0.015800
12.000000 0.015676
12.015000 0.015552
12.030000 0.015430
12.045000 0.015308
12.060000 0.015186
12.075000 0.015066
12.090000 0.014946
12.105000 0.014827
12.120000 0.014708
12.135000 0.014591
12.150000 0.014474
12.165000 0.014358
12.180000 0.014242
12.195000 0.014128
12.210000 0.014013
12.225000 0.013900
12.240000 0.013787
12.255000 0.013675
12.270000 0.013564
12.285000 0.013453
12.300000 0.013343
12.315000 0.013234
12.330000 0.013125
12.345000 0.013017
12.360000 0.012910
12.375000 0.012803
12.390000 0.012697
12.405000 0.012591
12.420000 0.012486
12.435000 0.012382
12.450000 0.012278
12.465000 0.012175
12.480000 0.012072
12.495000 0.011971
12.510000 0.011869
12.525000 0.011768
12.540000 0.011668
12.555000 0.011569
12.570000 0.011470
12.585000 0.011371
12.600000 0.011273
12.615000 0.011176
12.630000 0.011079
12.645000 0.010983
12.660000 0.010887
12.675000 0.010792
12.690000 0.010697
12.705000 0.010603
12.720000 0.010510
12.735000 0.010417
12.750000 0.010324
12.765000 0.010232
12.780000 0.010140
12.795000 0.010049
12.810000 0.009959
12.825000 0.009868
12.840000 0.009779
12.855000 0.009690
12.870000 0.009601
12.885000 0.009513
12.900000 0.009425
12.915000 0.009338
12.930000 0.009251
12.945000 0.009165
12.960000 0.009079
12.975000 0.008993
12.990000 0.008908
13.005000 0.008824
13.020000 0.008739
13.035000 0.008656
13.050000 0.008572
13.065000 0.008489
13.080000 0.008407
13.095000 0.008325
13.110000 0.008243
13.125000 0.008162
13.140000 0.008081
13.155000 0.008001
13.170000 0.007921
13.185000 0.007841
13.200000 0.007762
13.215000 0.007683
13.230000 0.007604
13.245000 0.007526
13.260000 0.007448
13.275000 0.007371
13.290000 0.007294
13.305000 0.007217
13.320000 0.007140
13.335000 0.007064
13.350000 0.006989
13.365000 0.006913
13.380000 0.006838
13.395000 0.006764
13.410000 0.006689
13.425000 0.006615
13.440000 0.006542
13.455000 0.006468
13.470000 0.006395
13.485000 0.006322
13.500000 0.006250
13.515000 0.006178
13.530000 0.006106
13.545000 0.006034
13.560000 0.005963
13.575000 0.005892
13.590000 0.005821
13.605000 0.005751
13.620000 0.005681
13.635000 0.005611
13.650000 0.005542
13.665000 0.005472
13.680000 0.005403
13.695000 0.005334
13.710000 0.005266
13.725000 0.005198
13.740000 0.005130
13.755000 0.005062
13.770000 0.004994
13.785000 0.004927
13.800000 0.004860
13.815000 0.004793
13.830000 0.004727
13.845000 0.004660
13.860000 0.004594
13.875000 0.004528
13.890000 0.004463
13.905000 0.004397
13.920000 0.004332
13.935000 0.004267
13.950000 0.004202
13.965000 0.004138
13.980000 0.004073
13.995000 0.004009
14.010000 0.003945
14.025000 0.003881
14.040000 0.003818
14.055000 0.003754
14.070000 0.003691
14.085000 0.003628
14.100000 0.003565
14.115000 0.003502
14.130000 0.003440
14.145000 0.003377
14.160000 0.003315
14.175000 0.003253
14.190000 0.003191
14.205000 0.003129
14.220000 0.003068
14.235000 0.003006
14.250000 0.002945
14.265000 0.002884
14.280000 0.002823
14.295000 0.002762
14.310000 0.002701
14.325000 0.002640
14.340000 0.002580
14.355000 0.002519
14.370000 0.002459
14.385000 0.002399
14.400000 0.002339
14.415000 0.002279
14.430000 0.002219
14.445000 0.002160
14.460000 0.002100
14.475000 0.002041
14.490000 0.001981
14.505000 0.001922
14.520000 0.001863
14.535000 0.001804
14.550000 0.001745
14.565000 0.001686
14.580000 0.001627
14.595000 0.001568
14.610000 0.001509
14.625000 0.001451
14.640000 0.001392
14.655000 0.001334
14.670000 0.001275
14.685000 0.001217
14.700000 0.001159
14.715000 0.001100
14.730000 0.001042
14.745000 0.000984
14.760000 0.000926
14.775000 0.000868
14.790000 0.000810
14.805000 0.000752
14.820000 0.000694
14.835000 0.000636
14.850000 0.000578
14.865000 0.000520
14.880000 0.000462
14.895000 0.000405
14.910000 0.000347
14.925000 0.000289
14.940000 0.000231
14.955000 0.000174
14.970000 0.000116
14.985000 0.000058
15.000000 0.000000


0.053828

0.000000 0.000000
0.015000 0.000040
0.030000 0.000151
0.045000 0.000335
0.060000 0.000590
0.075000 0.000914
0.090000 0.001306
0.105000 0.001765
0.120000 0.002287
0.135000 0.002872
0.150000 0.003519
0.165000 0.004226
0.180000 0.004990
0.195000 0.005812
0.210000 0.006688
0.225000 0.007618
0.240000 0.008601
0.255000 0.009635
0.270000 0.010717
0.285000 0.011848
0.300000 0.013026
0.315000 0.014249
0.330000 0.015516
0.345000 0.016825
0.360000 0.018176
0.375000 0.019566
0.390000 0.020996
0.405000 0.022462
0.420000 0.023965
0.435000 0.025503
0.450000 0.027074
0.465000 0.028678
0.480000 0.030313
0.495000 0.031978
0.510000 0.033672
0.525000 0.035393
0.540000 0.037141
0.555000 0.038915
0.570000 0.040713
0.585000 0.042535
0.600000 0.044378
0.615000 0.046243
0.630000 0.048127
0.645000 0.050031
0.660000 0.051953
0.675000 0.053891
0.690000 0.055846
0.705000 0.057816
0.720000 0.059800
0.735000 0.061796
0.750000 0.063805
0.765000 0.065826
0.780000 0.067856
0.795000 0.069896
0.810000 0.071944
0.825000 0.074000
0.840000 0.076063
0.855000 0.078132
0.870000 0.080206
0.885000 0.082284
0.900000 0.084365
0.915000 0.086450
0.930000 0.088536
0.945000 0.090623
0.960000 0.092710
0.975000 0.094797
0.990000 0.096883
1.005000 0.098967
1.020000 0.101048
1.035000 0.103126
1.050000 0.105200
1.065000 0.107269
1.080000 0.109333
1.095000 0.111391
1.110000 0.113442
1.125000 0.115486
1.140000 0.117522
1.155000 0.119549
1.170000 0.121568
1.185000 0.123576
1.200000 0.125574
1.215000 0.127562
1.230000 0.129538
1.245000 0.131502
1.260000 0.133453
1.275000 0.135391
1.290000 0.137316
1.305000 0.139227
1.320000 0.141123
1.335000 0.143003
1.350000 0.144869
1.365000 0.146718
1.380000 0.148551
1.395000 0.150367
1.410000 0.152166
1.425000 0.153946
1.440000 0.155709
1.455000 0.157453
1.470000 0.159177
1.485000 0.160883
1.500000 0.162568
1.515000 0.164234
1.530000 0.165879
1.545000 0.167503
1.560000 0.169105
1.575000 0.170686
1.590000 0.172245
1.605000 0.173782
1.620000 0.175296
1.635000 0.176788
1.650000 0.178256
1.665000 0.179701
1.680000 0.181122
1.695000 0.182519
1.710000 0.183891
1.725000 0.185239
1.740000 0.186563
1.755000 0.187861
1.770000 0.189134
1.785000 0.190382
1.800000 0.191603
1.815000 0.192799
1.830000 0.193969
1.845000 0.195112
1.860000 0.196229
1.875000 0.197319
1.890000 0.198383
1.905000 0.199419
1.920000 0.200428
1.935000 0.201410
1.950000 0.202364
1.965000 0.203290
1.980000 0.204189
1.995000 0.205060
2.010000 0.205903
2.025000 0.206717
2.040000 0.207504
2.055000 0.208262
2.070000 0.208991
2.085000 0.209692
2.100000 0.210365
2.115000 0.211008
2.130000 0.211623
2.145000 0.212209
2.160000 0.212766
2.175000 0.213295
2.190000 0.213794
2.205000 0.214264
2.220000 0.214705
2.235000 0.215117
2.250000 0.215500
2.265000 0.215853
2.280000 0.216178
2.295000 0.216473
2.310000 0.216739
2.325000 0.216976
2.340000 0.217184
2.355000 0.217362
2.370000 0.217511
2.385000 0.217632
2.400000 0.217723
2.415000 0.217785
2.430000 0.217818
2.445000 0.217822
2.460000 0.217796
2.475000 0.217743
2.490000 0.217660
2.505000 0.217548
2.520000 0.217408
2.535000 0.217239
2.550000 0.217041
2.565000 0.216815
2.580000 0.216560
2.595000 0.216277
2.610000 0.215966
2.625000 0.215626
2.640000 0.215258
2.655000 0.214863
2.670000 0.214439
2.685000 0.213988
2.700000 0.213509
2.715000 0.213002
2.730000 0.212468
2.745000 0.211906
2.760000 0.211318
2.775000 0.210702
2.790000 0.210059
2.805000 0.209390
2.820000 0.208694
2.835000 0.207971
2.850000 0.207222
2.865000 0.206446
2.880000 0.205645
2.895000 0.204817
2.910000 0.203964
2.925000 0.203085
2.940000 0.202181
2.955000 0.201251
2.970000 0.200296
2.985000 0.199316
3.000000 0.198311
3.015000 0.197282
3.030000 0.196228
3.045000 0.195150
3.060000 0.194048
3.075000 0.192922
3.090000 0.191772
3.105000 0.190599
3.120000 0.189402
3.135000 0.188183
3.150000 0.186940
3.165000 0.185674
3.180000 0.184386
3.195000 0.183076
3.210000 0.181743
3.225000 0.180389
3.240000 0.179013
3.255000 0.177615
3.270000 0.176196
3.285000 0.174755
3.300000 0.173294
3.315000 0.171813
3.330000 0.170310
3.345000 0.168788
3.360000 0.167246
3.375000 0.165683
3.390000 0.164102
3.405000 0.162501
3.420000 0.160880
3.435000 0.159241
3.450000 0.157584
3.465000 0.155907
3.480000 0.154213
3.495000 0.152501
3.510000 0.150771
3.525000 0.149023
3.540000 0.147259
3.555000 0.145477
3.570000 0.143679
3.585000 0.141864
3.600000 0.140032
3.615000 0.138185
3.630000 0.136322
3.645000 0.134443
3.660000 0.132550
3.675000 0.130641
3.690000 0.128717
3.705000 0.126778
3.720000 0.124826
3.735000 0.122859
3.750000 0.120879
3.765000 0.118885
3.780000 0.116877
3.795000 0.114857
3.810000 0.112823
3.825000 0.110778
3.840000 0.108719
3.855000 0.106649
3.870000 0.104567
3.885000 0.102474
3.900000 0.100369
3.915000 0.098253
3.930000 0.096126
3.945000 0.093989
3.960000 0.091841
3.975000 0.089684
3.990000 0.087517
4.005000 0.085340
4.020000 0.083154
4.035000 0.080959
4.050000 0.078755
4.065000 0.076542
4.080000 0.074322
4.095000 0.072093
4.110000 0.069857
4.125000 0.067613
4.140000 0.065362
4.155000 0.063104
4.170000 0.060840
4.185000 0.058568
4.200000 0.056291
4.215000 0.054008
4.230000 0.051719
4.245000 0.049424
4.260000 0.047124
4.275000 0.044820
4.290000 0.042510
4.305000 0.040197
4.320000 0.037879
4.335000 0.035557
4.350000 0.033231
4.365000 0.030902
4.380000 0.028570
4.395000 0.026234
4.410000 0.023896
4.425000 0.021556
4.440000 0.019213
4.455000 0.016869
4.470000 0.014522
4.485000 0.012175
4.500000 0.009825
4.515000 0.007475
4.530000 0.005124
4.545000 0.002773
4.560000 0.000421
4.575000 -0.001930
4.590000 -0.004282
4.605000 -0.006633
4.620000 -0.008983
4.635000 -0.011333
4.650000 -0.013681
4.665000 -0.016028
4.680000 -0.018373
4.695000 -0.020717
4.710000 -0.023058
4.725000 -0.025398
4.740000 -0.027734
4.755000 -0.030068
4.770000 -0.032399
4.785000 -0.034727
4.800000 -0.037051
4.815000 -0.039372
4.830000 -0.041689
4.845000 -0.044002
4.860000 -0.046310
4.875000 -0.048614
4.890000 -0.050913
4.905000 -0.053207
4.920000 -0.055496
4.935000 -0.057780
4.950000 -0.060058
4.965000 -0.062330
4.980000 -0.064596
4.995000 -0.066856
5.010000 -0.069110
5.025000 -0.071356
5.040000 -0.073596
5.055000 -0.075829
5.070000 -0.078055
5.085000 -0.080273
5.100000 -0.082484
5.115000 -0.084687
5.130000 -0.086882
5.145000 -0.089068
5.160000 -0.091246
5.175000 -0.093416
5.190000 -0.095576
5.205000 -0.097728
5.220000 -0.099870
5.235000 -0.102003
5.250000 -0.104127
5.265000 -0.106240
5.280000 -0.108344
5.295000 -0.110438
5.310000 -0.112521
5.325000 -0.114594
5.340000 -0.116656
5.355000 -0.118708
5.370000 -0.120748
5.385000 -0.122778
5.400000 -0.124796
5.415000 -0.126802
5.430000 -0.128797
5.445000 -0.130780
5.460000 -0.132751
5.475000 -0.134710
5.490000 -0.136657
5.505000 -0.138591
5.520000 -0.140512
5.535000 -0.142421
5.550000 -0.144317
5.565000 -0.146199
5.580000 -0.148069
5.595000 -0.149925
5.610000 -0.151767
5.625000 -0.153596
5.640000 -0.155411
5.655000 -0.157212
5.670000 -0.158999
5.685000 -0.160771
5.700000 -0.162530
5.715000 -0.164274
5.730000 -0.166003
5.745000 -0.167717
5.760000 -0.169416
5.775000 -0.171101
5.790000 -0.172770
5.805000 -0.174424
5.820000 -0.176062
5.835000 -0.177685
5.850000 -0.179293
5.865000 -0.180884
5.880000 -0.182460
5.895000 -0.184019
5.910000 -0.185563
5.925000 -0.187090
5.940000 -0.188601
5.955000 -0.190096
5.970000 -0.191574
5.985000 -0.193035
6.000000 -0.194481
6.015000 -0.195923
6.030000 -0.197363
6.045000 -0.198800
6.060000 -0.200235
6.075000 -0.201668
6.090000 -0.203099
6.105000 -0.204527
6.120000 -0.205952
6.135000 -0.207375
6.150000 -0.208795
6.165000 -0.210213
6.180000 -0.211628
6.195000 -0.213041
6.210000 -0.214451
6.225000 -0.215858
6.240000 -0.217263
6.255000 -0.218664
6.270000 -0.220063
6.285000 -0.221459
6.300000 -0.222853
6.315000 -0.224243
6.330000 -0.225631
6.345000 -0.227015
6.360000 -0.228397
6.375000 -0.229776
6.390000 -0.231151
6.405000 -0.232524
6.420000 -0.233893
6.435000 -0.235260
6.450000 -0.236623
6.465000 -0.237983
6.480000 -0.239340
6.495000 -0.240694
6.510000 -0.242044
6.525000 -0.243391
6.540000 -0.244735
6.555000 -0.246075
6.570000 -0.247412
6.585000 -0.248746
6.600000 -0.250076
6.615000 -0.251403
6.630000 -0.252726
6.645000 -0.254046
6.660000 -0.255362
6.675000 -0.256674
6.690000 -0.257983
6.705000 -0.259288
6.720000 -0.260590
6.735000 -0.261888
6.750000 -0.263182
6.765000 -0.264472
6.780000 -0.265758
6.795000 -0.267041
6.810000 -0.268320
6.825000 -0.269595
6.840000 -0.270866
6.855000 -0.272133
6.870000 -0.273396
6.885000 -0.274655
6.900000 -0.275910
6.915000 -0.277161
6.930000 -0.278407
6.945000 -0.279650
6.960000 -0.280888
6.975000 -0.282123
6.990000 -0.283353
7.005000 -0.284579
7.020000 -0.285800
7.035000 -0.287017
7.050000 -0.288230
7.065000 -0.289439
7.080000 -0.290643
7.095000 -0.291842
7.110000 -0.293038
7.125000 -0.294228
7.140000 -0.295415
7.155000 -0.296596
7.170000 -0.297773
7.185000 -0.298946
7.200000 -0.300114
7.215000 -0.301277
7.230000 -0.302435
7.245000 -0.303589
7.260000 -0.304738
7.275000 -0.305882
7.290000 -0.307022
7.305000 -0.308156
7.320000 -0.309286
7.335000 -0.310411
7.350000 -0.311531
7.365000 -0.312645
7.380000 -0.313755
7.395000 -0.314860
7.410000 -0.315960
7.425000 -0.317055
7.440000 -0.318145
7.455000 -0.319230
7.470000 -0.320309
7.485000 -0.321383
7.500000 -0.322452
7.515000 -0.323516
7.530000 -0.324575
7.545000 -0.325628
7.560000 -0.326676
7.575000 -0.327719
7.590000 -0.328756
7.605000 -0.329788
7.620000 -0.330815
7.635000 -0.331836
7.650000 -0.332851
7.665000 -0.333861
7.680000 -0.334866
7.695000 -0.335865
7.710000 -0.336858
7.725000 -0.337846
7.740000 -0.338828
7.755000 -0.339805
7.770000 -0.340776
7.785000 -0.341741
7.800000 -0.342700
7.815000 -0.343654
7.830000 -0.344601
7.845000 -0.345543
7.860000 -0.346479
7.875000 -0.347410
7.890000 -0.348334
7.905000 -0.349252
7.920000 -0.350165
7.935000 -0.351071
7.950000 -0.351972
7.965000 -0.352867
7.980000 -0.353755
7.995000 -0.354637
8.010000 -0.355514
8.025000 -0.356384
8.040000 -0.357248
8.055000 -0.358106
8.070000 -0.358957
8.085000 -0.359803
8.100000 -0.360642
8.115000 -0.361475
8.130000 -0.362302
8.145000 -0.363122
8.160000 -0.363936
8.175000 -0.364744
8.190000 -0.365545
8.205000 -0.366340
8.220000 -0.367129
8.235000 -0.367911
8.250000 -0.368686
8.265000 -0.369455
8.280000 -0.370218
8.295000 -0.370974
8.310000 -0.371723
8.325000 -0.372466
8.340000 -0.373202
8.355000 -0.373932
8.370000 -0.374655
8.385000 -0.375371
8.400000 -0.376081
8.415000 -0.376784
8.430000 -0.377480
8.445000 -0.378170
8.460000 -0.378852
8.475000 -0.379528
8.490000 -0.380197
8.505000 -0.380860
8.520000 -0.381515
8.535000 -0.382163
8.550000 -0.382805
8.565000 -0.383440
8.580000 -0.384067
8.595000 -0.384688
8.610000 -0.385302
8.625000 -0.385909
8.640000 -0.386509
8.655000 -0.387101
8.670000 -0.387687
8.685000 -0.388266
8.700000 -0.388837
8.715000 -0.389402
8.730000 -0.389959
8.745000 -0.390509
8.760000 -0.391052
8.775000 -0.391588
8.790000 -0.392117
8.805000 -0.392638
8.820000 -0.393152
8.835000 -0.393659
8.850000 -0.394159
8.865000 -0.394652
8.880000 -0.395137
8.895000 -0.395614
8.910000 -0.396085
8.925000 -0.396548
8.940000 -0.397004
8.955000 -0.397452
8.970000 -0.397893
8.985000 -0.398327
9.000000 -0.398753
9.015000 -0.399171
9.030000 -0.399583
9.045000 -0.399986
9.060000 -0.400383
9.075000 -0.400771
9.090000 -0.401153
9.105000 -0.401526
9.120000 -0.401892
9.135000 -0.402251
9.150000 -0.402602
9.165000 -0.402946
9.180000 -0.403281
9.195000 -0.403610
9.210000 -0.403930
9.225000 -0.404243
9.240000 -0.404548
9.255000 -0.404846
9.270000 -0.405136
9.285000 -0.405418
9.300000 -0.405693
9.315000 -0.405960
9.330000 -0.406219
9.345000 -0.406470
9.360000 -0.406714
9.375000 -0.406950
9.390000 -0.407178
9.405000 -0.407398
9.420000 -0.407610
9.435000 -0.407815
9.450000 -0.408012
9.465000 -0.408201
9.480000 -0.408382
9.495000 -0.408556
9.510000 -0.408721
9.525000 -0.408879
9.540000 -0.409029
9.555000 -0.409170
9.570000 -0.409304
9.585000 -0.409430
9.600000 -0.409549
9.615000 -0.409659
9.630000 -0.409761
9.645000 -0.409856
9.660000 -0.409942
9.675000 -0.410021
9.690000 -0.410091
9.705000 -0.410154
9.720000 -0.410208
9.735000 -0.410255
9.750000 -0.410293
9.765000 -0.410324
9.780000 -0.410347
9.795000 -0.410361
9.810000 -0.410368
9.825000 -0.410366
9.840000 -0.410357
9.855000 -0.410339
9.870000 -0.410314
9.885000 -0.410280
9.900000 -0.410239
9.915000 -0.410189
9.930000 -0.410131
9.945000 -0.410065
9.960000 -0.409992
9.975000 -0.409910
9.990000 -0.409820
10.005000 -0.409722
10.020000 -0.409615
10.035000 -0.409501
10.050000 -0.409379
10.065000 -0.409248
10.080000 -0.409110
10.095000 -0.408963
10.110000 -0.408808
10.125000 -0.408646
10.140000 -0.408475
10.155000 -0.408296
10.170000 -0.408108
10.185000 -0.407913
10.200000 -0.407710
10.215000 -0.407498
10.230000 -0.407279
10.245000 -0.407051
10.260000 -0.406815
10.275000 -0.406571
10.290000 -0.406319
10.305000 -0.406059
10.320000 -0.405791
10.335000 -0.405514
10.350000 -0.405230
10.365000 -0.404937
10.380000 -0.404636
10.395000 -0.404327
10.410000 -0.404010
10.425000 -0.403685
10.440000 -0.403352
10.455000 -0.403011
10.470000 -0.402661
10.485000 -0.402304
10.500000 -0.401938
10.515000 -0.401565
10.530000 -0.401183
10.545000 -0.400793
10.560000 -0.400395
10.575000 -0.399989
10.590000 -0.399575
10.605000 -0.399153
10.620000 -0.398722
10.635000 -0.398284
10.650000 -0.397838
10.665000 -0.397383
10.680000 -0.396921
10.695000 -0.396450
10.710000 -0.395971
10.725000 -0.395485
10.740000 -0.394990
10.755000 -0.394487
10.770000 -0.393977
10.785000 -0.393458
10.800000 -0.392931
10.815000 -0.392397
10.830000 -0.391854
10.845000 -0.391303
10.860000 -0.390744
10.875000 -0.390178
10.890000 -0.389603
10.905000 -0.389020
10.920000 -0.388430
10.935000 -0.387831
10.950000 -0.387225
10.965000 -0.386610
10.980000 -0.385988
10.995000 -0.385358
11.010000 -0.384720
11.025000 -0.384074
11.040000 -0.383420
11.055000 -0.382758
11.070000 -0.382089
11.085000 -0.381411
11.100000 -0.380726
11.115000 -0.380033
11.130000 -0.379332
11.145000 -0.378623
11.160000 -0.377907
11.175000 -0.377182
11.190000 -0.376450
11.205000 -0.375710
11.220000 -0.374963
11.235000 -0.374207
11.250000 -0.373444
11.265000 -0.372673
11.280000 -0.371895
11.295000 -0.371109
11.310000 -0.370315
11.325000 -0.369513
11.340000 -0.368704
11.355000 -0.367887
11.370000 -0.367062
11.385000 -0.366230
11.400000 -0.365391
11.415000 -0.364543
11.430000 -0.363688
11.445000 -0.362826
11.460000 -0.361956
11.475000 -0.361079
11.490000 -0.360194
11.505000 -0.359301
11.520000 -0.358401
11.535000 -0.357494
11.550000 -0.356579
11.565000 -0.355656
11.580000 -0.354727
11.595000 -0.353789
11.610000 -0.352845
11.625000 -0.351893
11.640000 -0.350934
11.655000 -0.349967
11.670000 -0.348993
11.685000 -0.348012
11.700000 -0.347023
11.715000 -0.346028
11.730000 -0.345025
11.745000 -0.344014
11.760000 -0.342997
11.775000 -0.341972
11.790000 -0.340940
11.805000 -0.339901
11.820000 -0.338855
11.835000 -0.337802
11.850000 -0.336742
11.865000 -0.335674
11.880000 -0.334600
11.895000 -0.333518
11.910000 -0.332430
11.925000 -0.331334
11.940000 -0.330232
11.955000 -0.329122
11.970000 -0.328006
11.985000 -0.326883
12.000000 -0.325753
12.015000 -0.324616
12.030000 -0.323472
12.045000 -0.322321
12.060000 -0.321163
12.075000 -0.319999
12.090000 -0.318828
12.105000 -0.317650
12.120000 -0.316465
12.135000 -0.315274
12.150000 -0.314076
12.165000 -0.312872
12.180000 -0.311660
12.195000 -0.310443
12.210000 -0.309218
12.225000 -0.307987
12.240000 -0.306750
12.255000 -0.305506
12.270000 -0.304255
12.285000 -0.302998
12.300000 -0.301735
12.315000 -0.300465
12.330000 -0.299189
12.345000 -0.297907
12.360000 -0.296618
12.375000 -0.295322
12.390000 -0.294021
12.405000 -0.292713
12.420000 -0.291399
12.435000 -0.290079
12.450000 -0.288753
12.465000 -0.287420
12.480000 -0.286082
12.495000 -0.284737
12.510000 -0.283386
12.525000 -0.282029
12.540000 -0.280666
12.555000 -0.279297
12.570000 -0.277923
12.585000 -0.276542
12.600000 -0.275155
12.615000 -0.273763
12.630000 -0.272364
12.645000 -0.270960
12.660000 -0.269550
12.675000 -0.268134
12.690000 -0.266712
12.705000 -0.265285
12.720000 -0.263852
12.735000 -0.262413
12.750000 -0.260969
12.765000 -0.259519
12.780000 -0.258064
12.795000 -0.256603
12.810000 -0.255136
12.825000 -0.253664
12.840000 -0.252187
12.855000 -0.250704
12.870000 -0.249216
12.885000 -0.247722
12.900000 -0.246223
12.915000 -0.244719
12.930000 -0.243209
12.945000 -0.241695
12.960000 -0.240175
12.975000 -0.238650
12.990000 -0.237119
13.005000 -0.235584
13.020000 -0.234044
13.035000 -0.232498
13.050000 -0.230948
13.065000 -0.229392
13.080000 -0.227832
13.095000 -0.226266
13.110000 -0.224696
13.125000 -0.223121
13.140000 -0.221541
13.155000 -0.219956
13.170000 -0.218367
13.185000 -0.216773
13.200000 -0.215174
13.215000 -0.213570
13.230000 -0.211962
13.245000 -0.210349
13.260000 -0.208732
13.275000 -0.207110
13.290000 -0.205484
13.305000 -0.203853
13.320000 -0.202218
13.335000 -0.200578
13.350000 -0.198934
13.365000 -0.197286
13.380000 -0.195633
13.395000 -0.193977
13.410000 -0.192316
13.425000 -0.190651
13.440000 -0.188981
13.455000 -0.187308
13.470000 -0.185630
13.485000 -0.183949
13.500000 -0.182263
13.515000 -0.180574
13.530000 -0.178880
13.545000 -0.177183
13.560000 -0.175482
13.575000 -0.173777
13.590000 -0.172068
13.605000 -0.170356
13.620000 -0.168639
13.635000 -0.166919
13.650000 -0.165196
13.665000 -0.163469
13.680000 -0.161738
13.695000 -0.160004
13.710000 -0.158266
13.725000 -0.156525
13.740000 -0.154780
13.755000 -0.153032
13.770000 -0.151281
13.785000 -0.149526
13.800000 -0.147768
13.815000 -0.146007
13.830000 -0.144243
13.845000 -0.142475
13.860000 -0.140705
13.875000 -0.138931
13.890000 -0.137154
13.905000 -0.135375
13.920000 -0.133592
13.935000 -0.131806
13.950000 -0.130018
13.965000 -0.128227
13.980000 -0.126432
13.995000 -0.124635
14.010000 -0.122836
14.025000 -0.121033
14.040000 -0.119228
14.055000 -0.117421
14.070000 -0.115611
14.085000 -0.113798
14.100000 -0.111983
14.115000 -0.110165
14.130000 -0.108345
14.145000 -0.106522
14.160000 -0.104697
14.175000 -0.102870
14.190000 -0.101041
14.205000 -0.099209
14.220000 -0.097375
14.235000 -0.095540
14.250000 -0.093701
14.265000 -0.091861
14.280000 -0.090019
14.295000 -0.088175
14.310000 -0.086329
14.325000 -0.084481
14.340000 -0.082631
14.355000 -0.080780
14.370000 -0.078926
14.385000 -0.077071
14.400000 -0.075214
14.415000 -0.073356
14.430000 -0.071496
14.445000 -0.069634
14.460000 -0.067771
14.475000 -0.065906
14.490000 -0.064040
14.505000 -0.062172
14.520000 -0.060303
14.535000 -0.058433
14.550000 -0.056561
14.565000 -0.054688
14.580000 -0.052814
14.595000 -0.050939
14.610000 -0.049063
14.625000 -0.047185
14.640000 -0.045307
14.655000 -0.043427
14.670000 -0.041547
14.685000 -0.039665
14.700000 -0.037783
14.715000 -0.035900
14.730000 -0.034016
14.745000 -0.032131
14.760000 -0.030246
14.775000 -0.028360
14.790000 -0.026473
14.805000 -0.024586
14.820000 -0.022698
14.835000 -0.020810
14.850000 -0.018921
14.865000 -0.017032
14.880000 -0.015143
14.895000 -0.013253
14.910000 -0.011363
14.925000 -0.009472
14.940000 -0.007582
14.955000 -0.005691
14.970000 -0.003800
14.985000 -0.001909
15.000000 -0.000018


0.149243

0.000000 0.000000
0.015000 0.000074
0.030000 0.000282
0.045000 0.000628
0.060000 0.001106
0.075000 0.001715
0.090000 0.002450
0.105000 0.003310
0.120000 0.004289
0.135000 0.005387
0.150000 0.006599
0.165000 0.007923
0.180000 0.009355
0.195000 0.010894
0.210000 0.012536
0.225000 0.014278
0.240000 0.016117
0.255000 0.018051
0.270000 0.020077
0.285000 0.022192
0.300000 0.024393
0.315000 0.026678
0.330000 0.029044
0.345000 0.031489
0.360000 0.034009
0.375000 0.036603
0.390000 0.039267
0.405000 0.042000
0.420000 0.044799
0.435000 0.047660
0.450000 0.050583
0.465000 0.053564
0.480000 0.056601
0.495000 0.059692
0.510000 0.062834
0.525000 0.066025
0.540000 0.069263
0.555000 0.072545
0.570000 0.075870
0.585000 0.079235
0.600000 0.082638
0.615000 0.086076
0.630000 0.089548
0.645000 0.093052
0.660000 0.096585
0.675000 0.100146
0.690000 0.103732
0.705000 0.107342
0.720000 0.110973
0.735000 0.114623
0.750000 0.118291
0.765000 0.121975
0.780000 0.125673
0.795000 0.129382
0.810000 0.133102
0.825000 0.136830
0.840000 0.140565
0.855000 0.144305
0.870000 0.148048
0.885000 0.151793
0.900000 0.155537
0.915000 0.159280
0.930000 0.163019
0.945000 0.166753
0.960000 0.170481
0.975000 0.174200
0.990000 0.177910
1.005000 0.181608
1.020000 0.185294
1.035000 0.188967
1.050000 0.192623
1.065000 0.196263
1.080000 0.199884
1.095000 0.203486
1.110000 0.207067
1.125000 0.210626
1.140000 0.214161
1.155000 0.217671
1.170000 0.221156
1.185000 0.224613
1.200000 0.228042
1.215000 0.231441
1.230000 0.234810
1.245000 0.238147
1.260000 0.241450
1.275000 0.244720
1.290000 0.247955
1.305000 0.251154
1.320000 0.254315
1.335000 0.257438
1.350000 0.260523
1.365000 0.263567
1.380000 0.266571
1.395000 0.269532
1.410000 0.272451
1.425000 0.275326
1.440000 0.278157
1.455000 0.280943
1.470000 0.283683
1.485000 0.286375
1.500000 0.289021
1.515000 0.291617
1.530000 0.294165
1.545000 0.296663
1.560000 0.299111
1.575000 0.301508
1.590000 0.303853
1.605000 0.306146
1.620000 0.308385
1.635000 0.310572
1.650000 0.312704
1.665000 0.314781
1.680000 0.316804
1.695000 0.318771
1.710000 0.320682
1.725000 0.322536
1.740000 0.324333
1.755000 0.326073
1.770000 0.327754
1.785000 0.329378
1.800000 0.330943
1.815000 0.332449
1.830000 0.333896
1.845000 0.335283
1.860000 0.336610
1.875000 0.337876
1.890000 0.339082
1.905000 0.340228
1.920000 0.341312
1.935000 0.342335
1.950000 0.343297
1.965000 0.344197
1.980000 0.345035
1.995000 0.345811
2.010000 0.346526
2.025000 0.347177
2.040000 0.347767
2.055000 0.348294
2.070000 0.348758
2.085000 0.349160
2.100000 0.349499
2.115000 0.349776
2.130000 0.349990
2.145000 0.350141
2.160000 0.350229
2.175000 0.350254
2.190000 0.350217
2.205000 0.350118
2.220000 0.349955
2.235000 0.349731
2.250000 0.349444
2.265000 0.349094
2.280000 0.348683
2.295000 0.348209
2.310000 0.347673
2.325000 0.347076
2.340000 0.346417
2.355000 0.345697
2.370000 0.344915
2.385000 0.344073
2.400000 0.343169
2.415000 0.342205
2.430000 0.341181
2.445000 0.340096
2.460000 0.338952
2.475000 0.337748
2.490000 0.336485
2.505000 0.335163
2.520000 0.333783
2.535000 0.332343
2.550000 0.330846
2.565000 0.329291
2.580000 0.327679
2.595000 0.326010
2.610000 0.324284
2.625000 0.322502
2.640000 0.320664
2.655000 0.318770
2.670000 0.316822
2.685000 0.314819
2.700000 0.312761
2.715000 0.310650
2.730000 0.308485
2.745000 0.306267
2.760000 0.303997
2.775000 0.301675
2.790000 0.299301
2.805000 0.296876
2.820000 0.294401
2.835000 0.291875
2.850000 0.289300
2.865000 0.286676
2.880000 0.284004
2.895000 0.281283
2.910000 0.278515
2.925000 0.275699
2.940000 0.272838
2.955000 0.269930
2.970000 0.266977
2.985000 0.263980
3.000000 0.260938
3.015000 0.257852
3.030000 0.254724
3.045000 0.251553
3.060000 0.248340
3.075000 0.245086
3.090000 0.241791
3.105000 0.238457
3.120000 0.235082
3.135000 0.231669
3.150000 0.228218
3.165000 0.224729
3.180000 0.221203
3.195000 0.217641
3.210000 0.214044
3.225000 0.210411
3.240000 0.206744
3.255000 0.203043
3.270000 0.199309
3.285000 0.195542
3.300000 0.191744
3.315000 0.187915
3.330000 0.184055
3.345000 0.180165
3.360000 0.176247
3.375000 0.172300
3.390000 0.168325
3.405000 0.164323
3.420000 0.160295
3.435000 0.156241
3.450000 0.152162
3.465000 0.148059
3.480000 0.143932
3.495000 0.139783
3.510000 0.135611
3.525000 0.131417
3.540000 0.127203
3.555000 0.122968
3.570000 0.118715
3.585000 0.114442
3.600000 0.110151
3.615000 0.105843
3.630000 0.101518
3.645000 0.097178
3.660000 0.092822
3.675000 0.088451
3.690000 0.084067
3.705000 0.079670
3.720000 0.075260
3.735000 0.070839
3.750000 0.066406
3.765000 0.061963
3.780000 0.057511
3.795000 0.053050
3.810000 0.048580
3.825000 0.044103
3.840000 0.039619
3.855000 0.035130
3.870000 0.030634
3.885000 0.026134
3.900000 0.021630
3.915000 0.017123
3.930000 0.012613
3.945000 0.008101
3.960000 0.003588
3.975000 -0.000925
3.990000 -0.005439
4.005000 -0.009951
4.020000 -0.014462
4.035000 -0.018971
4.050000 -0.023477
4.065000 -0.027980
4.080000 -0.032478
4.095000 -0.036972
4.110000 -0.041460
4.125000 -0.045941
4.140000 -0.050416
4.155000 -0.054883
4.170000 -0.059342
4.185000 -0.063792
4.200000 -0.068233
4.215000 -0.072664
4.230000 -0.077083
4.245000 -0.081492
4.260000 -0.085888
4.275000 -0.090271
4.290000 -0.094641
4.305000 -0.098998
4.320000 -0.103339
4.335000 -0.107666
4.350000 -0.111976
4.365000 -0.116270
4.380000 -0.120547
4.395000 -0.124807
4.410000 -0.129048
4.425000 -0.133270
4.440000 -0.137473
4.455000 -0.141656
4.470000 -0.145818
4.485000 -0.149959
4.500000 -0.154078
4.515000 -0.158175
4.530000 -0.162249
4.545000 -0.166300
4.560000 -0.170327
4.575000 -0.174329
4.590000 -0.178306
4.605000 -0.182257
4.620000 -0.186182
4.635000 -0.190080
4.650000 -0.193951
4.665000 -0.197795
4.680000 -0.201610
4.695000 -0.205396
4.710000 -0.209153
4.725000 -0.212881
4.740000 -0.216578
4.755000 -0.220244
4.770000 -0.223879
4.785000 -0.227482
4.800000 -0.231053
4.815000 -0.234591
4.830000 -0.238097
4.845000 -0.241568
4.860000 -0.245006
4.875000 -0.248409
4.890000 -0.251777
4.905000 -0.255110
4.920000 -0.258407
4.935000 -0.261668
4.950000 -0.264893
4.965000 -0.268080
4.980000 -0.271230
4.995000 -0.274342
5.010000 -0.277416
5.025000 -0.280451
5.040000 -0.283448
5.055000 -0.286405
5.070000 -0.289322
5.085000 -0.292200
5.100000 -0.295037
5.115000 -0.297833
5.130000 -0.300588
5.145000 -0.303302
5.160000 -0.305974
5.175000 -0.308604
5.190000 -0.311191
5.205000 -0.313736
5.220000 -0.316238
5.235000 -0.318697
5.250000 -0.321112
5.265000 -0.323483
5.280000 -0.325810
5.295000 -0.328093
5.310000 -0.330331
5.325000 -0.332524
5.340000 -0.334672
5.355000 -0.336774
5.370000 -0.338831
5.385000 -0.340842
5.400000 -0.342807
5.415000 -0.344726
5.430000 -0.346598
5.445000 -0.348424
5.460000 -0.350202
5.475000 -0.351934
5.490000 -0.353618
5.505000 -0.355255
5.520000 -0.356844
5.535000 -0.358385
5.550000 -0.359879
5.565000 -0.361324
5.580000 -0.362721
5.595000 -0.364070
5.610000 -0.365370
5.625000 -0.366622
5.640000 -0.367824
5.655000 -0.368978
5.670000 -0.370083
5.685000 -0.371140
5.700000 -0.372146
5.715000 -0.373104
5.730000 -0.374012
5.745000 -0.374871
5.760000 -0.375681
5.775000 -0.376441
5.790000 -0.377152
5.805000 -0.377813
5.820000 -0.378424
5.835000 -0.378986
5.850000 -0.379498
5.865000 -0.379960
5.880000 -0.380373
5.895000 -0.380736
5.910000 -0.381049
5.925000 -0.381312
5.940000 -0.381526
5.955000 -0.381691
5.970000 -0.381805
5.985000 -0.381870
6.000000 -0.381888
6.015000 -0.381882
6.030000 -0.381856
6.045000 -0.381809
6.060000 -0.381741
6.075000 -0.381651
6.090000 -0.381541
6.105000 -0.381410
6.120000 -0.381258
6.135000 -0.381085
6.150000 -0.380891
6.165000 -0.380675
6.180000 -0.380439
6.195000 -0.380182
6.210000 -0.379903
6.225000 -0.379604
6.240000 -0.379283
6.255000 -0.378941
6.270000 -0.378578
6.285000 -0.378194
6.300000 -0.377789
6.315000 -0.377363
6.330000 -0.376916
6.345000 -0.376448
6.360000 -0.375959
6.375000 -0.375448
6.390000 -0.374917
6.405000 -0.374364
6.420000 -0.373791
6.435000 -0.373196
6.450000 -0.372581
6.465000 -0.371944
6.480000 -0.371287
6.495000 -0.370608
6.510000 -0.369909
6.525000 -0.369188
6.540000 -0.368447
6.555000 -0.367685
6.570000 -0.366902
6.585000 -0.366098
6.600000 -0.365274
6.615000 -0.364428
6.630000 -0.363562
6.645000 -0.362676
6.660000 -0.361768
6.675000 -0.360840
6.690000 -0.359892
6.705000 -0.358923
6.720000 -0.357933
6.735000 -0.356923
6.750000 -0.355892
6.765000 -0.354841
6.780000 -0.353770
6.795000 -0.352678
6.810000 -0.351566
6.825000 -0.350434
6.840000 -0.349282
6.855000 -0.348110
6.870000 -0.346918
6.885000 -0.345705
6.900000 -0.344473
6.915000 -0.343221
6.930000 -0.341949
6.945000 -0.340657
6.960000 -0.339346
6.975000 -0.338015
6.990000 -0.336664
7.005000 -0.335294
7.020000 -0.333904
7.035000 -0.332495
7.050000 -0.331067
7.065000 -0.329620
7.080000 -0.328153
7.095000 -0.326667
7.110000 -0.325163
7.125000 -0.323639
7.140000 -0.322096
7.155000 -0.320535
7.170000 -0.318955
7.185000 -0.317356
7.200000 -0.315739
7.215000 -0.314103
7.230000 -0.312449
7.245000 -0.310777
7.260000 -0.309086
7.275000 -0.307377
7.290000 -0.305650
7.305000 -0.303906
7.320000 -0.302143
7.335000 -0.300363
7.350000 -0.298565
7.365000 -0.296749
7.380000 -0.294916
7.395000 -0.293066
7.410000 -0.291199
7.425000 -0.289314
7.440000 -0.287412
7.455000 -0.285493
7.470000 -0.283557
7.485000 -0.281605
7.500000 -0.279636
7.515000 -0.277650
7.530000 -0.275648
7.545000 -0.273630
7.560000 -0.271595
7.575000 -0.269544
7.590000 -0.267478
7.605000 -0.265395
7.620000 -0.263297
7.635000 -0.261183
7.650000 -0.259053
7.665000 -0.256908
7.680000 -0.254748
7.695000 -0.252573
7.710000 -0.250382
7.725000 -0.248177
7.740000 -0.245957
7.755000 -0.243722
7.770000 -0.241473
7.785000 -0.239209
7.800000 -0.236931
7.815000 -0.234639
7.830000 -0.232333
7.845000 -0.230012
7.860000 -0.227679
7.875000 -0.225331
7.890000 -0.222970
7.905000 -0.220596
7.920000 -0.218208
7.935000 -0.215807
7.950000 -0.213394
7.965000 -0.210967
7.980000 -0.208528
7.995000 -0.206076
8.010000 -0.203612
8.025000 -0.201136
8.040000 -0.198648
8.055000 -0.196147
8.070000 -0.193635
8.085000 -0.191111
8.100000 -0.188576
8.115000 -0.186029
8.130000 -0.183471
8.145000 -0.180902
8.160000 -0.178322
8.175000 -0.175731
8.190000 -0.173130
8.205000 -0.170518
8.220000 -0.167896
8.235000 -0.165264
8.250000 -0.162622
8.265000 -0.159969
8.280000 -0.157308
8.295000 -0.154636
8.310000 -0.151956
8.325000 -0.149266
8.340000 -0.146567
8.355000 -0.143859
8.370000 -0.141142
8.385000 -0.138417
8.400000 -0.135683
8.415000 -0.132942
8.430000 -0.130192
8.445000 -0.127434
8.460000 -0.124668
8.475000 -0.121895
8.490000 -0.119114
8.505000 -0.116326
8.520000 -0.113531
8.535000 -0.110730
8.550000 -0.107921
8.565000 -0.105106
8.580000 -0.102284
8.595000 -0.099456
8.610000 -0.096622
8.625000 -0.093782
8.640000 -0.090937
8.655000 -0.088086
8.670000 -0.085229
8.685000 -0.082367
8.700000 -0.079501
8.715000 -0.076629
8.730000 -0.073753
8.745000 -0.070872
8.760000 -0.067987
8.775000 -0.065097
8.790000 -0.062204
8.805000 -0.059307
8.820000 -0.056406
8.835000 -0.053502
8.850000 -0.050594
8.865000 -0.047683
8.880000 -0.044770
8.895000 -0.041853
8.910000 -0.038934
8.925000 -0.036013
8.940000 -0.033090
8.955000 -0.030164
8.970000 -0.027237
8.985000 -0.024308
9.000000 -0.021377
9.015000 -0.018445
9.030000 -0.015512
9.045000 -0.012578
9.060000 -0.009643
9.075000 -0.006708
9.090000 -0.003772
9.105000 -0.000836
9.120000 0.002100
9.135000 0.005036
9.150000 0.007972
9.165000 0.010907
9.180000 0.013841
9.195000 0.016775
9.210000 0.019707
9.225000 0.022639
9.240000 0.025569
9.255000 0.028497
9.270000 0.031424
9.285000 0.034348
9.300000 0.037271
9.315000 0.040191
9.330000 0.043109
9.345000 0.046024
9.360000 0.048936
9.375000 0.051845
9.390000 0.054751
9.405000 0.057654
9.420000 0.060553
9.435000 0.063448
9.450000 0.066339
9.465000 0.069227
9.480000 0.072109
9.495000 0.074988
9.510000 0.077862
9.525000 0.080730
9.540000 0.083594
9.555000 0.086453
9.570000 0.089306
9.585000 0.092154
9.600000 0.094996
9.615000 0.097832
9.630000 0.100662
9.645000 0.103486
9.660000 0.106303
9.675000 0.109113
9.690000 0.111917
9.705000 0.114714
9.720000 0.117504
9.735000 0.120286
9.750000 0.123061
9.765000 0.125828
9.780000 0.128587
9.795000 0.131339
9.810000 0.134082
9.825000 0.136816
9.840000 0.139543
9.855000 0.142260
9.870000 0.144969
9.885000 0.147668
9.900000 0.150358
9.915000 0.153039
9.930000 0.155710
9.945000 0.158372
9.960000 0.161023
9.975000 0.163665
9.990000 0.166296
10.005000 0.168917
10.020000 0.171527
10.035000 0.174127
10.050000 0.176715
10.065000 0.179293
10.080000 0.181859
10.095000 0.184414
10.110000 0.186957
10.125000 0.189488
10.140000 0.192008
10.155000 0.194516
10.170000 0.197011
10.185000 0.199494
10.200000 0.201964
10.215000 0.204422
10.230000 0.206867
10.245000 0.209299
10.260000 0.211718
10.275000 0.214123
10.290000 0.216515
10.305000 0.218894
10.320000 0.221258
10.335000 0.223609
10.350000 0.225945
10.365000 0.228268
10.380000 0.230576
10.395000 0.232869
10.410000 0.235148
10.425000 0.237412
10.440000 0.239661
10.455000 0.241895
10.470000 0.244114
10.485000 0.246317
10.500000 0.248505
10.515000 0.250677
10.530000 0.252833
10.545000 0.254973
10.560000 0.257097
10.575000 0.259205
10.590000 0.261297
10.605000 0.263372
10.620000 0.265430
10.635000 0.267472
10.650000 0.269497
10.665000 0.271505
10.680000 0.273495
10.695000 0.275469
10.710000 0.277425
10.725000 0.279363
10.740000 0.281284
10.755000 0.283186
10.770000 0.285071
10.785000 0.286938
10.800000 0.288787
10.815000 0.290618
10.830000 0.292430
10.845000 0.294223
10.860000 0.295998
10.875000 0.297755
10.890000 0.299492
10.905000 0.301210
10.920000 0.302910
10.935000 0.304590
10.950000 0.306250
10.965000 0.307892
10.980000 0.309514
10.995000 0.311116
11.010000 0.312698
11.025000 0.314261
11.040000 0.315803
11.055000 0.317326
11.070000 0.318829
11.085000 0.320311
11.100000 0.321773
11.115000 0.323214
11.130000 0.324635
11.145000 0.326035
11.160000 0.327415
11.175000 0.328774
11.190000 0.330112
11.205000 0.331429
11.220000 0.332724
11.235000 0.333999
11.250000 0.335253
11.265000 0.336485
11.280000 0.337695
11.295000 0.338885
11.310000 0.340052
11.325000 0.341198
11.340000 0.342323
11.355000 0.343425
11.370000 0.344506
11.385000 0.345565
11.400000 0.346601
11.415000 0.347616
11.430000 0.348608
11.445000 0.349579
11.460000 0.350527
11.475000 0.351452
11.490000 0.352356
11.505000 0.353236
11.520000 0.354095
11.535000 0.354930
11.550000 0.355743
11.565000 0.356534
11.580000 0.357301
11.595000 0.358046
11.610000 0.358768
11.625000 0.359467
11.640000 0.360143
11.655000 0.360797
11.670000 0.361427
11.685000 0.362034
11.700000 0.362618
11.715000 0.363178
11.730000 0.363716
11.745000 0.364230
11.760000 0.364721
11.775000 0.365189
11.790000 0.365633
11.805000 0.366054
11.820000 0.366452
11.835000 0.366826
11.850000 0.367177
11.865000 0.367504
11.880000 0.367808
11.895000 0.368088
11.910000 0.368345
11.925000 0.368578
11.940000 0.368787
11.955000 0.368973
11.970000 0.369136
11.985000 0.369274
12.000000 0.369389
12.015000 0.369481
12.030000 0.369548
12.045000 0.369592
12.060000 0.369613
12.075000 0.369609
12.090000 0.369582
12.105000 0.369532
12.120000 0.369457
12.135000 0.369359
12.150000 0.369237
12.165000 0.369092
12.180000 0.368923
12.195000 0.368730
12.210000 0.368514
12.225000 0.368274
12.240000 0.368010
12.255000 0.367723
12.270000 0.367412
12.285000 0.367078
12.300000 0.366720
12.315000 0.366338
12.330000 0.365933
12.345000 0.365505
12.360000 0.365053
12.375000 0.364577
12.390000 0.364078
12.405000 0.363556
12.420000 0.363011
12.435000 0.362442
12.450000 0.361849
12.465000 0.361234
12.480000 0.360595
12.495000 0.359934
12.510000 0.359249
12.525000 0.358541
12.540000 0.357809
12.555000 0.357055
12.570000 0.356278
12.585000 0.355478
12.600000 0.354655
12.615000 0.353810
12.630000 0.352941
12.645000 0.352050
12.660000 0.351136
12.675000 0.350200
12.690000 0.349241
12.705000 0.348260
12.720000 0.347256
12.735000 0.346230
12.750000 0.345181
12.765000 0.344110
12.780000 0.343018
12.795000 0.341903
12.810000 0.340766
12.825000 0.339607
12.840000 0.338426
12.855000 0.337223
12.870000 0.335999
12.885000 0.334753
12.900000 0.333486
12.915000 0.332196
12.930000 0.330886
12.945000 0.329554
12.960000 0.328201
12.975000 0.326827
12.990000 0.325432
13.005000 0.324015
13.020000 0.322578
13.035000 0.321120
13.050000 0.319642
13.065000 0.318142
13.080000 0.316622
13.095000 0.315082
13.110000 0.313522
13.125000 0.311941
13.140000 0.310340
13.155000 0.308719
13.170000 0.307078
13.185000 0.305417
13.200000 0.303737
13.215000 0.302036
13.230000 0.300317
13.245000 0.298578
13.260000 0.296820
13.275000 0.295042
13.290000 0.293246
13.305000 0.291430
13.320000 0.289596
13.335000 0.287743
13.350000 0.285871
13.365000 0.283981
13.380000 0.282073
13.395000 0.280146
13.410000 0.278201
13.425000 0.276238
13.440000 0.274258
13.455000 0.272259
13.470000 0.270243
13.485000 0.268210
13.500000 0.266159
13.515000 0.264091
13.530000 0.262006
13.545000 0.259904
13.560000 0.257785
13.575000 0.255649
13.590000 0.253497
13.605000 0.251329
13.620000 0.249144
13.635000 0.246943
13.650000 0.244726
13.665000 0.242493
13.680000 0.240245
13.695000 0.237981
13.710000 0.235701
13.725000 0.233407
13.740000 0.231097
13.755000 0.228772
13.770000 0.226433
13.785000 0.224078
13.800000 0.221709
13.815000 0.219326
13.830000 0.216929
13.845000 0.214518
13.860000 0.212092
13.875000 0.209653
13.890000 0.207201
13.905000 0.204734
13.920000 0.202255
13.935000 0.199763
13.950000 0.197257
13.965000 0.194739
13.980000 0.192208
13.995000 0.189665
14.010000 0.187109
14.025000 0.184541
14.040000 0.181962
14.055000 0.179370
14.070000 0.176767
14.085000 0.174152
14.100000 0.171526
14.115000 0.168889
14.130000 0.166241
14.145000 0.163582
14.160000 0.160913
14.175000 0.158233
14.190000 0.155543
14.205000 0.152843
14.220000 0.150133
14.235000 0.147413
14.250000 0.144683
14.265000 0.141944
14.280000 0.139196
14.295000 0.136439
14.310000 0.133673
14.325000 0.130898
14.340000 0.128115
14.355000 0.125323
14.370000 0.122524
14.385000 0.119716
14.400000 0.116901
14.415000 0.114078
14.430000 0.111247
14.445000 0.108410
14.460000 0.105565
14.475000 0.102713
14.490000 0.099855
14.505000 0.096990
14.520000 0.094119
14.535000 0.091242
14.550000 0.088359
14.565000 0.085470
14.580000 0.082576
14.595000 0.079676
14.610000 0.076771
14.625000 0.073861
14.640000 0.070946
14.655000 0.068027
14.670000 0.065103
14.685000 0.062175
14.700000 0.059243
14.715000 0.056307
14.730000 0.053368
14.745000 0.050424
14.760000 0.047478
14.775000 0.044529
14.790000 0.041576
14.805000 0.038621
14.820000 0.035664
14.835000 0.032704
14.850000 0.029742
14.865000 0.026778
14.880000 0.023812
14.895000 0.020845
14.910000 0.017876
14.925000 0.014907
14.940000 0.011936
14.955000 0.008964
14.970000 0.005992
14.985000 0.003020
15.000000 0.000047


