-0.499858

0.000000 0.000000
0.015000 0.029482
0.030000 0.058161
0.045000 0.085981
0.060000 0.112960
0.075000 0.139118
0.090000 0.164472
0.105000 0.189040
0.120000 0.212841
0.135000 0.235892
0.150000 0.258209
0.165000 0.279810
0.180000 0.300710
0.195000 0.320927
0.210000 0.340475
0.225000 0.359369
0.240000 0.377626
0.255000 0.395260
0.270000 0.412286
0.285000 0.428716
0.300000 0.444567
0.315000 0.459850
0.330000 0.474580
0.345000 0.488769
0.360000 0.502431
0.375000 0.515578
0.390000 0.528222
0.405000 0.540376
0.420000 0.552050
0.435000 0.563257
0.450000 0.574008
0.465000 0.584315
0.480000 0.594187
0.495000 0.603636
0.510000 0.612671
0.525000 0.621304
0.540000 0.629545
0.555000 0.637402
0.570000 0.644885
0.585000 0.652005
0.600000 0.658770
0.615000 0.665189
0.630000 0.671270
0.645000 0.677024
0.660000 0.682457
0.675000 0.687578
0.690000 0.692396
0.705000 0.696917
0.720000 0.701151
0.735000 0.705104
0.750000 0.708784
0.765000 0.712198
0.780000 0.715354
0.795000 0.718257
0.810000 0.720916
0.825000 0.723336
0.840000 0.725524
0.855000 0.727487
0.870000 0.729231
0.885000 0.730761
0.900000 0.732085
0.915000 0.733207
0.930000 0.734133
0.945000 0.734869
0.960000 0.735420
0.975000 0.735792
0.990000 0.735991
1.005000 0.736020
1.020000 0.735885
1.035000 0.735590
1.050000 0.735142
1.065000 0.734544
1.080000 0.733800
1.095000 0.732916
1.110000 0.731896
1.125000 0.730743
1.140000 0.729463
1.155000 0.728059
1.170000 0.726535
1.185000 0.724894
1.200000 0.723142
1.215000 0.721281
1.230000 0.719315
1.245000 0.717248
1.260000 0.715083
1.275000 0.712823
1.290000 0.710472
1.305000 0.708033
1.320000 0.705509
1.335000 0.702903
1.350000 0.700219
1.365000 0.697458
1.380000 0.694625
1.395000 0.691721
1.410000 0.688750
1.425000 0.685713
1.440000 0.682615
1.455000 0.679457
1.470000 0.676241
1.485000 0.672971
1.500000 0.669647
1.515000 0.666274
1.530000 0.662853
1.545000 0.659385
1.560000 0.655874
1.575000 0.652322
1.590000 0.648729
1.605000 0.645099
1.620000 0.641434
1.635000 0.637734
1.650000 0.634002
1.665000 0.630240
1.680000 0.626450
1.695000 0.622632
1.710000 0.618789
1.725000 0.614923
1.740000 0.611034
1.755000 0.607125
1.770000 0.603197
1.785000 0.599251
1.800000 0.595289
1.815000 0.591312
1.830000 0.587321
1.845000 0.583318
1.860000 0.579304
1.875000 0.575280
1.890000 0.571248
1.905000 0.567208
1.920000 0.563161
1.935000 0.559109
1.950000 0.555053
1.965000 0.550994
1.980000 0.546932
1.995000 0.542869
2.010000 0.538806
2.025000 0.534744
2.040000 0.530682
2.055000 0.526623
2.070000 0.522568
2.085000 0.518516
2.100000 0.514469
2.115000 0.510427
2.130000 0.506392
2.145000 0.502363
2.160000 0.498342
2.175000 0.494330
2.190000 0.490326
2.205000 0.486332
2.220000 0.482348
2.235000 0.478375
2.250000 0.474413
2.265000 0.470462
2.280000 0.466525
2.295000 0.462600
2.310000 0.458688
2.325000 0.454790
2.340000 0.450907
2.355000 0.447038
2.370000 0.443184
2.385000 0.439346
2.400000 0.435524
2.415000 0.431718
2.430000 0.427929
2.445000 0.424157
2.460000 0.420402
2.475000 0.416664
2.490000 0.412945
2.505000 0.409244
2.520000 0.405562
2.535000 0.401898
2.550000 0.398253
2.565000 0.394628
2.580000 0.391022
2.595000 0.387436
2.610000 0.383870
2.625000 0.380324
2.640000 0.376799
2.655000 0.373294
2.670000 0.369809
2.685000 0.366346
2.700000 0.362903
2.715000 0.359482
2.730000 0.356082
2.745000 0.352703
2.760000 0.349346
2.775000 0.346011
2.790000 0.342697
2.805000 0.339405
2.820000 0.336135
2.835000 0.332887
2.850000 0.329661
2.865000 0.326457
2.880000 0.323275
2.895000 0.320115
2.910000 0.316978
2.925000 0.313863
2.940000 0.310770
2.955000 0.307699
2.970000 0.304651
2.985000 0.301626
3.000000 0.298622
3.015000 0.295641
3.030000 0.292683
3.045000 0.289747
3.060000 0.286833
3.075000 0.283941
3.090000 0.281072
3.105000 0.278225
3.120000 0.275400
3.135000 0.272598
3.150000 0.269818
3.165000 0.267059
3.180000 0.264323
3.195000 0.261609
3.210000 0.258918
3.225000 0.256248
3.240000 0.253599
3.255000 0.250973
3.270000 0.248368
3.285000 0.245786
3.300000 0.243224
3.315000 0.240685
3.330000 0.238166
3.345000 0.235670
3.360000 0.233194
3.375000 0.230740
3.390000 0.228306
3.405000 0.225894
3.420000 0.223503
3.435000 0.221133
3.450000 0.218783
3.465000 0.216454
3.480000 0.214146
3.495000 0.211858
3.510000 0.209591
3.525000 0.207344
3.540000 0.205117
3.555000 0.202910
3.570000 0.200723
3.585000 0.198556
3.600000 0.196408
3.615000 0.194280
3.630000 0.192172
3.645000 0.190083
3.660000 0.188014
3.675000 0.185963
3.690000 0.183932
3.705000 0.181920
3.720000 0.179926
3.735000 0.177951
3.750000 0.175995
3.765000 0.174057
3.780000 0.172138
3.795000 0.170237
3.810000 0.168354
3.825000 0.166488
3.840000 0.164641
3.855000 0.162812
3.870000 0.161000
3.885000 0.159205
3.900000 0.157428
3.915000 0.155668
3.930000 0.153926
3.945000 0.152200
3.960000 0.150491
3.975000 0.148799
3.990000 0.147124
4.005000 0.145465
4.020000 0.143822
4.035000 0.142196
4.050000 0.140586
4.065000 0.138992
4.080000 0.137413
4.095000 0.135851
4.110000 0.134304
4.125000 0.132773
4.140000 0.131257
4.155000 0.129756
4.170000 0.128270
4.185000 0.126800
4.200000 0.125344
4.215000 0.123903
4.230000 0.122476
4.245000 0.121065
4.260000 0.119667
4.275000 0.118284
4.290000 0.116915
4.305000 0.115560
4.320000 0.114219
4.335000 0.112892
4.350000 0.111578
4.365000 0.110278
4.380000 0.108992
4.395000 0.107719
4.410000 0.106459
4.425000 0.105212
4.440000 0.103978
4.455000 0.102756
4.470000 0.101548
4.485000 0.100352
4.500000 0.099169
4.515000 0.097998
4.530000 0.096839
4.545000 0.095693
4.560000 0.094559
4.575000 0.093436
4.590000 0.092325
4.605000 0.091226
4.620000 0.090139
4.635000 0.089063
4.650000 0.087999
4.665000 0.086946
4.680000 0.085904
4.695000 0.084873
4.710000 0.083853
4.725000 0.082844
4.740000 0.081845
4.755000 0.080858
4.770000 0.079880
4.785000 0.078914
4.800000 0.077957
4.815000 0.077011
4.830000 0.076075
4.845000 0.075149
4.860000 0.074233
4.875000 0.073326
4.890000 0.072430
4.905000 0.071543
4.920000 0.070665
4.935000 0.069797
4.950000 0.068939
4.965000 0.068089
4.980000 0.067249
4.995000 0.066418
5.010000 0.065595
5.025000 0.064782
5.040000 0.063977
5.055000 0.063181
5.070000 0.062394
5.085000 0.061615
5.100000 0.060845
5.115000 0.060082
5.130000 0.059329
5.145000 0.058583
5.160000 0.057845
5.175000 0.057115
5.190000 0.056393
5.205000 0.055679
5.220000 0.054973
5.235000 0.054274
5.250000 0.053583
5.265000 0.052899
5.280000 0.052223
5.295000 0.051554
5.310000 0.050892
5.325000 0.050237
5.340000 0.049589
5.355000 0.048949
5.370000 0.048315
5.385000 0.047688
5.400000 0.047068
5.415000 0.046454
5.430000 0.045847
5.445000 0.045247
5.460000 0.044653
5.475000 0.044065
5.490000 0.043484
5.505000 0.042908
5.520000 0.042339
5.535000 0.041776
5.550000 0.041220
5.565000 0.040668
5.580000 0.040123
5.595000 0.039584
5.610000 0.039050
5.625000 0.038522
5.640000 0.038000
5.655000 0.037483
5.670000 0.036972
5.685000 0.036465
5.700000 0.035965
5.715000 0.035469
5.730000 0.034979
5.745000 0.034494
5.760000 0.034014
5.775000 0.033538
5.790000 0.033068
5.805000 0.032603
5.820000 0.032142
5.835000 0.031687
5.850000 0.031235
5.865000 0.030789
5.880000 0.030347
5.895000 0.029910
5.910000 0.029477
5.925000 0.029048
5.940000 0.028624
5.955000 0.028204
5.970000 0.027788
5.985000 0.027376
6.000000 0.026969
6.015000 0.026568
6.030000 0.026172
6.045000 0.025782
6.060000 0.025399
6.075000 0.025021
6.090000 0.024648
6.105000 0.024281
6.120000 0.023920
6.135000 0.023564
6.150000 0.023213
6.165000 0.022867
6.180000 0.022527
6.195000 0.022192
6.210000 0.021861
6.225000 0.021536
6.240000 0.021215
6.255000 0.020899
6.270000 0.020588
6.285000 0.020282
6.300000 0.019980
6.315000 0.019683
6.330000 0.019390
6.345000 0.019101
6.360000 0.018817
6.375000 0.018537
6.390000 0.018261
6.405000 0.017989
6.420000 0.017721
6.435000 0.017457
6.450000 0.017197
6.465000 0.016941
6.480000 0.016689
6.495000 0.016441
6.510000 0.016196
6.525000 0.015955
6.540000 0.015717
6.555000 0.015483
6.570000 0.015253
6.585000 0.015026
6.600000 0.014802
6.615000 0.014582
6.630000 0.014365
6.645000 0.014151
6.660000 0.013940
6.675000 0.013733
6.690000 0.013528
6.705000 0.013327
6.720000 0.013129
6.735000 0.012933
6.750000 0.012741
6.765000 0.012551
6.780000 0.012364
6.795000 0.012180
6.810000 0.011999
6.825000 0.011820
6.840000 0.011644
6.855000 0.011471
6.870000 0.011300
6.885000 0.011132
6.900000 0.010966
6.915000 0.010803
6.930000 0.010642
6.945000 0.010484
6.960000 0.010328
6.975000 0.010174
6.990000 0.010022
7.005000 0.009873
7.020000 0.009726
7.035000 0.009582
7.050000 0.009439
7.065000 0.009298
7.080000 0.009160
7.095000 0.009024
7.110000 0.008889
7.125000 0.008757
7.140000 0.008627
7.155000 0.008498
7.170000 0.008372
7.185000 0.008247
7.200000 0.008124
7.215000 0.008003
7.230000 0.007884
7.245000 0.007767
7.260000 0.007651
7.275000 0.007537
7.290000 0.007425
7.305000 0.007315
7.320000 0.007206
7.335000 0.007098
7.350000 0.006993
7.365000 0.006889
7.380000 0.006786
7.395000 0.006685
7.410000 0.006586
7.425000 0.006488
7.440000 0.006391
7.455000 0.006296
7.470000 0.006202
7.485000 0.006110
7.500000 0.006019
7.515000 0.005929
7.530000 0.005841
7.545000 0.005754
7.560000 0.005668
7.575000 0.005584
7.590000 0.005501
7.605000 0.005419
7.620000 0.005338
7.635000 0.005259
7.650000 0.005181
7.665000 0.005103
7.680000 0.005028
7.695000 0.004953
7.710000 0.004879
7.725000 0.004806
7.740000 0.004735
7.755000 0.004664
7.770000 0.004595
7.785000 0.004526
7.800000 0.004459
7.815000 0.004393
7.830000 0.004327
7.845000 0.004263
7.860000 0.004199
7.875000 0.004137
7.890000 0.004075
7.905000 0.004015
7.920000 0.003955
7.935000 0.003896
7.950000 0.003838
7.965000 0.003781
7.980000 0.003725
7.995000 0.003669
8.010000 0.003615
8.025000 0.003561
8.040000 0.003508
8.055000 0.003456
8.070000 0.003404
8.085000 0.003353
8.100000 0.003304
8.115000 0.003254
8.130000 0.003206
8.145000 0.003158
8.160000 0.003111
8.175000 0.003065
8.190000 0.003019
8.205000 0.002974
8.220000 0.002930
8.235000 0.002886
8.250000 0.002843
8.265000 0.002801
8.280000 0.002759
8.295000 0.002718
8.310000 0.002678
8.325000 0.002638
8.340000 0.002599
8.355000 0.002560
8.370000 0.002522
8.385000 0.002484
8.400000 0.002447
8.415000 0.002411
8.430000 0.002375
8.445000 0.002340
8.460000 0.002305
8.475000 0.002271
8.490000 0.002237
8.505000 0.002204
8.520000 0.002171
8.535000 0.002138
8.550000 0.002107
8.565000 0.002075
8.580000 0.002044
8.595000 0.002014
8.610000 0.001984
8.625000 0.001954
8.640000 0.001925
8.655000 0.001897
8.670000 0.001868
8.685000 0.001841
8.700000 0.001813
8.715000 0.001786
8.730000 0.001760
8.745000 0.001733
8.760000 0.001708
8.775000 0.001682
8.790000 0.001657
8.805000 0.001632
8.820000 0.001608
8.835000 0.001584
8.850000 0.001561
8.865000 0.001537
8.880000 0.001515
8.895000 0.001492
8.910000 0.001470
8.925000 0.001448
8.940000 0.001426
8.955000 0.001405
8.970000 0.001384
8.985000 0.001364
9.000000 0.001343
9.015000 0.001323
9.030000 0.001304
9.045000 0.001284
9.060000 0.001265
9.075000 0.001246
9.090000 0.001228
9.105000 0.001209
9.120000 0.001191
9.135000 0.001174
9.150000 0.001156
9.165000 0.001139
9.180000 0.001122
9.195000 0.001105
9.210000 0.001089
9.225000 0.001073
9.240000 0.001057
9.255000 0.001041
9.270000 0.001026
9.285000 0.001010
9.300000 0.000995
9.315000 0.000980
9.330000 0.000966
9.345000 0.000951
9.360000 0.000937
9.375000 0.000923
9.390000 0.000910
9.405000 0.000896
9.420000 0.000883
9.435000 0.000870
9.450000 0.000857
9.465000 0.000844
9.480000 0.000831
9.495000 0.000819
9.510000 0.000807
9.525000 0.000795
9.540000 0.000783
9.555000 0.000771
9.570000 0.000760
9.585000 0.000748
9.600000 0.000737
9.615000 0.000726
9.630000 0.000716
9.645000 0.000705
9.660000 0.000694
9.675000 0.000684
9.690000 0.000674
9.705000 0.000664
9.720000 0.000654
9.735000 0.000644
9.750000 0.000635
9.765000 0.000625
9.780000 0.000616
9.795000 0.000607
9.810000 0.000598
9.825000 0.000589
9.840000 0.000580
9.855000 0.000571
9.870000 0.000563
9.885000 0.000555
9.900000 0.000546
9.915000 0.000538
9.930000 0.000530
9.945000 0.000522
9.960000 0.000514
9.975000 0.000507
9.990000 0.000499
10.005000 0.000492
10.020000 0.000485
10.035000 0.000477
10.050000 0.000470
10.065000 0.000463
10.080000 0.000456
10.095000 0.000450
10.110000 0.000443
10.125000 0.000436
10.140000 0.000430
10.155000 0.000423
10.170000 0.000417
10.185000 0.000411
10.200000 0.000405
10.215000 0.000399
10.230000 0.000393
10.245000 0.000387
10.260000 0.000381
10.275000 0.000376
10.290000 0.000370
10.305000 0.000364
10.320000 0.000359
10.335000 0.000354
10.350000 0.000348
10.365000 0.000343
10.380000 0.000338
10.395000 0.000333
10.410000 0.000328
10.425000 0.000323
10.440000 0.000318
10.455000 0.000314
10.470000 0.000309
10.485000 0.000304
10.500000 0.000300
10.515000 0.000295
10.530000 0.000291
10.545000 0.000287
10.560000 0.000282
10.575000 0.000278
10.590000 0.000274
10.605000 0.000270
10.620000 0.000266
10.635000 0.000262
10.650000 0.000258
10.665000 0.000254
10.680000 0.000251
10.695000 0.000247
10.710000 0.000243
10.725000 0.000240
10.740000 0.000236
10.755000 0.000232
10.770000 0.000229
10.785000 0.000226
10.800000 0.000222
10.815000 0.000219
10.830000 0.000216
10.845000 0.000213
10.860000 0.000209
10.875000 0.000206
10.890000 0.000203
10.905000 0.000200
10.920000 0.000197
10.935000 0.000194
10.950000 0.000191
10.965000 0.000189
10.980000 0.000186
10.995000 0.000183
11.010000 0.000180
11.025000 0.000178
11.040000 0.000175
11.055000 0.000172
11.070000 0.000170
11.085000 0.000167
11.100000 0.000165
11.115000 0.000162
11.130000 0.000160
11.145000 0.000158
11.160000 0.000155
11.175000 0.000153
11.190000 0.000151
11.205000 0.000148
11.220000 0.000146
11.235000 0.000144
11.250000 0.000142
11.265000 0.000140
11.280000 0.000138
11.295000 0.000136
11.310000 0.000134
11.325000 0.000132
11.340000 0.000130
11.355000 0.000128
11.370000 0.000126
11.385000 0.000124
11.400000 0.000122
11.415000 0.000120
11.430000 0.000119
11.445000 0.000117
11.460000 0.000115
11.475000 0.000113
11.490000 0.000112
11.505000 0.000110
11.520000 0.000108
11.535000 0.000107
11.550000 0.000105
11.565000 0.000104
11.580000 0.000102
11.595000 0.000101
11.610000 0.000099
11.625000 0.000098
11.640000 0.000096
11.655000 0.000095
11.670000 0.000093
11.685000 0.000092
11.700000 0.000091
11.715000 0.000089
11.730000 0.000088
11.745000 0.000087
11.760000 0.000086
11.775000 0.000084
11.790000 0.000083
11.805000 0.000082
11.820000 0.000081
11.835000 0.000079
11.850000 0.000078
11.865000 0.000077
11.880000 0.000076
11.895000 0.000075
11.910000 0.000074
11.925000 0.000073
11.940000 0.000072
11.955000 0.000071
11.970000 0.000070
11.985000 0.000068
12.000000 0.000067
12.015000 0.000067
12.030000 0.000066
12.045000 0.000065
12.060000 0.000064
12.075000 0.000063
12.090000 0.000062
12.105000 0.000061
12.120000 0.000060
12.135000 0.000059
12.150000 0.000058
12.165000 0.000057
12.180000 0.000057
12.195000 0.000056
12.210000 0.000055
12.225000 0.000054
12.240000 0.000053
12.255000 0.000053
12.270000 0.000052
12.285000 0.000051
12.300000 0.000050
12.315000 0.000050
12.330000 0.000049
12.345000 0.000048
12.360000 0.000048
12.375000 0.000047
12.390000 0.000046
12.405000 0.000045
12.420000 0.000045
12.435000 0.000044
12.450000 0.000044
12.465000 0.000043
12.480000 0.000042
12.495000 0.000042
12.510000 0.000041
12.525000 0.000041
12.540000 0.000040
12.555000 0.000039
12.570000 0.000039
12.585000 0.000038
12.600000 0.000038
12.615000 0.000037
12.630000 0.000037
12.645000 0.000036
12.660000 0.000036
12.675000 0.000035
12.690000 0.000035
12.705000 0.000034
12.720000 0.000034
12.735000 0.000033
12.750000 0.000033
12.765000 0.000032
12.780000 0.000032
12.795000 0.000032
12.810000 0.000031
12.825000 0.000031
12.840000 0.000030
12.855000 0.000030
12.870000 0.000029
12.885000 0.000029
12.900000 0.000029
12.915000 0.000028
12.930000 0.000028
12.945000 0.000028
12.960000 0.000027
12.975000 0.000027
12.990000 0.000026
13.005000 0.000026
13.020000 0.000026
13.035000 0.000025
13.050000 0.000025
13.065000 0.000025
13.080000 0.000024
13.095000 0.000024
13.110000 0.000024
13.125000 0.000024
13.140000 0.000023
13.155000 0.000023
13.170000 0.000023
13.185000 0.000022
13.200000 0.000022
13.215000 0.000022
13.230000 0.000022
13.245000 0.000021
13.260000 0.000021
13.275000 0.000021
13.290000 0.000021
13.305000 0.000020
13.320000 0.000020
13.335000 0.000020
13.350000 0.000020
13.365000 0.000019
13.380000 0.000019
13.395000 0.000019
13.410000 0.000019
13.425000 0.000019
13.440000 0.000018
13.455000 0.000018
13.470000 0.000018
13.485000 0.000018
13.500000 0.000018
13.515000 0.000017
13.530000 0.000017
13.545000 0.000017
13.560000 0.000017
13.575000 0.000017
13.590000 0.000016
13.605000 0.000016
13.620000 0.000016
13.635000 0.000016
13.650000 0.000016
13.665000 0.000016
13.680000 0.000016
13.695000 0.000015
13.710000 0.000015
13.725000 0.000015
13.740000 0.000015
13.755000 0.000015
13.770000 0.000015
13.785000 0.000015
13.800000 0.000015
13.815000 0.000014
13.830000 0.000014
13.845000 0.000014
13.860000 0.000014
13.875000 0.000014
13.890000 0.000014
13.905000 0.000014
13.920000 0.000014
13.935000 0.000014
13.950000 0.000014
13.965000 0.000014
13.980000 0.000013
13.995000 0.000013
14.010000 0.000013
14.025000 0.000013
14.040000 0.000013
14.055000 0.000013
14.070000 0.000013
14.085000 0.000013
14.100000 0.000013
14.115000 0.000013
14.130000 0.000013
14.145000 0.000013
14.160000 0.000013
14.175000 0.000013
14.190000 0.000013
14.205000 0.000013
14.220000 0.000013
14.235000 0.000013
14.250000 0.000013
14.265000 0.000013
14.280000 0.000013
14.295000 0.000013
14.310000 0.000013
14.325000 0.000012
14.340000 0.000012
14.355000 0.000012
14.370000 0.000012
14.385000 0.000012
14.400000 0.000012
14.415000 0.000012
14.430000 0.000012
14.445000 0.000013
14.460000 0.000013
14.475000 0.000013
14.490000 0.000013
14.505000 0.000013
14.520000 0.000013
14.535000 0.000013
14.550000 0.000013
14.565000 0.000013
14.580000 0.000013
14.595000 0.000013
14.610000 0.000013
14.625000 0.000013
14.640000 0.000013
14.655000 0.000013
14.670000 0.000013
14.685000 0.000013
14.700000 0.000013
14.715000 0.000013
14.730000 0.000013
14.745000 0.000013
14.760000 0.000013
14.775000 0.000014
14.790000 0.000014
14.805000 0.000014
14.820000 0.000014
14.835000 0.000014
14.850000 0.000014
14.865000 0.000014
14.880000 0.000014
14.895000 0.000014
14.910000 0.000014
14.925000 0.000014
14.940000 0.000015
14.955000 0.000015
14.970000 0.000015
14.985000 0.000015
15.000000 0.000015


-0.083920

0.000000 0.000000
0.015000 0.014306
0.030000 0.028219
0.045000 0.041710
0.060000 0.054786
0.075000 0.067453
0.090000 0.079718
0.105000 0.091587
0.120000 0.103067
0.135000 0.114164
0.150000 0.124885
0.165000 0.135236
0.180000 0.145224
0.195000 0.154854
0.210000 0.164132
0.225000 0.173065
0.240000 0.181658
0.255000 0.189918
0.270000 0.197849
0.285000 0.205459
0.300000 0.212751
0.315000 0.219733
0.330000 0.226409
0.345000 0.232784
0.360000 0.238865
0.375000 0.244657
0.390000 0.250163
0.405000 0.255391
0.420000 0.260345
0.435000 0.265029
0.450000 0.269450
0.465000 0.273611
0.480000 0.277517
0.495000 0.281174
0.510000 0.284586
0.525000 0.287757
0.540000 0.290693
0.555000 0.293398
0.570000 0.295875
0.585000 0.298130
0.600000 0.300168
0.615000 0.301991
0.630000 0.303605
0.645000 0.305013
0.660000 0.306220
0.675000 0.307230
0.690000 0.308047
0.705000 0.308674
0.720000 0.309116
0.735000 0.309377
0.750000 0.309459
0.765000 0.309368
0.780000 0.309107
0.795000 0.308678
0.810000 0.308087
0.825000 0.307336
0.840000 0.306429
0.855000 0.305370
0.870000 0.304161
0.885000 0.302807
0.900000 0.301310
0.915000 0.299673
0.930000 0.297901
0.945000 0.295996
0.960000 0.293961
0.975000 0.291799
0.990000 0.289514
1.005000 0.287108
1.020000 0.284584
1.035000 0.281945
1.050000 0.279195
1.065000 0.276335
1.080000 0.273369
1.095000 0.270300
1.110000 0.267129
1.125000 0.263860
1.140000 0.260496
1.155000 0.257039
1.170000 0.253491
1.185000 0.249856
1.200000 0.246135
1.215000 0.242331
1.230000 0.238446
1.245000 0.234483
1.260000 0.230444
1.275000 0.226332
1.290000 0.222148
1.305000 0.217895
1.320000 0.213576
1.335000 0.209191
1.350000 0.204744
1.365000 0.200236
1.380000 0.195670
1.395000 0.191048
1.410000 0.186371
1.425000 0.181642
1.440000 0.176862
1.455000 0.172033
1.470000 0.167158
1.485000 0.162238
1.500000 0.157275
1.515000 0.152271
1.530000 0.147227
1.545000 0.142145
1.560000 0.137028
1.575000 0.131876
1.590000 0.126691
1.605000 0.121475
1.620000 0.116230
1.635000 0.110957
1.650000 0.105658
1.665000 0.100334
1.680000 0.094986
1.695000 0.089617
1.710000 0.084227
1.725000 0.078818
1.740000 0.073391
1.755000 0.067949
1.770000 0.062491
1.785000 0.057020
1.800000 0.051537
1.815000 0.046043
1.830000 0.040539
1.845000 0.035027
1.860000 0.029507
1.875000 0.023982
1.890000 0.018451
1.905000 0.012917
1.920000 0.007380
1.935000 0.001842
1.950000 -0.003696
1.965000 -0.009234
1.980000 -0.014770
1.995000 -0.020303
2.010000 -0.025833
2.025000 -0.031357
2.040000 -0.036876
2.055000 -0.042388
2.070000 -0.047892
2.085000 -0.053388
2.100000 -0.058874
2.115000 -0.064350
2.130000 -0.069815
2.145000 -0.075268
2.160000 -0.080707
2.175000 -0.086133
2.190000 -0.091544
2.205000 -0.096940
2.220000 -0.102320
2.235000 -0.107683
2.250000 -0.113028
2.265000 -0.118355
2.280000 -0.123663
2.295000 -0.128951
2.310000 -0.134219
2.325000 -0.139465
2.340000 -0.144690
2.355000 -0.149893
2.370000 -0.155073
2.385000 -0.160229
2.400000 -0.165360
2.415000 -0.170467
2.430000 -0.175549
2.445000 -0.180605
2.460000 -0.185635
2.475000 -0.190637
2.490000 -0.195612
2.505000 -0.200559
2.520000 -0.205478
2.535000 -0.210368
2.550000 -0.215228
2.565000 -0.220058
2.580000 -0.224858
2.595000 -0.229628
2.610000 -0.234366
2.625000 -0.239073
2.640000 -0.243748
2.655000 -0.248390
2.670000 -0.253000
2.685000 -0.257576
2.700000 -0.262120
2.715000 -0.266629
2.730000 -0.271104
2.745000 -0.275545
2.760000 -0.279951
2.775000 -0.284322
2.790000 -0.288658
2.805000 -0.292958
2.820000 -0.297222
2.835000 -0.301450
2.850000 -0.305641
2.865000 -0.309796
2.880000 -0.313913
2.895000 -0.317994
2.910000 -0.322037
2.925000 -0.326042
2.940000 -0.330010
2.955000 -0.333939
2.970000 -0.337831
2.985000 -0.341684
3.000000 -0.345498
3.015000 -0.349273
3.030000 -0.353010
3.045000 -0.356707
3.060000 -0.360366
3.075000 -0.363984
3.090000 -0.367564
3.105000 -0.371103
3.120000 -0.374603
3.135000 -0.378063
3.150000 -0.381483
3.165000 -0.384863
3.180000 -0.388203
3.195000 -0.391502
3.210000 -0.394762
3.225000 -0.397980
3.240000 -0.401158
3.255000 -0.404296
3.270000 -0.407393
3.285000 -0.410449
3.300000 -0.413465
3.315000 -0.416440
3.330000 -0.419374
3.345000 -0.422267
3.360000 -0.425119
3.375000 -0.427931
3.390000 -0.430701
3.405000 -0.433431
3.420000 -0.436120
3.435000 -0.438767
3.450000 -0.441374
3.465000 -0.443940
3.480000 -0.446465
3.495000 -0.448950
3.510000 -0.451393
3.525000 -0.453795
3.540000 -0.456157
3.555000 -0.458478
3.570000 -0.460759
3.585000 -0.462998
3.600000 -0.465197
3.615000 -0.467355
3.630000 -0.469473
3.645000 -0.471551
3.660000 -0.473588
3.675000 -0.475584
3.690000 -0.477541
3.705000 -0.479457
3.720000 -0.481333
3.735000 -0.483169
3.750000 -0.484965
3.765000 -0.486721
3.780000 -0.488437
3.795000 -0.490114
3.810000 -0.491751
3.825000 -0.493349
3.840000 -0.494907
3.855000 -0.496426
3.870000 -0.497905
3.885000 -0.499346
3.900000 -0.500747
3.915000 -0.502110
3.930000 -0.503434
3.945000 -0.504719
3.960000 -0.505966
3.975000 -0.507174
3.990000 -0.508344
4.005000 -0.509476
4.020000 -0.510570
4.035000 -0.511627
4.050000 -0.512645
4.065000 -0.513626
4.080000 -0.514569
4.095000 -0.515475
4.110000 -0.516344
4.125000 -0.517176
4.140000 -0.517970
4.155000 -0.518729
4.170000 -0.519450
4.185000 -0.520135
4.200000 -0.520784
4.215000 -0.521397
4.230000 -0.521974
4.245000 -0.522514
4.260000 -0.523020
4.275000 -0.523489
4.290000 -0.523924
4.305000 -0.524323
4.320000 -0.524687
4.335000 -0.525017
4.350000 -0.525311
4.365000 -0.525572
4.380000 -0.525798
4.395000 -0.525989
4.410000 -0.526147
4.425000 -0.526271
4.440000 -0.526361
4.455000 -0.526418
4.470000 -0.526442
4.485000 -0.526432
4.500000 -0.526389
4.515000 -0.526314
4.530000 -0.526206
4.545000 -0.526066
4.560000 -0.525893
4.575000 -0.525689
4.590000 -0.525452
4.605000 -0.525184
4.620000 -0.524885
4.635000 -0.524554
4.650000 -0.524192
4.665000 -0.523799
4.680000 -0.523375
4.695000 -0.522921
4.710000 -0.522437
4.725000 -0.521922
4.740000 -0.521377
4.755000 -0.520802
4.770000 -0.520198
4.785000 -0.519565
4.800000 -0.518902
4.815000 -0.518210
4.830000 -0.517489
4.845000 -0.516739
4.860000 -0.515962
4.875000 -0.515155
4.890000 -0.514321
4.905000 -0.513459
4.920000 -0.512569
4.935000 -0.511651
4.950000 -0.510707
4.965000 -0.509735
4.980000 -0.508736
4.995000 -0.507710
5.010000 -0.506658
5.025000 -0.505579
5.040000 -0.504474
5.055000 -0.503344
5.070000 -0.502187
5.085000 -0.501005
5.100000 -0.499797
5.115000 -0.498564
5.130000 -0.497307
5.145000 -0.496024
5.160000 -0.494717
5.175000 -0.493385
5.190000 -0.492029
5.205000 -0.490649
5.220000 -0.489244
5.235000 -0.487817
5.250000 -0.486365
5.265000 -0.484891
5.280000 -0.483393
5.295000 -0.481872
5.310000 -0.480329
5.325000 -0.478763
5.340000 -0.477175
5.355000 -0.475564
5.370000 -0.473932
5.385000 -0.472277
5.400000 -0.470601
5.415000 -0.468904
5.430000 -0.467185
5.445000 -0.465445
5.460000 -0.463685
5.475000 -0.461903
5.490000 -0.460101
5.505000 -0.458279
5.520000 -0.456437
5.535000 -0.454574
5.550000 -0.452692
5.565000 -0.450790
5.580000 -0.448869
5.595000 -0.446929
5.610000 -0.444969
5.625000 -0.442991
5.640000 -0.440994
5.655000 -0.438978
5.670000 -0.436944
5.685000 -0.434892
5.700000 -0.432822
5.715000 -0.430734
5.730000 -0.428628
5.745000 -0.426505
5.760000 -0.424365
5.775000 -0.422207
5.790000 -0.420032
5.805000 -0.417841
5.820000 -0.415633
5.835000 -0.413409
5.850000 -0.411168
5.865000 -0.408912
5.880000 -0.406639
5.895000 -0.404351
5.910000 -0.402047
5.925000 -0.399727
5.940000 -0.397392
5.955000 -0.395043
5.970000 -0.392678
5.985000 -0.390298
6.000000 -0.387907
6.015000 -0.385527
6.030000 -0.383162
6.045000 -0.380812
6.060000 -0.378476
6.075000 -0.376154
6.090000 -0.373846
6.105000 -0.371553
6.120000 -0.369274
6.135000 -0.367008
6.150000 -0.364756
6.165000 -0.362519
6.180000 -0.360294
6.195000 -0.358084
6.210000 -0.355887
6.225000 -0.353703
6.240000 -0.351533
6.255000 -0.349376
6.270000 -0.347232
6.285000 -0.345102
6.300000 -0.342984
6.315000 -0.340879
6.330000 -0.338788
6.345000 -0.336709
6.360000 -0.334642
6.375000 -0.332589
6.390000 -0.330548
6.405000 -0.328519
6.420000 -0.326503
6.435000 -0.324499
6.450000 -0.322507
6.465000 -0.320528
6.480000 -0.318561
6.495000 -0.316605
6.510000 -0.314662
6.525000 -0.312731
6.540000 -0.310811
6.555000 -0.308903
6.570000 -0.307007
6.585000 -0.305122
6.600000 -0.303249
6.615000 -0.301387
6.630000 -0.299537
6.645000 -0.297698
6.660000 -0.295870
6.675000 -0.294054
6.690000 -0.292248
6.705000 -0.290454
6.720000 -0.288670
6.735000 -0.286898
6.750000 -0.285136
6.765000 -0.283385
6.780000 -0.281645
6.795000 -0.279915
6.810000 -0.278196
6.825000 -0.276488
6.840000 -0.274790
6.855000 -0.273102
6.870000 -0.271425
6.885000 -0.269757
6.900000 -0.268100
6.915000 -0.266454
6.930000 -0.264817
6.945000 -0.263190
6.960000 -0.261573
6.975000 -0.259966
6.990000 -0.258369
7.005000 -0.256782
7.020000 -0.255204
7.035000 -0.253636
7.050000 -0.252078
7.065000 -0.250529
7.080000 -0.248989
7.095000 -0.247459
7.110000 -0.245938
7.125000 -0.244427
7.140000 -0.242925
7.155000 -0.241432
7.170000 -0.239948
7.185000 -0.238473
7.200000 -0.237007
7.215000 -0.235550
7.230000 -0.234102
7.245000 -0.232663
7.260000 -0.231232
7.275000 -0.229811
7.290000 -0.228398
7.305000 -0.226993
7.320000 -0.225598
7.335000 -0.224210
7.350000 -0.222832
7.365000 -0.221461
7.380000 -0.220099
7.395000 -0.218745
7.410000 -0.217400
7.425000 -0.216063
7.440000 -0.214734
7.455000 -0.213413
7.470000 -0.212100
7.485000 -0.210795
7.500000 -0.209498
7.515000 -0.208209
7.530000 -0.206928
7.545000 -0.205654
7.560000 -0.204389
7.575000 -0.203131
7.590000 -0.201881
7.605000 -0.200638
7.620000 -0.199403
7.635000 -0.198176
7.650000 -0.196956
7.665000 -0.195743
7.680000 -0.194538
7.695000 -0.193340
7.710000 -0.192150
7.725000 -0.190966
7.740000 -0.189790
7.755000 -0.188622
7.770000 -0.187460
7.785000 -0.186305
7.800000 -0.185158
7.815000 -0.184017
7.830000 -0.182883
7.845000 -0.181756
7.860000 -0.180637
7.875000 -0.179523
7.890000 -0.178417
7.905000 -0.177318
7.920000 -0.176225
7.935000 -0.175138
7.950000 -0.174059
7.965000 -0.172986
7.980000 -0.171919
7.995000 -0.170859
8.010000 -0.169806
8.025000 -0.168759
8.040000 -0.167718
8.055000 -0.166683
8.070000 -0.165655
8.085000 -0.164633
8.100000 -0.163618
8.115000 -0.162608
8.130000 -0.161605
8.145000 -0.160608
8.160000 -0.159616
8.175000 -0.158631
8.190000 -0.157652
8.205000 -0.156679
8.220000 -0.155712
8.235000 -0.154750
8.250000 -0.153795
8.265000 -0.152845
8.280000 -0.151901
8.295000 -0.150963
8.310000 -0.150030
8.325000 -0.149103
8.340000 -0.148182
8.355000 -0.147266
8.370000 -0.146356
8.385000 -0.145452
8.400000 -0.144552
8.415000 -0.143659
8.430000 -0.142771
8.445000 -0.141888
8.460000 -0.141010
8.475000 -0.140138
8.490000 -0.139271
8.505000 -0.138410
8.520000 -0.137553
8.535000 -0.136702
8.550000 -0.135856
8.565000 -0.135016
8.580000 -0.134180
8.595000 -0.133349
8.610000 -0.132523
8.625000 -0.131703
8.640000 -0.130887
8.655000 -0.130076
8.670000 -0.129271
8.685000 -0.128470
8.700000 -0.127674
8.715000 -0.126882
8.730000 -0.126096
8.745000 -0.125314
8.760000 -0.124537
8.775000 -0.123765
8.790000 -0.122997
8.805000 -0.122234
8.820000 -0.121476
8.835000 -0.120722
8.850000 -0.119973
8.865000 -0.119228
8.880000 -0.118488
8.895000 -0.117752
8.910000 -0.117021
8.925000 -0.116294
8.940000 -0.115572
8.955000 -0.114854
8.970000 -0.114140
8.985000 -0.113431
9.000000 -0.112726
9.015000 -0.112025
9.030000 -0.111328
9.045000 -0.110636
9.060000 -0.109947
9.075000 -0.109263
9.090000 -0.108583
9.105000 -0.107907
9.120000 -0.107236
9.135000 -0.106568
9.150000 -0.105904
9.165000 -0.105244
9.180000 -0.104589
9.195000 -0.103937
9.210000 -0.103289
9.225000 -0.102645
9.240000 -0.102005
9.255000 -0.101369
9.270000 -0.100736
9.285000 -0.100107
9.300000 -0.099483
9.315000 -0.098862
9.330000 -0.098244
9.345000 -0.097631
9.360000 -0.097021
9.375000 -0.096414
9.390000 -0.095812
9.405000 -0.095213
9.420000 -0.094617
9.435000 -0.094025
9.450000 -0.093437
9.465000 -0.092852
9.480000 -0.092271
9.495000 -0.091693
9.510000 -0.091119
9.525000 -0.090548
9.540000 -0.089980
9.555000 -0.089416
9.570000 -0.088856
9.585000 -0.088298
9.600000 -0.087744
9.615000 -0.087194
9.630000 -0.086646
9.645000 -0.086102
9.660000 -0.085561
9.675000 -0.085024
9.690000 -0.084489
9.705000 -0.083958
9.720000 -0.083430
9.735000 -0.082905
9.750000 -0.082383
9.765000 -0.081864
9.780000 -0.081349
9.795000 -0.080836
9.810000 -0.080327
9.825000 -0.079820
9.840000 -0.079317
9.855000 -0.078817
9.870000 -0.078319
9.885000 -0.077825
9.900000 -0.077333
9.915000 -0.076844
9.930000 -0.076359
9.945000 -0.075876
9.960000 -0.075396
9.975000 -0.074919
9.990000 -0.074444
10.005000 -0.073973
10.020000 -0.073504
10.035000 -0.073038
10.050000 -0.072575
10.065000 -0.072115
10.080000 -0.071657
10.095000 -0.071202
10.110000 -0.070750
10.125000 -0.070300
10.140000 -0.069853
10.155000 -0.069409
10.170000 -0.068967
10.185000 -0.068528
10.200000 -0.068092
10.215000 -0.067658
10.230000 -0.067226
10.245000 -0.066797
10.260000 -0.066371
10.275000 -0.065947
10.290000 -0.065526
10.305000 -0.065107
10.320000 -0.064691
10.335000 -0.064277
10.350000 -0.063865
10.365000 -0.063456
10.380000 -0.063049
10.395000 -0.062645
10.410000 -0.062243
10.425000 -0.061843
10.440000 -0.061446
10.455000 -0.061051
10.470000 -0.060658
10.485000 -0.060268
10.500000 -0.059880
10.515000 -0.059494
10.530000 -0.059110
10.545000 -0.058729
10.560000 -0.058350
10.575000 -0.057973
10.590000 -0.057598
10.605000 -0.057226
10.620000 -0.056855
10.635000 -0.056487
10.650000 -0.056121
10.665000 -0.055757
10.680000 -0.055395
10.695000 -0.055035
10.710000 -0.054677
10.725000 -0.054322
10.740000 -0.053968
10.755000 -0.053616
10.770000 -0.053267
10.785000 -0.052919
10.800000 -0.052574
10.815000 -0.052230
10.830000 -0.051889
10.845000 -0.051549
10.860000 -0.051211
10.875000 -0.050876
10.890000 -0.050542
10.905000 -0.050210
10.920000 -0.049880
10.935000 -0.049552
10.950000 -0.049225
10.965000 -0.048901
10.980000 -0.048578
10.995000 -0.048258
11.010000 -0.047939
11.025000 -0.047622
11.040000 -0.047306
11.055000 -0.046993
11.070000 -0.046681
11.085000 -0.046371
11.100000 -0.046063
11.115000 -0.045756
11.130000 -0.045452
11.145000 -0.045149
11.160000 -0.044847
11.175000 -0.044548
11.190000 -0.044250
11.205000 -0.043953
11.220000 -0.043659
11.235000 -0.043366
11.250000 -0.043074
11.265000 -0.042785
11.280000 -0.042497
11.295000 -0.042210
11.310000 -0.041925
11.325000 -0.041642
11.340000 -0.041360
11.355000 -0.041080
11.370000 -0.040801
11.385000 -0.040524
11.400000 -0.040249
11.415000 -0.039975
11.430000 -0.039702
11.445000 -0.039431
11.460000 -0.039162
11.475000 -0.038893
11.490000 -0.038627
11.505000 -0.038362
11.520000 -0.038098
11.535000 -0.037836
11.550000 -0.037575
11.565000 -0.037316
11.580000 -0.037058
11.595000 -0.036801
11.610000 -0.036546
11.625000 -0.036292
11.640000 -0.036040
11.655000 -0.035788
11.670000 -0.035539
11.685000 -0.035290
11.700000 -0.035043
11.715000 -0.034797
11.730000 -0.034553
11.745000 -0.034310
11.760000 -0.034068
11.775000 -0.033828
11.790000 -0.033588
11.805000 -0.033350
11.820000 -0.033114
11.835000 -0.032878
11.850000 -0.032644
11.865000 -0.032411
11.880000 -0.032179
11.895000 -0.031948
11.910000 -0.031719
11.925000 -0.031491
11.940000 -0.031264
11.955000 -0.031038
11.970000 -0.030814
11.985000 -0.030590
12.000000 -0.030368
12.015000 -0.030147
12.030000 -0.029927
12.045000 -0.029708
12.060000 -0.029490
12.075000 -0.029273
12.090000 -0.029058
12.105000 -0.028843
12.120000 -0.028630
12.135000 -0.028418
12.150000 -0.028206
12.165000 -0.027996
12.180000 -0.027787
12.195000 -0.027579
12.210000 -0.027372
12.225000 -0.027166
12.240000 -0.026961
12.255000 -0.026757
12.270000 -0.026554
12.285000 -0.026353
12.300000 -0.026152
12.315000 -0.025952
12.330000 -0.025753
12.345000 -0.025555
12.360000 -0.025358
12.375000 -0.025162
12.390000 -0.024967
12.405000 -0.024773
12.420000 -0.024579
12.435000 -0.024387
12.450000 -0.024196
12.465000 -0.024005
12.480000 -0.023816
12.495000 -0.023627
12.510000 -0.023439
12.525000 -0.023252
12.540000 -0.023066
12.555000 -0.022881
12.570000 -0.022697
12.585000 -0.022514
12.600000 -0.022331
12.615000 -0.022149
12.630000 -0.021968
12.645000 -0.021788
12.660000 -0.021609
12.675000 -0.021431
12.690000 -0.021253
12.705000 -0.021076
12.720000 -0.020900
12.735000 -0.020725
12.750000 -0.020551
12.765000 -0.020377
12.780000 -0.020204
12.795000 -0.020032
12.810000 -0.019861
12.825000 -0.019690
12.840000 -0.019520
12.855000 -0.019351
12.870000 -0.019183
12.885000 -0.019015
12.900000 -0.018848
12.915000 -0.018682
12.930000 -0.018516
12.945000 -0.018352
12.960000 -0.018187
12.975000 -0.018024
12.990000 -0.017861
13.005000 -0.017699
13.020000 -0.017538
13.035000 -0.017377
13.050000 -0.017217
13.065000 -0.017057
13.080000 -0.016899
13.095000 -0.016740
13.110000 -0.016583
13.125000 -0.016426
13.140000 -0.016270
13.155000 -0.016114
13.170000 -0.015959
13.185000 -0.015804
13.200000 -0.015650
13.215000 -0.015497
13.230000 -0.015344
13.245000 -0.015192
13.260000 -0.015041
13.275000 -0.014890
13.290000 -0.014739
13.305000 -0.014589
13.320000 -0.014440
13.335000 -0.014291
13.350000 -0.014143
13.365000 -0.013995
13.380000 -0.013848
13.395000 -0.013702
13.410000 -0.013556
13.425000 -0.013410
13.440000 -0.013265
13.455000 -0.013120
13.470000 -0.012976
13.485000 -0.012832
13.500000 -0.012689
13.515000 -0.012547
13.530000 -0.012405
13.545000 -0.012263
13.560000 -0.012122
13.575000 -0.011981
13.590000 -0.011840
13.605000 -0.011701
13.620000 -0.011561
13.635000 -0.011422
13.650000 -0.011283
13.665000 -0.011145
13.680000 -0.011008
13.695000 -0.010870
13.710000 -0.010733
13.725000 -0.010597
13.740000 -0.010461
13.755000 -0.010325
13.770000 -0.010190
13.785000 -0.010055
13.800000 -0.009920
13.815000 -0.009786
13.830000 -0.009652
13.845000 -0.009519
13.860000 -0.009386
13.875000 -0.009253
13.890000 -0.009121
13.905000 -0.008989
13.920000 -0.008857
13.935000 -0.008725
13.950000 -0.008594
13.965000 -0.008464
13.980000 -0.008333
13.995000 -0.008203
14.010000 -0.008073
14.025000 -0.007944
14.040000 -0.007815
14.055000 -0.007686
14.070000 -0.007557
14.085000 -0.007429
14.100000 -0.007301
14.115000 -0.007173
14.130000 -0.007046
14.145000 -0.006919
14.160000 -0.006792
14.175000 -0.006665
14.190000 -0.006539
14.205000 -0.006412
14.220000 -0.006287
14.235000 -0.006161
14.250000 -0.006035
14.265000 -0.005910
14.280000 -0.005785
14.295000 -0.005660
14.310000 -0.005536
14.325000 -0.005411
14.340000 -0.005287
14.355000 -0.005163
14.370000 -0.005039
14.385000 -0.004916
14.400000 -0.004792
14.415000 -0.004669
14.430000 -0.004546
14.445000 -0.004423
14.460000 -0.004301
14.475000 -0.004178
14.490000 -0.004056
14.505000 -0.003933
14.520000 -0.003811
14.535000 -0.003689
14.550000 -0.003568
14.565000 -0.003446
14.580000 -0.003324
14.595000 -0.003203
14.610000 -0.003082
14.625000 -0.002961
14.640000 -0.002839
14.655000 -0.002719
14.670000 -0.002598
14.685000 -0.002477
14.700000 -0.002356
14.715000 -0.002236
14.730000 -0.002115
14.745000 -0.001995
14.760000 -0.001874
14.775000 -0.001754
14.790000 -0.001634
14.805000 -0.001514
14.820000 -0.001394
14.835000 -0.001274
14.850000 -0.001154
14.865000 -0.001034
14.880000 -0.000914
14.895000 -0.000794
14.910000 -0.000674
14.925000 -0.000554
14.940000 -0.000435
14.955000 -0.000315
14.970000 -0.000195
14.985000 -0.000075
15.000000 0.000044


0.055539

0.000000 0.000000
0.015000 0.006729
0.030000 0.013272
0.045000 0.019617
0.060000 0.025764
0.075000 0.031718
0.090000 0.037481
0.105000 0.043055
0.120000 0.048444
0.135000 0.053649
0.150000 0.058675
0.165000 0.063523
0.180000 0.068197
0.195000 0.072698
0.210000 0.077029
0.225000 0.081194
0.240000 0.085194
0.255000 0.089032
0.270000 0.092711
0.285000 0.096233
0.300000 0.099601
0.315000 0.102817
0.330000 0.105883
0.345000 0.108803
0.360000 0.111577
0.375000 0.114210
0.390000 0.116702
0.405000 0.119057
0.420000 0.121277
0.435000 0.123364
0.450000 0.125320
0.465000 0.127147
0.480000 0.128849
0.495000 0.130426
0.510000 0.131882
0.525000 0.133217
0.540000 0.134436
0.555000 0.135539
0.570000 0.136528
0.585000 0.137407
0.600000 0.138176
0.615000 0.138838
0.630000 0.139395
0.645000 0.139850
0.660000 0.140203
0.675000 0.140457
0.690000 0.140613
0.705000 0.140675
0.720000 0.140643
0.735000 0.140520
0.750000 0.140307
0.765000 0.140007
0.780000 0.139621
0.795000 0.139150
0.810000 0.138598
0.825000 0.137965
0.840000 0.137253
0.855000 0.136465
0.870000 0.135601
0.885000 0.134663
0.900000 0.133654
0.915000 0.132575
0.930000 0.131427
0.945000 0.130212
0.960000 0.128932
0.975000 0.127588
0.990000 0.126182
1.005000 0.124716
1.020000 0.123191
1.035000 0.121608
1.050000 0.119969
1.065000 0.118276
1.080000 0.116530
1.095000 0.114733
1.110000 0.112885
1.125000 0.110989
1.140000 0.109046
1.155000 0.107057
1.170000 0.105024
1.185000 0.102947
1.200000 0.100829
1.215000 0.098671
1.230000 0.096473
1.245000 0.094238
1.260000 0.091967
1.275000 0.089660
1.290000 0.087319
1.305000 0.084946
1.320000 0.082541
1.335000 0.080107
1.350000 0.077643
1.365000 0.075151
1.380000 0.072633
1.395000 0.070089
1.410000 0.067521
1.425000 0.064929
1.440000 0.062316
1.455000 0.059681
1.470000 0.057027
1.485000 0.054353
1.500000 0.051662
1.515000 0.048954
1.530000 0.046230
1.545000 0.043491
1.560000 0.040739
1.575000 0.037974
1.590000 0.035197
1.605000 0.032409
1.620000 0.029612
1.635000 0.026805
1.650000 0.023991
1.665000 0.021169
1.680000 0.018341
1.695000 0.015507
1.710000 0.012669
1.725000 0.009828
1.740000 0.006984
1.755000 0.004137
1.770000 0.001290
1.785000 -0.001558
1.800000 -0.004406
1.815000 -0.007252
1.830000 -0.010096
1.845000 -0.012938
1.860000 -0.015776
1.875000 -0.018610
1.890000 -0.021439
1.905000 -0.024262
1.920000 -0.027079
1.935000 -0.029889
1.950000 -0.032691
1.965000 -0.035485
1.980000 -0.038270
1.995000 -0.041045
2.010000 -0.043810
2.025000 -0.046564
2.040000 -0.049306
2.055000 -0.052037
2.070000 -0.054754
2.085000 -0.057459
2.100000 -0.060149
2.115000 -0.062826
2.130000 -0.065487
2.145000 -0.068133
2.160000 -0.070762
2.175000 -0.073376
2.190000 -0.075972
2.205000 -0.078551
2.220000 -0.081111
2.235000 -0.083654
2.250000 -0.086177
2.265000 -0.088681
2.280000 -0.091165
2.295000 -0.093629
2.310000 -0.096072
2.325000 -0.098494
2.340000 -0.100895
2.355000 -0.103273
2.370000 -0.105630
2.385000 -0.107963
2.400000 -0.110274
2.415000 -0.112561
2.430000 -0.114824
2.445000 -0.117064
2.460000 -0.119278
2.475000 -0.121468
2.490000 -0.123633
2.505000 -0.125772
2.520000 -0.127886
2.535000 -0.129974
2.550000 -0.132035
2.565000 -0.134069
2.580000 -0.136077
2.595000 -0.138058
2.610000 -0.140011
2.625000 -0.141937
2.640000 -0.143835
2.655000 -0.145704
2.670000 -0.147546
2.685000 -0.149358
2.700000 -0.151142
2.715000 -0.152897
2.730000 -0.154623
2.745000 -0.156320
2.760000 -0.157987
2.775000 -0.159624
2.790000 -0.161231
2.805000 -0.162809
2.820000 -0.164356
2.835000 -0.165873
2.850000 -0.167359
2.865000 -0.168815
2.880000 -0.170240
2.895000 -0.171634
2.910000 -0.172997
2.925000 -0.174329
2.940000 -0.175630
2.955000 -0.176900
2.970000 -0.178138
2.985000 -0.179345
3.000000 -0.180521
3.015000 -0.181664
3.030000 -0.182777
3.045000 -0.183857
3.060000 -0.184906
3.075000 -0.185922
3.090000 -0.186907
3.105000 -0.187860
3.120000 -0.188782
3.135000 -0.189671
3.150000 -0.190528
3.165000 -0.191353
3.180000 -0.192147
3.195000 -0.192908
3.210000 -0.193637
3.225000 -0.194335
3.240000 -0.195000
3.255000 -0.195633
3.270000 -0.196235
3.285000 -0.196804
3.300000 -0.197342
3.315000 -0.197848
3.330000 -0.198322
3.345000 -0.198764
3.360000 -0.199175
3.375000 -0.199554
3.390000 -0.199901
3.405000 -0.200217
3.420000 -0.200501
3.435000 -0.200754
3.450000 -0.200975
3.465000 -0.201166
3.480000 -0.201325
3.495000 -0.201453
3.510000 -0.201550
3.525000 -0.201617
3.540000 -0.201652
3.555000 -0.201657
3.570000 -0.201631
3.585000 -0.201575
3.600000 -0.201489
3.615000 -0.201372
3.630000 -0.201225
3.645000 -0.201048
3.660000 -0.200842
3.675000 -0.200605
3.690000 -0.200339
3.705000 -0.200044
3.720000 -0.199719
3.735000 -0.199366
3.750000 -0.198983
3.765000 -0.198571
3.780000 -0.198131
3.795000 -0.197662
3.810000 -0.197164
3.825000 -0.196639
3.840000 -0.196085
3.855000 -0.195504
3.870000 -0.194895
3.885000 -0.194258
3.900000 -0.193594
3.915000 -0.192903
3.930000 -0.192185
3.945000 -0.191440
3.960000 -0.190668
3.975000 -0.189870
3.990000 -0.189046
4.005000 -0.188195
4.020000 -0.187319
4.035000 -0.186417
4.050000 -0.185490
4.065000 -0.184538
4.080000 -0.183560
4.095000 -0.182558
4.110000 -0.181531
4.125000 -0.180479
4.140000 -0.179403
4.155000 -0.178304
4.170000 -0.177180
4.185000 -0.176034
4.200000 -0.174863
4.215000 -0.173670
4.230000 -0.172454
4.245000 -0.171215
4.260000 -0.169953
4.275000 -0.168670
4.290000 -0.167364
4.305000 -0.166037
4.320000 -0.164688
4.335000 -0.163318
4.350000 -0.161927
4.365000 -0.160515
4.380000 -0.159083
4.395000 -0.157630
4.410000 -0.156157
4.425000 -0.154665
4.440000 -0.153152
4.455000 -0.151621
4.470000 -0.150070
4.485000 -0.148501
4.500000 -0.146912
4.515000 -0.145306
4.530000 -0.143681
4.545000 -0.142039
4.560000 -0.140379
4.575000 -0.138701
4.590000 -0.137007
4.605000 -0.135295
4.620000 -0.133567
4.635000 -0.131823
4.650000 -0.130062
4.665000 -0.128286
4.680000 -0.126494
4.695000 -0.124687
4.710000 -0.122864
4.725000 -0.121027
4.740000 -0.119176
4.755000 -0.117310
4.770000 -0.115430
4.785000 -0.113536
4.800000 -0.111629
4.815000 -0.109708
4.830000 -0.107774
4.845000 -0.105828
4.860000 -0.103869
4.875000 -0.101898
4.890000 -0.099916
4.905000 -0.097921
4.920000 -0.095915
4.935000 -0.093898
4.950000 -0.091870
4.965000 -0.089831
4.980000 -0.087782
4.995000 -0.085722
5.010000 -0.083653
5.025000 -0.081575
5.040000 -0.079487
5.055000 -0.077389
5.070000 -0.075283
5.085000 -0.073169
5.100000 -0.071046
5.115000 -0.068915
5.130000 -0.066776
5.145000 -0.064630
5.160000 -0.062477
5.175000 -0.060316
5.190000 -0.058149
5.205000 -0.055975
5.220000 -0.053795
5.235000 -0.051609
5.250000 -0.049418
5.265000 -0.047220
5.280000 -0.045018
5.295000 -0.042811
5.310000 -0.040599
5.325000 -0.038382
5.340000 -0.036161
5.355000 -0.033937
5.370000 -0.031708
5.385000 -0.029477
5.400000 -0.027242
5.415000 -0.025004
5.430000 -0.022763
5.445000 -0.020520
5.460000 -0.018275
5.475000 -0.016027
5.490000 -0.013778
5.505000 -0.011528
5.520000 -0.009276
5.535000 -0.007023
5.550000 -0.004770
5.565000 -0.002516
5.580000 -0.000262
5.595000 0.001992
5.610000 0.004246
5.625000 0.006500
5.640000 0.008753
5.655000 0.011005
5.670000 0.013256
5.685000 0.015505
5.700000 0.017753
5.715000 0.019999
5.730000 0.022243
5.745000 0.024485
5.760000 0.026724
5.775000 0.028960
5.790000 0.031193
5.805000 0.033423
5.820000 0.035650
5.835000 0.037873
5.850000 0.040092
5.865000 0.042308
5.880000 0.044518
5.895000 0.046725
5.910000 0.048926
5.925000 0.051123
5.940000 0.053314
5.955000 0.055500
5.970000 0.057681
5.985000 0.059856
6.000000 0.062025
6.015000 0.064192
6.030000 0.066357
6.045000 0.068521
6.060000 0.070683
6.075000 0.072844
6.090000 0.075003
6.105000 0.077159
6.120000 0.079314
6.135000 0.081467
6.150000 0.083618
6.165000 0.085766
6.180000 0.087913
6.195000 0.090057
6.210000 0.092199
6.225000 0.094339
6.240000 0.096477
6.255000 0.098612
6.270000 0.100744
6.285000 0.102874
6.300000 0.105002
6.315000 0.107127
6.330000 0.109249
6.345000 0.111368
6.360000 0.113485
6.375000 0.115599
6.390000 0.117710
6.405000 0.119818
6.420000 0.121923
6.435000 0.124025
6.450000 0.126124
6.465000 0.128219
6.480000 0.130312
6.495000 0.132401
6.510000 0.134487
6.525000 0.136570
6.540000 0.138649
6.555000 0.140724
6.570000 0.142797
6.585000 0.144865
6.600000 0.146930
6.615000 0.148992
6.630000 0.151049
6.645000 0.153103
6.660000 0.155153
6.675000 0.157199
6.690000 0.159241
6.705000 0.161280
6.720000 0.163314
6.735000 0.165344
6.750000 0.167370
6.765000 0.169392
6.780000 0.171409
6.795000 0.173422
6.810000 0.175431
6.825000 0.177436
6.840000 0.179436
6.855000 0.181432
6.870000 0.183423
6.885000 0.185409
6.900000 0.187391
6.915000 0.189368
6.930000 0.191341
6.945000 0.193308
6.960000 0.195271
6.975000 0.197229
6.990000 0.199182
7.005000 0.201130
7.020000 0.203073
7.035000 0.205011
7.050000 0.206944
7.065000 0.208872
7.080000 0.210794
7.095000 0.212711
7.110000 0.214623
7.125000 0.216530
7.140000 0.218431
7.155000 0.220326
7.170000 0.222216
7.185000 0.224101
7.200000 0.225980
7.215000 0.227853
7.230000 0.229721
7.245000 0.231583
7.260000 0.233439
7.275000 0.235289
7.290000 0.237134
7.305000 0.238972
7.320000 0.240804
7.335000 0.242631
7.350000 0.244451
7.365000 0.246266
7.380000 0.248074
7.395000 0.249876
7.410000 0.251671
7.425000 0.253461
7.440000 0.255244
7.455000 0.257020
7.470000 0.258791
7.485000 0.260554
7.500000 0.262312
7.515000 0.264062
7.530000 0.265807
7.545000 0.267544
7.560000 0.269275
7.575000 0.270999
7.590000 0.272716
7.605000 0.274427
7.620000 0.276130
7.635000 0.277827
7.650000 0.279517
7.665000 0.281200
7.680000 0.282875
7.695000 0.284544
7.710000 0.286206
7.725000 0.287860
7.740000 0.289507
7.755000 0.291147
7.770000 0.292780
7.785000 0.294405
7.800000 0.296023
7.815000 0.297634
7.830000 0.299237
7.845000 0.300833
7.860000 0.302421
7.875000 0.304002
7.890000 0.305575
7.905000 0.307140
7.920000 0.308698
7.935000 0.310248
7.950000 0.311790
7.965000 0.313325
7.980000 0.314851
7.995000 0.316370
8.010000 0.317881
8.025000 0.319384
8.040000 0.320879
8.055000 0.322366
8.070000 0.323845
8.085000 0.325315
8.100000 0.326778
8.115000 0.328233
8.130000 0.329679
8.145000 0.331117
8.160000 0.332547
8.175000 0.333968
8.190000 0.335381
8.205000 0.336786
8.220000 0.338182
8.235000 0.339570
8.250000 0.340949
8.265000 0.342320
8.280000 0.343683
8.295000 0.345036
8.310000 0.346381
8.325000 0.347718
8.340000 0.349045
8.355000 0.350364
8.370000 0.351675
8.385000 0.352976
8.400000 0.354269
8.415000 0.355553
8.430000 0.356827
8.445000 0.358093
8.460000 0.359350
8.475000 0.360599
8.490000 0.361838
8.505000 0.363068
8.520000 0.364288
8.535000 0.365500
8.550000 0.366703
8.565000 0.367896
8.580000 0.369081
8.595000 0.370256
8.610000 0.371422
8.625000 0.372578
8.640000 0.373726
8.655000 0.374863
8.670000 0.375992
8.685000 0.377111
8.700000 0.378221
8.715000 0.379321
8.730000 0.380412
8.745000 0.381493
8.760000 0.382565
8.775000 0.383627
8.790000 0.384680
8.805000 0.385723
8.820000 0.386756
8.835000 0.387780
8.850000 0.388794
8.865000 0.389798
8.880000 0.390792
8.895000 0.391777
8.910000 0.392752
8.925000 0.393717
8.940000 0.394673
8.955000 0.395618
8.970000 0.396554
8.985000 0.397479
9.000000 0.398395
9.015000 0.399301
9.030000 0.400196
9.045000 0.401082
9.060000 0.401958
9.075000 0.402824
9.090000 0.403679
9.105000 0.404525
9.120000 0.405360
9.135000 0.406186
9.150000 0.407001
9.165000 0.407806
9.180000 0.408601
9.195000 0.409385
9.210000 0.410159
9.225000 0.410924
9.240000 0.411677
9.255000 0.412421
9.270000 0.413154
9.285000 0.413877
9.300000 0.414590
9.315000 0.415292
9.330000 0.415984
9.345000 0.416665
9.360000 0.417336
9.375000 0.417997
9.390000 0.418647
9.405000 0.419286
9.420000 0.419916
9.435000 0.420534
9.450000 0.421143
9.465000 0.421740
9.480000 0.422327
9.495000 0.422904
9.510000 0.423470
9.525000 0.424025
9.540000 0.424570
9.555000 0.425104
9.570000 0.425628
9.585000 0.426141
9.600000 0.426643
9.615000 0.427135
9.630000 0.427616
9.645000 0.428086
9.660000 0.428546
9.675000 0.428994
9.690000 0.429433
9.705000 0.429860
9.720000 0.430277
9.735000 0.430683
9.750000 0.431078
9.765000 0.431462
9.780000 0.431836
9.795000 0.432198
9.810000 0.432550
9.825000 0.432892
9.840000 0.433222
9.855000 0.433542
9.870000 0.433850
9.885000 0.434148
9.900000 0.434435
9.915000 0.434711
9.930000 0.434977
9.945000 0.435231
9.960000 0.435474
9.975000 0.435707
9.990000 0.435929
10.005000 0.436140
10.020000 0.436340
10.035000 0.436529
10.050000 0.436707
10.065000 0.436874
10.080000 0.437031
10.095000 0.437176
10.110000 0.437310
10.125000 0.437434
10.140000 0.437547
10.155000 0.437648
10.170000 0.437739
10.185000 0.437819
10.200000 0.437888
10.215000 0.437946
10.230000 0.437992
10.245000 0.438028
10.260000 0.438054
10.275000 0.438068
10.290000 0.438071
10.305000 0.438063
10.320000 0.438044
10.335000 0.438015
10.350000 0.437974
10.365000 0.437923
10.380000 0.437860
10.395000 0.437787
10.410000 0.437702
10.425000 0.437607
10.440000 0.437501
10.455000 0.437383
10.470000 0.437255
10.485000 0.437116
10.500000 0.436966
10.515000 0.436805
10.530000 0.436633
10.545000 0.436451
10.560000 0.436257
10.575000 0.436053
10.590000 0.435837
10.605000 0.435611
10.620000 0.435374
10.635000 0.435125
10.650000 0.434866
10.665000 0.434597
10.680000 0.434316
10.695000 0.434024
10.710000 0.433722
10.725000 0.433409
10.740000 0.433085
10.755000 0.432750
10.770000 0.432404
10.785000 0.432047
10.800000 0.431680
10.815000 0.431302
10.830000 0.430913
10.845000 0.430513
10.860000 0.430103
10.875000 0.429682
10.890000 0.429250
10.905000 0.428807
10.920000 0.428354
10.935000 0.427890
10.950000 0.427415
10.965000 0.426930
10.980000 0.426434
10.995000 0.425927
11.010000 0.425409
11.025000 0.424881
11.040000 0.424343
11.055000 0.423793
11.070000 0.423234
11.085000 0.422663
11.100000 0.422082
11.115000 0.421491
11.130000 0.420889
11.145000 0.420276
11.160000 0.419653
11.175000 0.419019
11.190000 0.418375
11.205000 0.417721
11.220000 0.417056
11.235000 0.416380
11.250000 0.415695
11.265000 0.414998
11.280000 0.414292
11.295000 0.413575
11.310000 0.412848
11.325000 0.412110
11.340000 0.411362
11.355000 0.410604
11.370000 0.409836
11.385000 0.409057
11.400000 0.408268
11.415000 0.407469
11.430000 0.406660
11.445000 0.405840
11.460000 0.405011
11.475000 0.404171
11.490000 0.403321
11.505000 0.402462
11.520000 0.401592
11.535000 0.400712
11.550000 0.399822
11.565000 0.398922
11.580000 0.398012
11.595000 0.397092
11.610000 0.396162
11.625000 0.395222
11.640000 0.394273
11.655000 0.393313
11.670000 0.392344
11.685000 0.391365
11.700000 0.390376
11.715000 0.389378
11.730000 0.388369
11.745000 0.387351
11.760000 0.386323
11.775000 0.385286
11.790000 0.384239
11.805000 0.383182
11.820000 0.382116
11.835000 0.381040
11.850000 0.379955
11.865000 0.378860
11.880000 0.377756
11.895000 0.376642
11.910000 0.375519
11.925000 0.374387
11.940000 0.373245
11.955000 0.372094
11.970000 0.370933
11.985000 0.369764
12.000000 0.368585
12.015000 0.367397
12.030000 0.366199
12.045000 0.364993
12.060000 0.363777
12.075000 0.362552
12.090000 0.361319
12.105000 0.360076
12.120000 0.358824
12.135000 0.357563
12.150000 0.356293
12.165000 0.355015
12.180000 0.353727
12.195000 0.352431
12.210000 0.351126
12.225000 0.349812
12.240000 0.348489
12.255000 0.347158
12.270000 0.345818
12.285000 0.344469
12.300000 0.343112
12.315000 0.341746
12.330000 0.340371
12.345000 0.338989
12.360000 0.337597
12.375000 0.336197
12.390000 0.334789
12.405000 0.333372
12.420000 0.331948
12.435000 0.330514
12.450000 0.329073
12.465000 0.327623
12.480000 0.326165
12.495000 0.324699
12.510000 0.323225
12.525000 0.321743
12.540000 0.320252
12.555000 0.318754
12.570000 0.317248
12.585000 0.315734
12.600000 0.314212
12.615000 0.312682
12.630000 0.311144
12.645000 0.309598
12.660000 0.308045
12.675000 0.306484
12.690000 0.304915
12.705000 0.303339
12.720000 0.301755
12.735000 0.300164
12.750000 0.298565
12.765000 0.296959
12.780000 0.295345
12.795000 0.293724
12.810000 0.292095
12.825000 0.290460
12.840000 0.288817
12.855000 0.287166
12.870000 0.285509
12.885000 0.283844
12.900000 0.282173
12.915000 0.280494
12.930000 0.278808
12.945000 0.277116
12.960000 0.275416
12.975000 0.273710
12.990000 0.271996
13.005000 0.270276
13.020000 0.268549
13.035000 0.266816
13.050000 0.265075
13.065000 0.263328
13.080000 0.261575
13.095000 0.259815
13.110000 0.258048
13.125000 0.256275
13.140000 0.254496
13.155000 0.252710
13.170000 0.250918
13.185000 0.249120
13.200000 0.247315
13.215000 0.245505
13.230000 0.243688
13.245000 0.241865
13.260000 0.240036
13.275000 0.238201
13.290000 0.236360
13.305000 0.234513
13.320000 0.232660
13.335000 0.230802
13.350000 0.228938
13.365000 0.227068
13.380000 0.225192
13.395000 0.223311
13.410000 0.221424
13.425000 0.219531
13.440000 0.217633
13.455000 0.215730
13.470000 0.213821
13.485000 0.211907
13.500000 0.209988
13.515000 0.208063
13.530000 0.206133
13.545000 0.204198
13.560000 0.202258
13.575000 0.200313
13.590000 0.198363
13.605000 0.196408
13.620000 0.194448
13.635000 0.192483
13.650000 0.190513
13.665000 0.188539
13.680000 0.186560
13.695000 0.184576
13.710000 0.182587
13.725000 0.180594
13.740000 0.178597
13.755000 0.176595
13.770000 0.174589
13.785000 0.172578
13.800000 0.170563
13.815000 0.168543
13.830000 0.166520
13.845000 0.164492
13.860000 0.162460
13.875000 0.160424
13.890000 0.158385
13.905000 0.156341
13.920000 0.154293
13.935000 0.152241
13.950000 0.150186
13.965000 0.148127
13.980000 0.146064
13.995000 0.143997
14.010000 0.141927
14.025000 0.139854
14.040000 0.137776
14.055000 0.135696
14.070000 0.133612
14.085000 0.131525
14.100000 0.129434
14.115000 0.127340
14.130000 0.125243
14.145000 0.123143
14.160000 0.121040
14.175000 0.118933
14.190000 0.116824
14.205000 0.114712
14.220000 0.112597
14.235000 0.110479
14.250000 0.108358
14.265000 0.106235
14.280000 0.104109
14.295000 0.101981
14.310000 0.099849
14.325000 0.097716
14.340000 0.095580
14.355000 0.093441
14.370000 0.091301
14.385000 0.089158
14.400000 0.087012
14.415000 0.084865
14.430000 0.082715
14.445000 0.080564
14.460000 0.078410
14.475000 0.076254
14.490000 0.074097
14.505000 0.071937
14.520000 0.069776
14.535000 0.067613
14.550000 0.065449
14.565000 0.063282
14.580000 0.061114
14.595000 0.058945
14.610000 0.056774
14.625000 0.054602
14.640000 0.052428
14.655000 0.050253
14.670000 0.048077
14.685000 0.045900
14.700000 0.043721
14.715000 0.041542
14.730000 0.039361
14.745000 0.037179
14.760000 0.034997
14.775000 0.032813
14.790000 0.030629
14.805000 0.028444
14.820000 0.026258
14.835000 0.024072
14.850000 0.021885
14.865000 0.019697
14.880000 0.017509
14.895000 0.015321
14.910000 0.013132
14.925000 0.010943
14.940000 0.008753
14.955000 0.006564
14.970000 0.004374
14.985000 0.002184
15.000000 -0.000006


