0.062152

0.000000 0.000000
0.015000 0.008830
0.030000 0.017174
0.045000 0.025004
0.060000 0.032332
0.075000 0.039175
0.090000 0.045546
0.105000 0.051460
0.120000 0.056932
0.135000 0.061976
0.150000 0.066604
0.165000 0.070831
0.180000 0.074670
0.195000 0.078133
0.210000 0.081233
0.225000 0.083983
0.240000 0.086395
0.255000 0.088480
0.270000 0.090251
0.285000 0.091718
0.300000 0.092892
0.315000 0.093786
0.330000 0.094409
0.345000 0.094772
0.360000 0.094884
0.375000 0.094757
0.390000 0.094400
0.405000 0.093823
0.420000 0.093034
0.435000 0.092043
0.450000 0.090859
0.465000 0.089491
0.480000 0.087948
0.495000 0.086237
0.510000 0.084366
0.525000 0.082345
0.540000 0.080180
0.555000 0.077879
0.570000 0.075449
0.585000 0.072898
0.600000 0.070233
0.615000 0.067461
0.630000 0.064588
0.645000 0.061621
0.660000 0.058567
0.675000 0.055431
0.690000 0.052219
0.705000 0.048938
0.720000 0.045592
0.735000 0.042189
0.750000 0.038733
0.765000 0.035229
0.780000 0.031683
0.795000 0.028099
0.810000 0.024483
0.825000 0.020839
0.840000 0.017171
0.855000 0.013485
0.870000 0.009784
0.885000 0.006072
0.900000 0.002354
0.915000 -0.001366
0.930000 -0.005085
0.945000 -0.008799
0.960000 -0.012504
0.975000 -0.016197
0.990000 -0.019874
1.005000 -0.023534
1.020000 -0.027171
1.035000 -0.030784
1.050000 -0.034369
1.065000 -0.037923
1.080000 -0.041445
1.095000 -0.044931
1.110000 -0.048378
1.125000 -0.051785
1.140000 -0.055150
1.155000 -0.058469
1.170000 -0.061741
1.185000 -0.064963
1.200000 -0.068135
1.215000 -0.071253
1.230000 -0.074317
1.245000 -0.077325
1.260000 -0.080274
1.275000 -0.083164
1.290000 -0.085992
1.305000 -0.088759
1.320000 -0.091461
1.335000 -0.094099
1.350000 -0.096671
1.365000 -0.099175
1.380000 -0.101612
1.395000 -0.103979
1.410000 -0.106276
1.425000 -0.108503
1.440000 -0.110658
1.455000 -0.112740
1.470000 -0.114750
1.485000 -0.116686
1.500000 -0.118549
1.515000 -0.120336
1.530000 -0.122049
1.545000 -0.123687
1.560000 -0.125250
1.575000 -0.126736
1.590000 -0.128147
1.605000 -0.129481
1.620000 -0.130740
1.635000 -0.131922
1.650000 -0.133027
1.665000 -0.134057
1.680000 -0.135010
1.695000 -0.135887
1.710000 -0.136688
1.725000 -0.137414
1.740000 -0.138063
1.755000 -0.138638
1.770000 -0.139138
1.785000 -0.139563
1.800000 -0.139913
1.815000 -0.140190
1.830000 -0.140393
1.845000 -0.140524
1.860000 -0.140582
1.875000 -0.140568
1.890000 -0.140482
1.905000 -0.140326
1.920000 -0.140100
1.935000 -0.139804
1.950000 -0.139439
1.965000 -0.139006
1.980000 -0.138505
1.995000 -0.137937
2.010000 -0.137304
2.025000 -0.136605
2.040000 -0.135841
2.055000 -0.135014
2.070000 -0.134124
2.085000 -0.133171
2.100000 -0.132158
2.115000 -0.131084
2.130000 -0.129951
2.145000 -0.128759
2.160000 -0.127510
2.175000 -0.126204
2.190000 -0.124842
2.205000 -0.123425
2.220000 -0.121955
2.235000 -0.120432
2.250000 -0.118856
2.265000 -0.117230
2.280000 -0.115554
2.295000 -0.113830
2.310000 -0.112057
2.325000 -0.110238
2.340000 -0.108373
2.355000 -0.106463
2.370000 -0.104509
2.385000 -0.102513
2.400000 -0.100476
2.415000 -0.098398
2.430000 -0.096280
2.445000 -0.094124
2.460000 -0.091931
2.475000 -0.089702
2.490000 -0.087437
2.505000 -0.085138
2.520000 -0.082807
2.535000 -0.080444
2.550000 -0.078049
2.565000 -0.075625
2.580000 -0.073173
2.595000 -0.070693
2.610000 -0.068186
2.625000 -0.065654
2.640000 -0.063097
2.655000 -0.060518
2.670000 -0.057916
2.685000 -0.055293
2.700000 -0.052649
2.715000 -0.049987
2.730000 -0.047307
2.745000 -0.044610
2.760000 -0.041897
2.775000 -0.039169
2.790000 -0.036428
2.805000 -0.033673
2.820000 -0.030907
2.835000 -0.028131
2.850000 -0.025344
2.865000 -0.022549
2.880000 -0.019746
2.895000 -0.016936
2.910000 -0.014121
2.925000 -0.011301
2.940000 -0.008477
2.955000 -0.005650
2.970000 -0.002821
2.985000 0.000009
3.000000 0.002838
3.015000 0.005667
3.030000 0.008494
3.045000 0.011318
3.060000 0.014138
3.075000 0.016954
3.090000 0.019765
3.105000 0.022569
3.120000 0.025366
3.135000 0.028155
3.150000 0.030935
3.165000 0.033705
3.180000 0.036465
3.195000 0.039213
3.210000 0.041950
3.225000 0.044673
3.240000 0.047383
3.255000 0.050078
3.270000 0.052758
3.285000 0.055422
3.300000 0.058069
3.315000 0.060699
3.330000 0.063311
3.345000 0.065903
3.360000 0.068476
3.375000 0.071029
3.390000 0.073561
3.405000 0.076072
3.420000 0.078560
3.435000 0.081025
3.450000 0.083467
3.465000 0.085885
3.480000 0.088278
3.495000 0.090645
3.510000 0.092987
3.525000 0.095302
3.540000 0.097591
3.555000 0.099852
3.570000 0.102084
3.585000 0.104288
3.600000 0.106463
3.615000 0.108609
3.630000 0.110724
3.645000 0.112809
3.660000 0.114863
3.675000 0.116885
3.690000 0.118876
3.705000 0.120834
3.720000 0.122759
3.735000 0.124652
3.750000 0.126510
3.765000 0.128335
3.780000 0.130126
3.795000 0.131882
3.810000 0.133603
3.825000 0.135289
3.840000 0.136939
3.855000 0.138553
3.870000 0.140131
3.885000 0.141672
3.900000 0.143177
3.915000 0.144645
3.930000 0.146075
3.945000 0.147468
3.960000 0.148823
3.975000 0.150140
3.990000 0.151419
4.005000 0.152659
4.020000 0.153861
4.035000 0.155024
4.050000 0.156149
4.065000 0.157234
4.080000 0.158280
4.095000 0.159286
4.110000 0.160254
4.125000 0.161181
4.140000 0.162069
4.155000 0.162917
4.170000 0.163725
4.185000 0.164494
4.200000 0.165222
4.215000 0.165911
4.230000 0.166559
4.245000 0.167167
4.260000 0.167735
4.275000 0.168263
4.290000 0.168751
4.305000 0.169199
4.320000 0.169607
4.335000 0.169974
4.350000 0.170302
4.365000 0.170589
4.380000 0.170837
4.395000 0.171044
4.410000 0.171212
4.425000 0.171340
4.440000 0.171429
4.455000 0.171478
4.470000 0.171487
4.485000 0.171458
4.500000 0.171389
4.515000 0.171281
4.530000 0.171134
4.545000 0.170948
4.560000 0.170723
4.575000 0.170460
4.590000 0.170159
4.605000 0.169820
4.620000 0.169443
4.635000 0.169028
4.650000 0.168575
4.665000 0.168085
4.680000 0.167558
4.695000 0.166994
4.710000 0.166394
4.725000 0.165757
4.740000 0.165083
4.755000 0.164374
4.770000 0.163629
4.785000 0.162849
4.800000 0.162033
4.815000 0.161183
4.830000 0.160298
4.845000 0.159378
4.860000 0.158425
4.875000 0.157438
4.890000 0.156417
4.905000 0.155363
4.920000 0.154276
4.935000 0.153157
4.950000 0.152005
4.965000 0.150822
4.980000 0.149607
4.995000 0.148361
5.010000 0.147084
5.025000 0.145776
5.040000 0.144438
5.055000 0.143071
5.070000 0.141673
5.085000 0.140247
5.100000 0.138792
5.115000 0.137309
5.130000 0.135798
5.145000 0.134259
5.160000 0.132692
5.175000 0.131099
5.190000 0.129480
5.205000 0.127834
5.220000 0.126163
5.235000 0.124467
5.250000 0.122745
5.265000 0.120999
5.280000 0.119229
5.295000 0.117436
5.310000 0.115619
5.325000 0.113779
5.340000 0.111917
5.355000 0.110033
5.370000 0.108127
5.385000 0.106200
5.400000 0.104253
5.415000 0.102285
5.430000 0.100297
5.445000 0.098290
5.460000 0.096264
5.475000 0.094219
5.490000 0.092157
5.505000 0.090076
5.520000 0.087978
5.535000 0.085864
5.550000 0.083733
5.565000 0.081586
5.580000 0.079424
5.595000 0.077246
5.610000 0.075055
5.625000 0.072848
5.640000 0.070629
5.655000 0.068396
5.670000 0.066150
5.685000 0.063892
5.700000 0.061622
5.715000 0.059340
5.730000 0.057048
5.745000 0.054745
5.760000 0.052432
5.775000 0.050109
5.790000 0.047777
5.805000 0.045436
5.820000 0.043087
5.835000 0.040730
5.850000 0.038365
5.865000 0.035994
5.880000 0.033616
5.895000 0.031232
5.910000 0.028843
5.925000 0.026448
5.940000 0.024048
5.955000 0.021644
5.970000 0.019236
5.985000 0.016825
6.000000 0.014411
6.015000 0.011997
6.030000 0.009582
6.045000 0.007166
6.060000 0.004751
6.075000 0.002335
6.090000 -0.000080
6.105000 -0.002496
6.120000 -0.004912
6.135000 -0.007327
6.150000 -0.009742
6.165000 -0.012157
6.180000 -0.014572
6.195000 -0.016986
6.210000 -0.019400
6.225000 -0.021813
6.240000 -0.024226
6.255000 -0.026638
6.270000 -0.029049
6.285000 -0.031459
6.300000 -0.033869
6.315000 -0.036277
6.330000 -0.038685
6.345000 -0.041091
6.360000 -0.043496
6.375000 -0.045900
6.390000 -0.048303
6.405000 -0.050705
6.420000 -0.053105
6.435000 -0.055503
6.450000 -0.057900
6.465000 -0.060296
6.480000 -0.062689
6.495000 -0.065081
6.510000 -0.067471
6.525000 -0.069860
6.540000 -0.072246
6.555000 -0.074630
6.570000 -0.077012
6.585000 -0.079392
6.600000 -0.081770
6.615000 -0.084145
6.630000 -0.086519
6.645000 -0.088889
6.660000 -0.091258
6.675000 -0.093623
6.690000 -0.095986
6.705000 -0.098347
6.720000 -0.100704
6.735000 -0.103059
6.750000 -0.105411
6.765000 -0.107760
6.780000 -0.110106
6.795000 -0.112449
6.810000 -0.114789
6.825000 -0.117125
6.840000 -0.119458
6.855000 -0.121788
6.870000 -0.124115
6.885000 -0.126438
6.900000 -0.128757
6.915000 -0.131073
6.930000 -0.133385
6.945000 -0.135694
6.960000 -0.137999
6.975000 -0.140299
6.990000 -0.142596
7.005000 -0.144889
7.020000 -0.147178
7.035000 -0.149463
7.050000 -0.151744
7.065000 -0.154020
7.080000 -0.156292
7.095000 -0.158560
7.110000 -0.160823
7.125000 -0.163082
7.140000 -0.165336
7.155000 -0.167585
7.170000 -0.169830
7.185000 -0.172070
7.200000 -0.174305
7.215000 -0.176536
7.230000 -0.178761
7.245000 -0.180982
7.260000 -0.183197
7.275000 -0.185408
7.290000 -0.187613
7.305000 -0.189813
7.320000 -0.192007
7.335000 -0.194196
7.350000 -0.196380
7.365000 -0.198558
7.380000 -0.200731
7.395000 -0.202898
7.410000 -0.205060
7.425000 -0.207215
7.440000 -0.209365
7.455000 -0.211509
7.470000 -0.213647
7.485000 -0.215779
7.500000 -0.217906
7.515000 -0.220026
7.530000 -0.222139
7.545000 -0.224247
7.560000 -0.226348
7.575000 -0.228443
7.590000 -0.230532
7.605000 -0.232614
7.620000 -0.234690
7.635000 -0.236759
7.650000 -0.238822
7.665000 -0.240877
7.680000 -0.242927
7.695000 -0.244969
7.710000 -0.247004
7.725000 -0.249033
7.740000 -0.251054
7.755000 -0.253069
7.770000 -0.255076
7.785000 -0.257077
7.800000 -0.259070
7.815000 -0.261056
7.830000 -0.263035
7.845000 -0.265006
7.860000 -0.266970
7.875000 -0.268926
7.890000 -0.270875
7.905000 -0.272816
7.920000 -0.274750
7.935000 -0.276676
7.950000 -0.278594
7.965000 -0.280504
7.980000 -0.282407
7.995000 -0.284302
8.010000 -0.286188
8.025000 -0.288067
8.040000 -0.289938
8.055000 -0.291800
8.070000 -0.293655
8.085000 -0.295501
8.100000 -0.297339
8.115000 -0.299168
8.130000 -0.300990
8.145000 -0.302803
8.160000 -0.304607
8.175000 -0.306403
8.190000 -0.308190
8.205000 -0.309969
8.220000 -0.311739
8.235000 -0.313500
8.250000 -0.315252
8.265000 -0.316996
8.280000 -0.318731
8.295000 -0.320457
8.310000 -0.322174
8.325000 -0.323882
8.340000 -0.325581
8.355000 -0.327270
8.370000 -0.328951
8.385000 -0.330622
8.400000 -0.332284
8.415000 -0.333937
8.430000 -0.335581
8.445000 -0.337215
8.460000 -0.338840
8.475000 -0.340455
8.490000 -0.342061
8.505000 -0.343657
8.520000 -0.345243
8.535000 -0.346820
8.550000 -0.348387
8.565000 -0.349945
8.580000 -0.351492
8.595000 -0.353030
8.610000 -0.354558
8.625000 -0.356076
8.640000 -0.357584
8.655000 -0.359082
8.670000 -0.360570
8.685000 -0.362048
8.700000 -0.363516
8.715000 -0.364974
8.730000 -0.366421
8.745000 -0.367858
8.760000 -0.369285
8.775000 -0.370702
8.790000 -0.372108
8.805000 -0.373504
8.820000 -0.374889
8.835000 -0.376264
8.850000 -0.377628
8.865000 -0.378982
8.880000 -0.380325
8.895000 -0.381658
8.910000 -0.382980
8.925000 -0.384291
8.940000 -0.385591
8.955000 -0.386881
8.970000 -0.388160
8.985000 -0.389428
9.000000 -0.390685
9.015000 -0.391931
9.030000 -0.393166
9.045000 -0.394390
9.060000 -0.395603
9.075000 -0.396805
9.090000 -0.397996
9.105000 -0.399176
9.120000 -0.400345
9.135000 -0.401502
9.150000 -0.402649
9.165000 -0.403784
9.180000 -0.404907
9.195000 -0.406020
9.210000 -0.407121
9.225000 -0.408210
9.240000 -0.409289
9.255000 -0.410355
9.270000 -0.411411
9.285000 -0.412454
9.300000 -0.413487
9.315000 -0.414507
9.330000 -0.415516
9.345000 -0.416514
9.360000 -0.417500
9.375000 -0.418474
9.390000 -0.419436
9.405000 -0.420387
9.420000 -0.421326
9.435000 -0.422253
9.450000 -0.423168
9.465000 -0.424072
9.480000 -0.424964
9.495000 -0.425843
9.510000 -0.426711
9.525000 -0.427567
9.540000 -0.428411
9.555000 -0.429243
9.570000 -0.430063
9.585000 -0.430871
9.600000 -0.431667
9.615000 -0.432451
9.630000 -0.433223
9.645000 -0.433982
9.660000 -0.434730
9.675000 -0.435465
9.690000 -0.436188
9.705000 -0.436899
9.720000 -0.437598
9.735000 -0.438284
9.750000 -0.438959
9.765000 -0.439621
9.780000 -0.440270
9.795000 -0.440908
9.810000 -0.441533
9.825000 -0.442145
9.840000 -0.442746
9.855000 -0.443333
9.870000 -0.443909
9.885000 -0.444472
9.900000 -0.445023
9.915000 -0.445561
9.930000 -0.446087
9.945000 -0.446600
9.960000 -0.447101
9.975000 -0.447589
9.990000 -0.448065
10.005000 -0.448528
10.020000 -0.448979
10.035000 -0.449417
10.050000 -0.449843
10.065000 -0.450256
10.080000 -0.450656
10.095000 -0.451044
10.110000 -0.451419
10.125000 -0.451781
10.140000 -0.452131
10.155000 -0.452469
10.170000 -0.452793
10.185000 -0.453105
10.200000 -0.453404
10.215000 -0.453691
10.230000 -0.453965
10.245000 -0.454226
10.260000 -0.454475
10.275000 -0.454710
10.290000 -0.454934
10.305000 -0.455144
10.320000 -0.455342
10.335000 -0.455526
10.350000 -0.455699
10.365000 -0.455858
10.380000 -0.456005
10.395000 -0.456139
10.410000 -0.456260
10.425000 -0.456368
10.440000 -0.456464
10.455000 -0.456547
10.470000 -0.456617
10.485000 -0.456674
10.500000 -0.456718
10.515000 -0.456750
10.530000 -0.456769
10.545000 -0.456775
10.560000 -0.456769
10.575000 -0.456750
10.590000 -0.456717
10.605000 -0.456673
10.620000 -0.456615
10.635000 -0.456545
10.650000 -0.456461
10.665000 -0.456365
10.680000 -0.456257
10.695000 -0.456135
10.710000 -0.456001
10.725000 -0.455854
10.740000 -0.455694
10.755000 -0.455522
10.770000 -0.455336
10.785000 -0.455138
10.800000 -0.454928
10.815000 -0.454704
10.830000 -0.454468
10.845000 -0.454219
10.860000 -0.453958
10.875000 -0.453684
10.890000 -0.453397
10.905000 -0.453097
10.920000 -0.452785
10.935000 -0.452460
10.950000 -0.452122
10.965000 -0.451772
10.980000 -0.451409
10.995000 -0.451034
11.010000 -0.450645
11.025000 -0.450245
11.040000 -0.449831
11.055000 -0.449405
11.070000 -0.448967
11.085000 -0.448516
11.100000 -0.448052
11.115000 -0.447576
11.130000 -0.447088
11.145000 -0.446587
11.160000 -0.446073
11.175000 -0.445547
11.190000 -0.445008
11.205000 -0.444457
11.220000 -0.443894
11.235000 -0.443318
11.250000 -0.442730
11.265000 -0.442129
11.280000 -0.441516
11.295000 -0.440891
11.310000 -0.440253
11.325000 -0.439603
11.340000 -0.438941
11.355000 -0.438266
11.370000 -0.437579
11.385000 -0.436880
11.400000 -0.436169
11.415000 -0.435446
11.430000 -0.434710
11.445000 -0.433962
11.460000 -0.433202
11.475000 -0.432430
11.490000 -0.431646
11.505000 -0.430850
11.520000 -0.430042
11.535000 -0.429221
11.550000 -0.428389
11.565000 -0.427545
11.580000 -0.426688
11.595000 -0.425820
11.610000 -0.424940
11.625000 -0.424048
11.640000 -0.423144
11.655000 -0.422229
11.670000 -0.421301
11.685000 -0.420362
11.700000 -0.419411
11.715000 -0.418448
11.730000 -0.417474
11.745000 -0.416488
11.760000 -0.415490
11.775000 -0.414480
11.790000 -0.413459
11.805000 -0.412427
11.820000 -0.411383
11.835000 -0.410327
11.850000 -0.409260
11.865000 -0.408181
11.880000 -0.407092
11.895000 -0.405990
11.910000 -0.404878
11.925000 -0.403754
11.940000 -0.402618
11.955000 -0.401472
11.970000 -0.400314
11.985000 -0.399145
12.000000 -0.397965
12.015000 -0.396774
12.030000 -0.395571
12.045000 -0.394358
12.060000 -0.393133
12.075000 -0.391898
12.090000 -0.390651
12.105000 -0.389394
12.120000 -0.388126
12.135000 -0.386847
12.150000 -0.385557
12.165000 -0.384256
12.180000 -0.382945
12.195000 -0.381623
12.210000 -0.380290
12.225000 -0.378946
12.240000 -0.377592
12.255000 -0.376228
12.270000 -0.374852
12.285000 -0.373467
12.300000 -0.372071
12.315000 -0.370664
12.330000 -0.369247
12.345000 -0.367820
12.360000 -0.366383
12.375000 -0.364935
12.390000 -0.363477
12.405000 -0.362009
12.420000 -0.360531
12.435000 -0.359043
12.450000 -0.357544
12.465000 -0.356036
12.480000 -0.354518
12.495000 -0.352989
12.510000 -0.351451
12.525000 -0.349903
12.540000 -0.348346
12.555000 -0.346778
12.570000 -0.345201
12.585000 -0.343614
12.600000 -0.342018
12.615000 -0.340412
12.630000 -0.338797
12.645000 -0.337172
12.660000 -0.335537
12.675000 -0.333894
12.690000 -0.332240
12.705000 -0.330578
12.720000 -0.328906
12.735000 -0.327225
12.750000 -0.325535
12.765000 -0.323836
12.780000 -0.322128
12.795000 -0.320411
12.810000 -0.318685
12.825000 -0.316950
12.840000 -0.315206
12.855000 -0.313453
12.870000 -0.311692
12.885000 -0.309922
12.900000 -0.308143
12.915000 -0.306355
12.930000 -0.304559
12.945000 -0.302755
12.960000 -0.300941
12.975000 -0.299120
12.990000 -0.297290
13.005000 -0.295452
13.020000 -0.293606
13.035000 -0.291751
13.050000 -0.289888
13.065000 -0.288017
13.080000 -0.286138
13.095000 -0.284251
13.110000 -0.282357
13.125000 -0.280454
13.140000 -0.278543
13.155000 -0.276625
13.170000 -0.274698
13.185000 -0.272765
13.200000 -0.270823
13.215000 -0.268874
13.230000 -0.266918
13.245000 -0.264953
13.260000 -0.262982
13.275000 -0.261003
13.290000 -0.259017
13.305000 -0.257024
13.320000 -0.255023
13.335000 -0.253016
13.350000 -0.251001
13.365000 -0.248979
13.380000 -0.246950
13.395000 -0.244915
13.410000 -0.242872
13.425000 -0.240823
13.440000 -0.238767
13.455000 -0.236704
13.470000 -0.234635
13.485000 -0.232559
13.500000 -0.230477
13.515000 -0.228388
13.530000 -0.226293
13.545000 -0.224191
13.560000 -0.222083
13.575000 -0.219969
13.590000 -0.217849
13.605000 -0.215723
13.620000 -0.213591
13.635000 -0.211452
13.650000 -0.209308
13.665000 -0.207158
13.680000 -0.205002
13.695000 -0.202841
13.710000 -0.200673
13.725000 -0.198501
13.740000 -0.196322
13.755000 -0.194138
13.770000 -0.191949
13.785000 -0.189754
13.800000 -0.187554
13.815000 -0.185349
13.830000 -0.183139
13.845000 -0.180923
13.860000 -0.178702
13.875000 -0.176477
13.890000 -0.174246
13.905000 -0.172011
13.920000 -0.169771
13.935000 -0.167526
13.950000 -0.165276
13.965000 -0.163022
13.980000 -0.160763
13.995000 -0.158499
14.010000 -0.156232
14.025000 -0.153959
14.040000 -0.151683
14.055000 -0.149402
14.070000 -0.147117
14.085000 -0.144828
14.100000 -0.142535
14.115000 -0.140238
14.130000 -0.137937
14.145000 -0.135633
14.160000 -0.133324
14.175000 -0.131012
14.190000 -0.128696
14.205000 -0.126376
14.220000 -0.124053
14.235000 -0.121726
14.250000 -0.119396
14.265000 -0.117063
14.280000 -0.114726
14.295000 -0.112387
14.310000 -0.110044
14.325000 -0.107698
14.340000 -0.105349
14.355000 -0.102997
14.370000 -0.100642
14.385000 -0.098284
14.400000 -0.095923
14.415000 -0.093560
14.430000 -0.091195
14.445000 -0.088826
14.460000 -0.086456
14.475000 -0.084082
14.490000 -0.081707
14.505000 -0.079329
14.520000 -0.076949
14.535000 -0.074567
14.550000 -0.072182
14.565000 -0.069796
14.580000 -0.067408
14.595000 -0.065018
14.610000 -0.062626
14.625000 -0.060232
14.640000 -0.057837
14.655000 -0.055440
14.670000 -0.053041
14.685000 -0.050641
14.700000 -0.048239
14.715000 -0.045837
14.730000 -0.043433
14.745000 -0.041027
14.760000 -0.038621
14.775000 -0.036213
14.790000 -0.033805
14.805000 -0.031395
14.820000 -0.028985
14.835000 -0.026574
14.850000 -0.024162
14.865000 -0.021749
14.880000 -0.019336
14.895000 -0.016922
14.910000 -0.014508
14.925000 -0.012093
14.940000 -0.009678
14.955000 -0.007263
14.970000 -0.004848
14.985000 -0.002432
15.000000 -0.000016


0.214178

0.000000 0.000000
0.015000 0.015042
0.030000 0.029257
0.045000 0.042591
0.060000 0.055070
0.075000 0.066717
0.090000 0.077557
0.105000 0.087614
0.120000 0.096912
0.135000 0.105473
0.150000 0.113321
0.165000 0.120478
0.180000 0.126967
0.195000 0.132808
0.210000 0.138023
0.225000 0.142634
0.240000 0.146660
0.255000 0.150122
0.270000 0.153040
0.285000 0.155433
0.300000 0.157320
0.315000 0.158720
0.330000 0.159651
0.345000 0.160131
0.360000 0.160179
0.375000 0.159810
0.390000 0.159042
0.405000 0.157892
0.420000 0.156375
0.435000 0.154509
0.450000 0.152308
0.465000 0.149787
0.480000 0.146963
0.495000 0.143848
0.510000 0.140458
0.525000 0.136807
0.540000 0.132907
0.555000 0.128774
0.570000 0.124419
0.585000 0.119856
0.600000 0.115097
0.615000 0.110154
0.630000 0.105039
0.645000 0.099764
0.660000 0.094340
0.675000 0.088779
0.690000 0.083090
0.705000 0.077285
0.720000 0.071374
0.735000 0.065367
0.750000 0.059273
0.765000 0.053103
0.780000 0.046865
0.795000 0.040568
0.810000 0.034222
0.825000 0.027834
0.840000 0.021413
0.855000 0.014967
0.870000 0.008504
0.885000 0.002031
0.900000 -0.004444
0.915000 -0.010914
0.930000 -0.017373
0.945000 -0.023813
0.960000 -0.030228
0.975000 -0.036612
0.990000 -0.042958
1.005000 -0.049261
1.020000 -0.055516
1.035000 -0.061716
1.050000 -0.067856
1.065000 -0.073932
1.080000 -0.079939
1.095000 -0.085871
1.110000 -0.091724
1.125000 -0.097494
1.140000 -0.103176
1.155000 -0.108767
1.170000 -0.114263
1.185000 -0.119660
1.200000 -0.124955
1.215000 -0.130144
1.230000 -0.135224
1.245000 -0.140192
1.260000 -0.145045
1.275000 -0.149781
1.290000 -0.154396
1.305000 -0.158889
1.320000 -0.163257
1.335000 -0.167498
1.350000 -0.171610
1.365000 -0.175591
1.380000 -0.179439
1.395000 -0.183153
1.410000 -0.186731
1.425000 -0.190172
1.440000 -0.193475
1.455000 -0.196638
1.470000 -0.199660
1.485000 -0.202541
1.500000 -0.205280
1.515000 -0.207875
1.530000 -0.210328
1.545000 -0.212636
1.560000 -0.214800
1.575000 -0.216819
1.590000 -0.218693
1.605000 -0.220423
1.620000 -0.222008
1.635000 -0.223448
1.650000 -0.224743
1.665000 -0.225895
1.680000 -0.226902
1.695000 -0.227766
1.710000 -0.228487
1.725000 -0.229066
1.740000 -0.229503
1.755000 -0.229800
1.770000 -0.229956
1.785000 -0.229973
1.800000 -0.229853
1.815000 -0.229595
1.830000 -0.229201
1.845000 -0.228672
1.860000 -0.228010
1.875000 -0.227216
1.890000 -0.226290
1.905000 -0.225235
1.920000 -0.224052
1.935000 -0.222742
1.950000 -0.221308
1.965000 -0.219749
1.980000 -0.218069
1.995000 -0.216269
2.010000 -0.214350
2.025000 -0.212315
2.040000 -0.210165
2.055000 -0.207902
2.070000 -0.205528
2.085000 -0.203045
2.100000 -0.200454
2.115000 -0.197758
2.130000 -0.194959
2.145000 -0.192059
2.160000 -0.189060
2.175000 -0.185964
2.190000 -0.182773
2.205000 -0.179489
2.220000 -0.176115
2.235000 -0.172652
2.250000 -0.169103
2.265000 -0.165470
2.280000 -0.161755
2.295000 -0.157961
2.310000 -0.154090
2.325000 -0.150144
2.340000 -0.146126
2.355000 -0.142037
2.370000 -0.137880
2.385000 -0.133657
2.400000 -0.129372
2.415000 -0.125025
2.430000 -0.120619
2.445000 -0.116157
2.460000 -0.111642
2.475000 -0.107074
2.490000 -0.102458
2.505000 -0.097794
2.520000 -0.093086
2.535000 -0.088336
2.550000 -0.083546
2.565000 -0.078718
2.580000 -0.073855
2.595000 -0.068960
2.610000 -0.064033
2.625000 -0.059079
2.640000 -0.054098
2.655000 -0.049094
2.670000 -0.044068
2.685000 -0.039024
2.700000 -0.033962
2.715000 -0.028886
2.730000 -0.023798
2.745000 -0.018699
2.760000 -0.013592
2.775000 -0.008480
2.790000 -0.003364
2.805000 0.001753
2.820000 0.006870
2.835000 0.011983
2.850000 0.017092
2.865000 0.022194
2.880000 0.027286
2.895000 0.032368
2.910000 0.037436
2.925000 0.042489
2.940000 0.047525
2.955000 0.052542
2.970000 0.057537
2.985000 0.062510
3.000000 0.067458
3.015000 0.072379
3.030000 0.077272
3.045000 0.082134
3.060000 0.086964
3.075000 0.091760
3.090000 0.096520
3.105000 0.101243
3.120000 0.105927
3.135000 0.110570
3.150000 0.115170
3.165000 0.119727
3.180000 0.124238
3.195000 0.128702
3.210000 0.133117
3.225000 0.137482
3.240000 0.141796
3.255000 0.146056
3.270000 0.150262
3.285000 0.154412
3.300000 0.158505
3.315000 0.162540
3.330000 0.166514
3.345000 0.170428
3.360000 0.174279
3.375000 0.178067
3.390000 0.181790
3.405000 0.185448
3.420000 0.189038
3.435000 0.192561
3.450000 0.196014
3.465000 0.199398
3.480000 0.202710
3.495000 0.205951
3.510000 0.209119
3.525000 0.212213
3.540000 0.215232
3.555000 0.218176
3.570000 0.221043
3.585000 0.223834
3.600000 0.226547
3.615000 0.229181
3.630000 0.231736
3.645000 0.234211
3.660000 0.236606
3.675000 0.238920
3.690000 0.241153
3.705000 0.243303
3.720000 0.245371
3.735000 0.247356
3.750000 0.249257
3.765000 0.251075
3.780000 0.252808
3.795000 0.254457
3.810000 0.256021
3.825000 0.257500
3.840000 0.258893
3.855000 0.260201
3.870000 0.261423
3.885000 0.262559
3.900000 0.263608
3.915000 0.264572
3.930000 0.265449
3.945000 0.266240
3.960000 0.266944
3.975000 0.267563
3.990000 0.268094
4.005000 0.268540
4.020000 0.268899
4.035000 0.269172
4.050000 0.269359
4.065000 0.269460
4.080000 0.269476
4.095000 0.269406
4.110000 0.269251
4.125000 0.269011
4.140000 0.268687
4.155000 0.268278
4.170000 0.267785
4.185000 0.267209
4.200000 0.266549
4.215000 0.265807
4.230000 0.264982
4.245000 0.264076
4.260000 0.263088
4.275000 0.262018
4.290000 0.260869
4.305000 0.259640
4.320000 0.258331
4.335000 0.256944
4.350000 0.255478
4.365000 0.253935
4.380000 0.252316
4.395000 0.250620
4.410000 0.248848
4.425000 0.247002
4.440000 0.245082
4.455000 0.243089
4.470000 0.241022
4.485000 0.238885
4.500000 0.236676
4.515000 0.234397
4.530000 0.232049
4.545000 0.229632
4.560000 0.227148
4.575000 0.224597
4.590000 0.221980
4.605000 0.219298
4.620000 0.216553
4.635000 0.213744
4.650000 0.210873
4.665000 0.207941
4.680000 0.204949
4.695000 0.201897
4.710000 0.198788
4.725000 0.195621
4.740000 0.192398
4.755000 0.189121
4.770000 0.185789
4.785000 0.182404
4.800000 0.178967
4.815000 0.175480
4.830000 0.171942
4.845000 0.168357
4.860000 0.164723
4.875000 0.161043
4.890000 0.157318
4.905000 0.153549
4.920000 0.149737
4.935000 0.145883
4.950000 0.141989
4.965000 0.138055
4.980000 0.134082
4.995000 0.130073
5.010000 0.126027
5.025000 0.121947
5.040000 0.117833
5.055000 0.113687
5.070000 0.109509
5.085000 0.105302
5.100000 0.101066
5.115000 0.096802
5.130000 0.092512
5.145000 0.088196
5.160000 0.083857
5.175000 0.079495
5.190000 0.075112
5.205000 0.070708
5.220000 0.066285
5.235000 0.061844
5.250000 0.057387
5.265000 0.052915
5.280000 0.048428
5.295000 0.043928
5.310000 0.039417
5.325000 0.034895
5.340000 0.030364
5.355000 0.025825
5.370000 0.021279
5.385000 0.016728
5.400000 0.012172
5.415000 0.007613
5.430000 0.003051
5.445000 -0.001511
5.460000 -0.006072
5.475000 -0.010632
5.490000 -0.015189
5.505000 -0.019743
5.520000 -0.024291
5.535000 -0.028833
5.550000 -0.033367
5.565000 -0.037893
5.580000 -0.042409
5.595000 -0.046914
5.610000 -0.051407
5.625000 -0.055886
5.640000 -0.060352
5.655000 -0.064802
5.670000 -0.069235
5.685000 -0.073651
5.700000 -0.078048
5.715000 -0.082425
5.730000 -0.086781
5.745000 -0.091116
5.760000 -0.095427
5.775000 -0.099714
5.790000 -0.103976
5.805000 -0.108212
5.820000 -0.112420
5.835000 -0.116600
5.850000 -0.120752
5.865000 -0.124872
5.880000 -0.128962
5.895000 -0.133020
5.910000 -0.137044
5.925000 -0.141034
5.940000 -0.144990
5.955000 -0.148909
5.970000 -0.152792
5.985000 -0.156636
6.000000 -0.160444
6.015000 -0.164235
6.030000 -0.168010
6.045000 -0.171769
6.060000 -0.175511
6.075000 -0.179236
6.090000 -0.182944
6.105000 -0.186634
6.120000 -0.190306
6.135000 -0.193960
6.150000 -0.197596
6.165000 -0.201212
6.180000 -0.204809
6.195000 -0.208386
6.210000 -0.211943
6.225000 -0.215479
6.240000 -0.218995
6.255000 -0.222490
6.270000 -0.225963
6.285000 -0.229415
6.300000 -0.232844
6.315000 -0.236251
6.330000 -0.239635
6.345000 -0.242996
6.360000 -0.246334
6.375000 -0.249648
6.390000 -0.252937
6.405000 -0.256203
6.420000 -0.259444
6.435000 -0.262659
6.450000 -0.265850
6.465000 -0.269015
6.480000 -0.272154
6.495000 -0.275266
6.510000 -0.278352
6.525000 -0.281412
6.540000 -0.284444
6.555000 -0.287449
6.570000 -0.290426
6.585000 -0.293375
6.600000 -0.296296
6.615000 -0.299188
6.630000 -0.302051
6.645000 -0.304885
6.660000 -0.307690
6.675000 -0.310466
6.690000 -0.313211
6.705000 -0.315926
6.720000 -0.318611
6.735000 -0.321265
6.750000 -0.323888
6.765000 -0.326480
6.780000 -0.329040
6.795000 -0.331569
6.810000 -0.334065
6.825000 -0.336530
6.840000 -0.338962
6.855000 -0.341361
6.870000 -0.343728
6.885000 -0.346061
6.900000 -0.348361
6.915000 -0.350627
6.930000 -0.352860
6.945000 -0.355059
6.960000 -0.357223
6.975000 -0.359353
6.990000 -0.361448
7.005000 -0.363509
7.020000 -0.365534
7.035000 -0.367525
7.050000 -0.369479
7.065000 -0.371399
7.080000 -0.373282
7.095000 -0.375129
7.110000 -0.376941
7.125000 -0.378716
7.140000 -0.380454
7.155000 -0.382156
7.170000 -0.383821
7.185000 -0.385449
7.200000 -0.387040
7.215000 -0.388593
7.230000 -0.390109
7.245000 -0.391588
7.260000 -0.393028
7.275000 -0.394431
7.290000 -0.395796
7.305000 -0.397123
7.320000 -0.398411
7.335000 -0.399661
7.350000 -0.400872
7.365000 -0.402045
7.380000 -0.403179
7.395000 -0.404275
7.410000 -0.405331
7.425000 -0.406348
7.440000 -0.407326
7.455000 -0.408265
7.470000 -0.409164
7.485000 -0.410024
7.500000 -0.410845
7.515000 -0.411626
7.530000 -0.412367
7.545000 -0.413068
7.560000 -0.413730
7.575000 -0.414352
7.590000 -0.414934
7.605000 -0.415476
7.620000 -0.415977
7.635000 -0.416439
7.650000 -0.416861
7.665000 -0.417242
7.680000 -0.417583
7.695000 -0.417884
7.710000 -0.418145
7.725000 -0.418365
7.740000 -0.418545
7.755000 -0.418685
7.770000 -0.418784
7.785000 -0.418843
7.800000 -0.418862
7.815000 -0.418840
7.830000 -0.418778
7.845000 -0.418676
7.860000 -0.418533
7.875000 -0.418350
7.890000 -0.418126
7.905000 -0.417862
7.920000 -0.417558
7.935000 -0.417214
7.950000 -0.416830
7.965000 -0.416405
7.980000 -0.415940
7.995000 -0.415435
8.010000 -0.414890
8.025000 -0.414305
8.040000 -0.413680
8.055000 -0.413016
8.070000 -0.412311
8.085000 -0.411567
8.100000 -0.410783
8.115000 -0.409959
8.130000 -0.409096
8.145000 -0.408194
8.160000 -0.407252
8.175000 -0.406271
8.190000 -0.405251
8.205000 -0.404192
8.220000 -0.403093
8.235000 -0.401956
8.250000 -0.400780
8.265000 -0.399566
8.280000 -0.398313
8.295000 -0.397022
8.310000 -0.395692
8.325000 -0.394324
8.340000 -0.392919
8.355000 -0.391475
8.370000 -0.389994
8.385000 -0.388475
8.400000 -0.386918
8.415000 -0.385325
8.430000 -0.383694
8.445000 -0.382026
8.460000 -0.380321
8.475000 -0.378580
8.490000 -0.376802
8.505000 -0.374988
8.520000 -0.373138
8.535000 -0.371252
8.550000 -0.369330
8.565000 -0.367372
8.580000 -0.365379
8.595000 -0.363351
8.610000 -0.361288
8.625000 -0.359190
8.640000 -0.357057
8.655000 -0.354890
8.670000 -0.352689
8.685000 -0.350454
8.700000 -0.348185
8.715000 -0.345882
8.730000 -0.343546
8.745000 -0.341177
8.760000 -0.338776
8.775000 -0.336341
8.790000 -0.333874
8.805000 -0.331375
8.820000 -0.328844
8.835000 -0.326281
8.850000 -0.323687
8.865000 -0.321061
8.880000 -0.318405
8.895000 -0.315718
8.910000 -0.313000
8.925000 -0.310253
8.940000 -0.307475
8.955000 -0.304668
8.970000 -0.301831
8.985000 -0.298966
9.000000 -0.296071
9.015000 -0.293148
9.030000 -0.290197
9.045000 -0.287218
9.060000 -0.284211
9.075000 -0.281177
9.090000 -0.278115
9.105000 -0.275027
9.120000 -0.271912
9.135000 -0.268772
9.150000 -0.265605
9.165000 -0.262412
9.180000 -0.259195
9.195000 -0.255952
9.210000 -0.252685
9.225000 -0.249393
9.240000 -0.246077
9.255000 -0.242738
9.270000 -0.239375
9.285000 -0.235989
9.300000 -0.232580
9.315000 -0.229149
9.330000 -0.225696
9.345000 -0.222221
9.360000 -0.218725
9.375000 -0.215207
9.390000 -0.211669
9.405000 -0.208111
9.420000 -0.204532
9.435000 -0.200934
9.450000 -0.197316
9.465000 -0.193679
9.480000 -0.190024
9.495000 -0.186350
9.510000 -0.182659
9.525000 -0.178949
9.540000 -0.175223
9.555000 -0.171479
9.570000 -0.167720
9.585000 -0.163943
9.600000 -0.160152
9.615000 -0.156344
9.630000 -0.152522
9.645000 -0.148685
9.660000 -0.144833
9.675000 -0.140968
9.690000 -0.137089
9.705000 -0.133197
9.720000 -0.129292
9.735000 -0.125374
9.750000 -0.121445
9.765000 -0.117504
9.780000 -0.113551
9.795000 -0.109587
9.810000 -0.105613
9.825000 -0.101629
9.840000 -0.097635
9.855000 -0.093631
9.870000 -0.089619
9.885000 -0.085598
9.900000 -0.081568
9.915000 -0.077531
9.930000 -0.073486
9.945000 -0.069435
9.960000 -0.065376
9.975000 -0.061311
9.990000 -0.057241
10.005000 -0.053164
10.020000 -0.049083
10.035000 -0.044997
10.050000 -0.040907
10.065000 -0.036812
10.080000 -0.032714
10.095000 -0.028613
10.110000 -0.024509
10.125000 -0.020403
10.140000 -0.016295
10.155000 -0.012185
10.170000 -0.008075
10.185000 -0.003963
10.200000 0.000149
10.215000 0.004261
10.230000 0.008373
10.245000 0.012484
10.260000 0.016593
10.275000 0.020701
10.290000 0.024807
10.305000 0.028911
10.320000 0.033012
10.335000 0.037109
10.350000 0.041204
10.365000 0.045294
10.380000 0.049379
10.395000 0.053460
10.410000 0.057536
10.425000 0.061607
10.440000 0.065671
10.455000 0.069729
10.470000 0.073780
10.485000 0.077824
10.500000 0.081861
10.515000 0.085890
10.530000 0.089910
10.545000 0.093922
10.560000 0.097925
10.575000 0.101918
10.590000 0.105902
10.605000 0.109875
10.620000 0.113838
10.635000 0.117790
10.650000 0.121730
10.665000 0.125659
10.680000 0.129576
10.695000 0.133480
10.710000 0.137371
10.725000 0.141249
10.740000 0.145113
10.755000 0.148964
10.770000 0.152800
10.785000 0.156621
10.800000 0.160427
10.815000 0.164218
10.830000 0.167993
10.845000 0.171752
10.860000 0.175494
10.875000 0.179219
10.890000 0.182927
10.905000 0.186617
10.920000 0.190290
10.935000 0.193944
10.950000 0.197579
10.965000 0.201195
10.980000 0.204792
10.995000 0.208370
11.010000 0.211927
11.025000 0.215463
11.040000 0.218979
11.055000 0.222474
11.070000 0.225947
11.085000 0.229399
11.100000 0.232828
11.115000 0.236235
11.130000 0.239620
11.145000 0.242981
11.160000 0.246319
11.175000 0.249633
11.190000 0.252923
11.205000 0.256188
11.220000 0.259429
11.235000 0.262645
11.250000 0.265835
11.265000 0.269000
11.280000 0.272139
11.295000 0.275252
11.310000 0.278338
11.325000 0.281398
11.340000 0.284430
11.355000 0.287435
11.370000 0.290412
11.385000 0.293361
11.400000 0.296282
11.415000 0.299175
11.430000 0.302038
11.445000 0.304873
11.460000 0.307678
11.475000 0.310453
11.490000 0.313199
11.505000 0.315914
11.520000 0.318599
11.535000 0.321253
11.550000 0.323876
11.565000 0.326468
11.580000 0.329028
11.595000 0.331557
11.610000 0.334054
11.625000 0.336519
11.640000 0.338951
11.655000 0.341350
11.670000 0.343717
11.685000 0.346051
11.700000 0.348351
11.715000 0.350617
11.730000 0.352850
11.745000 0.355049
11.760000 0.357213
11.775000 0.359343
11.790000 0.361439
11.805000 0.363500
11.820000 0.365525
11.835000 0.367516
11.850000 0.369471
11.865000 0.371390
11.880000 0.373274
11.895000 0.375121
11.910000 0.376933
11.925000 0.378708
11.940000 0.380446
11.955000 0.382148
11.970000 0.383813
11.985000 0.385441
12.000000 0.387032
12.015000 0.388586
12.030000 0.390102
12.045000 0.391581
12.060000 0.393022
12.075000 0.394425
12.090000 0.395790
12.105000 0.397117
12.120000 0.398405
12.135000 0.399655
12.150000 0.400867
12.165000 0.402040
12.180000 0.403174
12.195000 0.404270
12.210000 0.405326
12.225000 0.406344
12.240000 0.407322
12.255000 0.408261
12.270000 0.409160
12.285000 0.410021
12.300000 0.410841
12.315000 0.411622
12.330000 0.412364
12.345000 0.413065
12.360000 0.413727
12.375000 0.414349
12.390000 0.414931
12.405000 0.415473
12.420000 0.415975
12.435000 0.416437
12.450000 0.416859
12.465000 0.417240
12.480000 0.417582
12.495000 0.417883
12.510000 0.418144
12.525000 0.418364
12.540000 0.418545
12.555000 0.418684
12.570000 0.418784
12.585000 0.418843
12.600000 0.418862
12.615000 0.418840
12.630000 0.418779
12.645000 0.418676
12.660000 0.418534
12.675000 0.418351
12.690000 0.418127
12.705000 0.417864
12.720000 0.417560
12.735000 0.417216
12.750000 0.416831
12.765000 0.416407
12.780000 0.415942
12.795000 0.415438
12.810000 0.414893
12.825000 0.414308
12.840000 0.413683
12.855000 0.413019
12.870000 0.412314
12.885000 0.411570
12.900000 0.410787
12.915000 0.409963
12.930000 0.409100
12.945000 0.408198
12.960000 0.407257
12.975000 0.406276
12.990000 0.405256
13.005000 0.404196
13.020000 0.403098
13.035000 0.401962
13.050000 0.400786
13.065000 0.399572
13.080000 0.398319
13.095000 0.397028
13.110000 0.395698
13.125000 0.394331
13.140000 0.392925
13.155000 0.391482
13.170000 0.390000
13.185000 0.388482
13.200000 0.386925
13.215000 0.385332
13.230000 0.383701
13.245000 0.382034
13.260000 0.380329
13.275000 0.378588
13.290000 0.376811
13.305000 0.374997
13.320000 0.373147
13.335000 0.371261
13.350000 0.369339
13.365000 0.367381
13.380000 0.365389
13.395000 0.363361
13.410000 0.361298
13.425000 0.359200
13.440000 0.357067
13.455000 0.354900
13.470000 0.352699
13.485000 0.350464
13.500000 0.348195
13.515000 0.345893
13.530000 0.343557
13.545000 0.341188
13.560000 0.338786
13.575000 0.336352
13.590000 0.333885
13.605000 0.331386
13.620000 0.328855
13.635000 0.326293
13.650000 0.323699
13.665000 0.321073
13.680000 0.318417
13.695000 0.315730
13.710000 0.313013
13.725000 0.310265
13.740000 0.307488
13.755000 0.304681
13.770000 0.301844
13.785000 0.298979
13.800000 0.296085
13.815000 0.293162
13.830000 0.290211
13.845000 0.287232
13.860000 0.284225
13.875000 0.281191
13.890000 0.278129
13.905000 0.275041
13.920000 0.271927
13.935000 0.268786
13.950000 0.265619
13.965000 0.262427
13.980000 0.259209
13.995000 0.255967
14.010000 0.252700
14.025000 0.249408
14.040000 0.246092
14.055000 0.242753
14.070000 0.239390
14.085000 0.236004
14.100000 0.232596
14.115000 0.229165
14.130000 0.225712
14.145000 0.222237
14.160000 0.218741
14.175000 0.215223
14.190000 0.211685
14.205000 0.208127
14.220000 0.204548
14.235000 0.200950
14.250000 0.197332
14.265000 0.193696
14.280000 0.190041
14.295000 0.186367
14.310000 0.182675
14.325000 0.178966
14.340000 0.175240
14.355000 0.171496
14.370000 0.167737
14.385000 0.163961
14.400000 0.160169
14.415000 0.156362
14.430000 0.152539
14.445000 0.148702
14.460000 0.144851
14.475000 0.140986
14.490000 0.137107
14.505000 0.133215
14.520000 0.129310
14.535000 0.125392
14.550000 0.121463
14.565000 0.117521
14.580000 0.113569
14.595000 0.109605
14.610000 0.105631
14.625000 0.101647
14.640000 0.097653
14.655000 0.093650
14.670000 0.089637
14.685000 0.085616
14.700000 0.081587
14.715000 0.077550
14.730000 0.073505
14.745000 0.069453
14.760000 0.065395
14.775000 0.061330
14.790000 0.057259
14.805000 0.053183
14.820000 0.049102
14.835000 0.045016
14.850000 0.040925
14.865000 0.036831
14.880000 0.032733
14.895000 0.028632
14.910000 0.024528
14.925000 0.020422
14.940000 0.016314
14.955000 0.012204
14.970000 0.008093
14.985000 0.003982
15.000000 -0.000131


0.409196

0.000000 0.000000
0.015000 0.021226
0.030000 0.041283
0.045000 0.060094
0.060000 0.077693
0.075000 0.094112
0.090000 0.109384
0.105000 0.123542
0.120000 0.136618
0.135000 0.148644
0.150000 0.159653
0.165000 0.169673
0.180000 0.178737
0.195000 0.186875
0.210000 0.194115
0.225000 0.200488
0.240000 0.206022
0.255000 0.210745
0.270000 0.214685
0.285000 0.217871
0.300000 0.220328
0.315000 0.222084
0.330000 0.223164
0.345000 0.223594
0.360000 0.223400
0.375000 0.222607
0.390000 0.221237
0.405000 0.219317
0.420000 0.216869
0.435000 0.213916
0.450000 0.210481
0.465000 0.206587
0.480000 0.202254
0.495000 0.197505
0.510000 0.192361
0.525000 0.186841
0.540000 0.180967
0.555000 0.174758
0.570000 0.168233
0.585000 0.161412
0.600000 0.154312
0.615000 0.146953
0.630000 0.139351
0.645000 0.131525
0.660000 0.123491
0.675000 0.115266
0.690000 0.106866
0.705000 0.098306
0.720000 0.089604
0.735000 0.080772
0.750000 0.071827
0.765000 0.062782
0.780000 0.053652
0.795000 0.044450
0.810000 0.035189
0.825000 0.025883
0.840000 0.016544
0.855000 0.007184
0.870000 -0.002185
0.885000 -0.011551
0.900000 -0.020903
0.915000 -0.030231
0.930000 -0.039523
0.945000 -0.048770
0.960000 -0.057962
0.975000 -0.067088
0.990000 -0.076140
1.005000 -0.085109
1.020000 -0.093987
1.035000 -0.102763
1.050000 -0.111432
1.065000 -0.119985
1.080000 -0.128414
1.095000 -0.136713
1.110000 -0.144874
1.125000 -0.152891
1.140000 -0.160757
1.155000 -0.168467
1.170000 -0.176015
1.185000 -0.183395
1.200000 -0.190602
1.215000 -0.197631
1.230000 -0.204477
1.245000 -0.211136
1.260000 -0.217603
1.275000 -0.223875
1.290000 -0.229948
1.305000 -0.235818
1.320000 -0.241482
1.335000 -0.246936
1.350000 -0.252179
1.365000 -0.257208
1.380000 -0.262019
1.395000 -0.266611
1.410000 -0.270982
1.425000 -0.275131
1.440000 -0.279055
1.455000 -0.282753
1.470000 -0.286224
1.485000 -0.289467
1.500000 -0.292482
1.515000 -0.295267
1.530000 -0.297823
1.545000 -0.300148
1.560000 -0.302244
1.575000 -0.304109
1.590000 -0.305745
1.605000 -0.307151
1.620000 -0.308328
1.635000 -0.309278
1.650000 -0.310000
1.665000 -0.310496
1.680000 -0.310767
1.695000 -0.310814
1.710000 -0.310639
1.725000 -0.310244
1.740000 -0.309629
1.755000 -0.308798
1.770000 -0.307751
1.785000 -0.306491
1.800000 -0.305020
1.815000 -0.303340
1.830000 -0.301454
1.845000 -0.299364
1.860000 -0.297073
1.875000 -0.294584
1.890000 -0.291899
1.905000 -0.289021
1.920000 -0.285954
1.935000 -0.282700
1.950000 -0.279262
1.965000 -0.275644
1.980000 -0.271849
1.995000 -0.267881
2.010000 -0.263742
2.025000 -0.259437
2.040000 -0.254968
2.055000 -0.250340
2.070000 -0.245556
2.085000 -0.240621
2.100000 -0.235537
2.115000 -0.230309
2.130000 -0.224940
2.145000 -0.219435
2.160000 -0.213798
2.175000 -0.208032
2.190000 -0.202142
2.205000 -0.196131
2.220000 -0.190005
2.235000 -0.183766
2.250000 -0.177419
2.265000 -0.170969
2.280000 -0.164419
2.295000 -0.157775
2.310000 -0.151039
2.325000 -0.144216
2.340000 -0.137312
2.355000 -0.130329
2.370000 -0.123272
2.385000 -0.116146
2.400000 -0.108954
2.415000 -0.101702
2.430000 -0.094393
2.445000 -0.087032
2.460000 -0.079622
2.475000 -0.072169
2.490000 -0.064677
2.505000 -0.057149
2.520000 -0.049590
2.535000 -0.042004
2.550000 -0.034395
2.565000 -0.026768
2.580000 -0.019127
2.595000 -0.011475
2.610000 -0.003818
2.625000 0.003842
2.640000 0.011500
2.655000 0.019151
2.670000 0.026793
2.685000 0.034420
2.700000 0.042030
2.715000 0.049618
2.730000 0.057180
2.745000 0.064713
2.760000 0.072213
2.775000 0.079676
2.790000 0.087099
2.805000 0.094477
2.820000 0.101808
2.835000 0.109088
2.850000 0.116312
2.865000 0.123479
2.880000 0.130584
2.895000 0.137624
2.910000 0.144596
2.925000 0.151497
2.940000 0.158323
2.955000 0.165072
2.970000 0.171740
2.985000 0.178324
3.000000 0.184822
3.015000 0.191230
3.030000 0.197546
3.045000 0.203767
3.060000 0.209891
3.075000 0.215913
3.090000 0.221833
3.105000 0.227648
3.120000 0.233354
3.135000 0.238950
3.150000 0.244434
3.165000 0.249803
3.180000 0.255054
3.195000 0.260187
3.210000 0.265199
3.225000 0.270087
3.240000 0.274850
3.255000 0.279486
3.270000 0.283994
3.285000 0.288371
3.300000 0.292615
3.315000 0.296727
3.330000 0.300703
3.345000 0.304542
3.360000 0.308243
3.375000 0.311806
3.390000 0.315227
3.405000 0.318507
3.420000 0.321644
3.435000 0.324637
3.450000 0.327485
3.465000 0.330188
3.480000 0.332744
3.495000 0.335152
3.510000 0.337413
3.525000 0.339525
3.540000 0.341488
3.555000 0.343301
3.570000 0.344964
3.585000 0.346476
3.600000 0.347838
3.615000 0.349049
3.630000 0.350108
3.645000 0.351016
3.660000 0.351773
3.675000 0.352379
3.690000 0.352834
3.705000 0.353137
3.720000 0.353290
3.735000 0.353292
3.750000 0.353144
3.765000 0.352846
3.780000 0.352399
3.795000 0.351803
3.810000 0.351059
3.825000 0.350168
3.840000 0.349129
3.855000 0.347944
3.870000 0.346614
3.885000 0.345140
3.900000 0.343522
3.915000 0.341762
3.930000 0.339860
3.945000 0.337818
3.960000 0.335636
3.975000 0.333316
3.990000 0.330860
4.005000 0.328268
4.020000 0.325542
4.035000 0.322683
4.050000 0.319692
4.065000 0.316572
4.080000 0.313323
4.095000 0.309948
4.110000 0.306447
4.125000 0.302823
4.140000 0.299077
4.155000 0.295210
4.170000 0.291226
4.185000 0.287125
4.200000 0.282909
4.215000 0.278581
4.230000 0.274142
4.245000 0.269594
4.260000 0.264939
4.275000 0.260180
4.290000 0.255318
4.305000 0.250355
4.320000 0.245294
4.335000 0.240137
4.350000 0.234885
4.365000 0.229542
4.380000 0.224109
4.395000 0.218589
4.410000 0.212984
4.425000 0.207296
4.440000 0.201528
4.455000 0.195681
4.470000 0.189760
4.485000 0.183765
4.500000 0.177699
4.515000 0.171565
4.530000 0.165366
4.545000 0.159103
4.560000 0.152779
4.575000 0.146397
4.590000 0.139959
4.605000 0.133468
4.620000 0.126926
4.635000 0.120337
4.650000 0.113701
4.665000 0.107023
4.680000 0.100304
4.695000 0.093548
4.710000 0.086757
4.725000 0.079933
4.740000 0.073078
4.755000 0.066197
4.770000 0.059291
4.785000 0.052363
4.800000 0.045415
4.815000 0.038451
4.830000 0.031472
4.845000 0.024481
4.860000 0.017482
4.875000 0.010476
4.890000 0.003466
4.905000 -0.003545
4.920000 -0.010555
4.935000 -0.017561
4.950000 -0.024560
4.965000 -0.031551
4.980000 -0.038530
4.995000 -0.045495
5.010000 -0.052443
5.025000 -0.059372
5.040000 -0.066280
5.055000 -0.073164
5.070000 -0.080021
5.085000 -0.086849
5.100000 -0.093646
5.115000 -0.100409
5.130000 -0.107136
5.145000 -0.113824
5.160000 -0.120472
5.175000 -0.127076
5.190000 -0.133635
5.205000 -0.140146
5.220000 -0.146607
5.235000 -0.153016
5.250000 -0.159371
5.265000 -0.165668
5.280000 -0.171907
5.295000 -0.178085
5.310000 -0.184200
5.325000 -0.190249
5.340000 -0.196232
5.355000 -0.202145
5.370000 -0.207987
5.385000 -0.213756
5.400000 -0.219450
5.415000 -0.225067
5.430000 -0.230605
5.445000 -0.236062
5.460000 -0.241437
5.475000 -0.246728
5.490000 -0.251932
5.505000 -0.257049
5.520000 -0.262077
5.535000 -0.267013
5.550000 -0.271857
5.565000 -0.276607
5.580000 -0.281261
5.595000 -0.285818
5.610000 -0.290277
5.625000 -0.294635
5.640000 -0.298892
5.655000 -0.303047
5.670000 -0.307097
5.685000 -0.311042
5.700000 -0.314880
5.715000 -0.318611
5.730000 -0.322233
5.745000 -0.325745
5.760000 -0.329146
5.775000 -0.332435
5.790000 -0.335611
5.805000 -0.338673
5.820000 -0.341620
5.835000 -0.344451
5.850000 -0.347166
5.865000 -0.349764
5.880000 -0.352243
5.895000 -0.354604
5.910000 -0.356845
5.925000 -0.358966
5.940000 -0.360967
5.955000 -0.362846
5.970000 -0.364604
5.985000 -0.366239
6.000000 -0.367757
6.015000 -0.369202
6.030000 -0.370580
6.045000 -0.371889
6.060000 -0.373130
6.075000 -0.374302
6.090000 -0.375405
6.105000 -0.376439
6.120000 -0.377403
6.135000 -0.378299
6.150000 -0.379124
6.165000 -0.379880
6.180000 -0.380566
6.195000 -0.381181
6.210000 -0.381727
6.225000 -0.382202
6.240000 -0.382607
6.255000 -0.382941
6.270000 -0.383205
6.285000 -0.383398
6.300000 -0.383521
6.315000 -0.383573
6.330000 -0.383554
6.345000 -0.383465
6.360000 -0.383305
6.375000 -0.383075
6.390000 -0.382774
6.405000 -0.382403
6.420000 -0.381961
6.435000 -0.381449
6.450000 -0.380866
6.465000 -0.380214
6.480000 -0.379491
6.495000 -0.378699
6.510000 -0.377837
6.525000 -0.376905
6.540000 -0.375904
6.555000 -0.374833
6.570000 -0.373694
6.585000 -0.372486
6.600000 -0.371209
6.615000 -0.369864
6.630000 -0.368451
6.645000 -0.366970
6.660000 -0.365421
6.675000 -0.363805
6.690000 -0.362122
6.705000 -0.360373
6.720000 -0.358557
6.735000 -0.356675
6.750000 -0.354727
6.765000 -0.352714
6.780000 -0.350636
6.795000 -0.348494
6.810000 -0.346287
6.825000 -0.344017
6.840000 -0.341683
6.855000 -0.339286
6.870000 -0.336827
6.885000 -0.334306
6.900000 -0.331723
6.915000 -0.329080
6.930000 -0.326375
6.945000 -0.323611
6.960000 -0.320787
6.975000 -0.317903
6.990000 -0.314962
7.005000 -0.311962
7.020000 -0.308905
7.035000 -0.305791
7.050000 -0.302621
7.065000 -0.299395
7.080000 -0.296113
7.095000 -0.292778
7.110000 -0.289388
7.125000 -0.285945
7.140000 -0.282450
7.155000 -0.278902
7.170000 -0.275303
7.185000 -0.271654
7.200000 -0.267954
7.215000 -0.264205
7.230000 -0.260407
7.245000 -0.256562
7.260000 -0.252669
7.275000 -0.248730
7.290000 -0.244745
7.305000 -0.240714
7.320000 -0.236640
7.335000 -0.232522
7.350000 -0.228361
7.365000 -0.224158
7.380000 -0.219914
7.395000 -0.215629
7.410000 -0.211305
7.425000 -0.206941
7.440000 -0.202540
7.455000 -0.198101
7.470000 -0.193626
7.485000 -0.189115
7.500000 -0.184569
7.515000 -0.179990
7.530000 -0.175377
7.545000 -0.170732
7.560000 -0.166055
7.575000 -0.161348
7.590000 -0.156611
7.605000 -0.151845
7.620000 -0.147052
7.635000 -0.142231
7.650000 -0.137384
7.665000 -0.132512
7.680000 -0.127615
7.695000 -0.122695
7.710000 -0.117753
7.725000 -0.112788
7.740000 -0.107803
7.755000 -0.102798
7.770000 -0.097774
7.785000 -0.092732
7.800000 -0.087673
7.815000 -0.082598
7.830000 -0.077508
7.845000 -0.072403
7.860000 -0.067285
7.875000 -0.062155
7.890000 -0.057013
7.905000 -0.051861
7.920000 -0.046699
7.935000 -0.041528
7.950000 -0.036350
7.965000 -0.031165
7.980000 -0.025975
7.995000 -0.020780
8.010000 -0.015581
8.025000 -0.010379
8.040000 -0.005175
8.055000 0.000030
8.070000 0.005235
8.085000 0.010439
8.100000 0.015641
8.115000 0.020840
8.130000 0.026035
8.145000 0.031226
8.160000 0.036410
8.175000 0.041588
8.190000 0.046759
8.205000 0.051921
8.220000 0.057073
8.235000 0.062214
8.250000 0.067345
8.265000 0.072462
8.280000 0.077567
8.295000 0.082657
8.310000 0.087732
8.325000 0.092791
8.340000 0.097833
8.355000 0.102856
8.370000 0.107861
8.385000 0.112846
8.400000 0.117810
8.415000 0.122753
8.430000 0.127672
8.445000 0.132569
8.460000 0.137441
8.475000 0.142287
8.490000 0.147108
8.505000 0.151901
8.520000 0.156666
8.535000 0.161403
8.550000 0.166110
8.565000 0.170786
8.580000 0.175430
8.595000 0.180043
8.610000 0.184622
8.625000 0.189167
8.640000 0.193678
8.655000 0.198153
8.670000 0.202591
8.685000 0.206992
8.700000 0.211355
8.715000 0.215679
8.730000 0.219963
8.745000 0.224207
8.760000 0.228409
8.775000 0.232570
8.790000 0.236687
8.805000 0.240761
8.820000 0.244791
8.835000 0.248776
8.850000 0.252715
8.865000 0.256607
8.880000 0.260452
8.895000 0.264249
8.910000 0.267997
8.925000 0.271696
8.940000 0.275345
8.955000 0.278944
8.970000 0.282491
8.985000 0.285985
9.000000 0.289428
9.015000 0.292817
9.030000 0.296152
9.045000 0.299432
9.060000 0.302658
9.075000 0.305827
9.090000 0.308941
9.105000 0.311997
9.120000 0.314996
9.135000 0.317937
9.150000 0.320820
9.165000 0.323643
9.180000 0.326407
9.195000 0.329111
9.210000 0.331754
9.225000 0.334336
9.240000 0.336856
9.255000 0.339315
9.270000 0.341711
9.285000 0.344044
9.300000 0.346313
9.315000 0.348519
9.330000 0.350661
9.345000 0.352738
9.360000 0.354750
9.375000 0.356697
9.390000 0.358578
9.405000 0.360393
9.420000 0.362142
9.435000 0.363824
9.450000 0.365440
9.465000 0.366987
9.480000 0.368468
9.495000 0.369880
9.510000 0.371224
9.525000 0.372500
9.540000 0.373708
9.555000 0.374846
9.570000 0.375916
9.585000 0.376916
9.600000 0.377847
9.615000 0.378708
9.630000 0.379500
9.645000 0.380222
9.660000 0.380873
9.675000 0.381455
9.690000 0.381966
9.705000 0.382407
9.720000 0.382778
9.735000 0.383078
9.750000 0.383308
9.765000 0.383467
9.780000 0.383555
9.795000 0.383573
9.810000 0.383520
9.825000 0.383396
9.840000 0.383202
9.855000 0.382938
9.870000 0.382602
9.885000 0.382197
9.900000 0.381721
9.915000 0.381174
9.930000 0.380558
9.945000 0.379871
9.960000 0.379115
9.975000 0.378289
9.990000 0.377393
10.005000 0.376427
10.020000 0.375392
10.035000 0.374289
10.050000 0.373116
10.065000 0.371874
10.080000 0.370564
10.095000 0.369186
10.110000 0.367740
10.125000 0.366226
10.140000 0.364645
10.155000 0.362996
10.170000 0.361281
10.185000 0.359499
10.200000 0.357651
10.215000 0.355737
10.230000 0.353758
10.245000 0.351713
10.260000 0.349604
10.275000 0.347430
10.290000 0.345192
10.305000 0.342891
10.320000 0.340527
10.335000 0.338100
10.350000 0.335610
10.365000 0.333059
10.380000 0.330447
10.395000 0.327773
10.410000 0.325040
10.425000 0.322246
10.440000 0.319393
10.455000 0.316482
10.470000 0.313512
10.485000 0.310484
10.500000 0.307399
10.515000 0.304258
10.530000 0.301060
10.545000 0.297808
10.560000 0.294500
10.575000 0.291138
10.590000 0.287722
10.605000 0.284254
10.620000 0.280733
10.635000 0.277160
10.650000 0.273537
10.665000 0.269863
10.680000 0.266139
10.695000 0.262366
10.710000 0.258545
10.725000 0.254677
10.740000 0.250761
10.755000 0.246800
10.770000 0.242792
10.785000 0.238741
10.800000 0.234645
10.815000 0.230506
10.830000 0.226324
10.845000 0.222101
10.860000 0.217837
10.875000 0.213533
10.890000 0.209190
10.905000 0.204808
10.920000 0.200388
10.935000 0.195932
10.950000 0.191439
10.965000 0.186911
10.980000 0.182349
10.995000 0.177753
11.010000 0.173124
11.025000 0.168464
11.040000 0.163772
11.055000 0.159051
11.070000 0.154300
11.085000 0.149520
11.100000 0.144713
11.115000 0.139880
11.130000 0.135021
11.145000 0.130136
11.160000 0.125228
11.175000 0.120297
11.190000 0.115344
11.205000 0.110369
11.220000 0.105374
11.235000 0.100360
11.250000 0.095327
11.265000 0.090277
11.280000 0.085210
11.295000 0.080127
11.310000 0.075030
11.325000 0.069919
11.340000 0.064794
11.355000 0.059658
11.370000 0.054511
11.385000 0.049354
11.400000 0.044188
11.415000 0.039014
11.430000 0.033833
11.445000 0.028645
11.460000 0.023452
11.475000 0.018255
11.490000 0.013054
11.505000 0.007851
11.520000 0.002646
11.535000 -0.002559
11.550000 -0.007763
11.565000 -0.012966
11.580000 -0.018167
11.595000 -0.023364
11.610000 -0.028557
11.625000 -0.033745
11.640000 -0.038927
11.655000 -0.044101
11.670000 -0.049267
11.685000 -0.054424
11.700000 -0.059572
11.715000 -0.064708
11.730000 -0.069832
11.745000 -0.074944
11.760000 -0.080041
11.775000 -0.085124
11.790000 -0.090191
11.805000 -0.095242
11.820000 -0.100275
11.835000 -0.105290
11.850000 -0.110285
11.865000 -0.115260
11.880000 -0.120214
11.895000 -0.125145
11.910000 -0.130054
11.925000 -0.134938
11.940000 -0.139798
11.955000 -0.144632
11.970000 -0.149439
11.985000 -0.154219
12.000000 -0.158971
12.015000 -0.163693
12.030000 -0.168385
12.045000 -0.173046
12.060000 -0.177675
12.075000 -0.182271
12.090000 -0.186834
12.105000 -0.191363
12.120000 -0.195856
12.135000 -0.200313
12.150000 -0.204734
12.165000 -0.209116
12.180000 -0.213460
12.195000 -0.217765
12.210000 -0.222030
12.225000 -0.226254
12.240000 -0.230436
12.255000 -0.234575
12.270000 -0.238672
12.285000 -0.242724
12.300000 -0.246732
12.315000 -0.250695
12.330000 -0.254611
12.345000 -0.258480
12.360000 -0.262302
12.375000 -0.266076
12.390000 -0.269800
12.405000 -0.273475
12.420000 -0.277100
12.435000 -0.280673
12.450000 -0.284195
12.465000 -0.287664
12.480000 -0.291081
12.495000 -0.294444
12.510000 -0.297752
12.525000 -0.301006
12.540000 -0.304204
12.555000 -0.307347
12.570000 -0.310433
12.585000 -0.313461
12.600000 -0.316432
12.615000 -0.319345
12.630000 -0.322199
12.645000 -0.324993
12.660000 -0.327728
12.675000 -0.330402
12.690000 -0.333016
12.705000 -0.335568
12.720000 -0.338058
12.735000 -0.340486
12.750000 -0.342852
12.765000 -0.345154
12.780000 -0.347393
12.795000 -0.349567
12.810000 -0.351678
12.825000 -0.353724
12.840000 -0.355704
12.855000 -0.357619
12.870000 -0.359468
12.885000 -0.361251
12.900000 -0.362968
12.915000 -0.364617
12.930000 -0.366200
12.945000 -0.367715
12.960000 -0.369162
12.975000 -0.370542
12.990000 -0.371853
13.005000 -0.373095
13.020000 -0.374269
13.035000 -0.375374
13.050000 -0.376410
13.065000 -0.377377
13.080000 -0.378274
13.095000 -0.379102
13.110000 -0.379859
13.125000 -0.380547
13.140000 -0.381165
13.155000 -0.381712
13.170000 -0.382189
13.185000 -0.382596
13.200000 -0.382932
13.215000 -0.383198
13.230000 -0.383394
13.245000 -0.383518
13.260000 -0.383572
13.275000 -0.383556
13.290000 -0.383469
13.305000 -0.383311
13.320000 -0.383082
13.335000 -0.382784
13.350000 -0.382414
13.365000 -0.381974
13.380000 -0.381464
13.395000 -0.380884
13.410000 -0.380233
13.425000 -0.379513
13.440000 -0.378722
13.455000 -0.377862
13.470000 -0.376932
13.485000 -0.375933
13.500000 -0.374865
13.515000 -0.373727
13.530000 -0.372521
13.545000 -0.371246
13.560000 -0.369903
13.575000 -0.368492
13.590000 -0.367013
13.605000 -0.365466
13.620000 -0.363852
13.635000 -0.362171
13.650000 -0.360424
13.665000 -0.358609
13.680000 -0.356729
13.695000 -0.354784
13.710000 -0.352772
13.725000 -0.350696
13.740000 -0.348556
13.755000 -0.346351
13.770000 -0.344082
13.785000 -0.341750
13.800000 -0.339356
13.815000 -0.336898
13.830000 -0.334379
13.845000 -0.331798
13.860000 -0.329156
13.875000 -0.326453
13.890000 -0.323690
13.905000 -0.320868
13.920000 -0.317986
13.935000 -0.315046
13.950000 -0.312048
13.965000 -0.308993
13.980000 -0.305880
13.995000 -0.302712
14.010000 -0.299487
14.025000 -0.296208
14.040000 -0.292874
14.055000 -0.289485
14.070000 -0.286044
14.085000 -0.282550
14.100000 -0.279004
14.115000 -0.275406
14.130000 -0.271758
14.145000 -0.268060
14.160000 -0.264313
14.175000 -0.260516
14.190000 -0.256672
14.205000 -0.252781
14.220000 -0.248843
14.235000 -0.244859
14.250000 -0.240830
14.265000 -0.236757
14.280000 -0.232640
14.295000 -0.228480
14.310000 -0.224278
14.325000 -0.220035
14.340000 -0.215752
14.355000 -0.211428
14.370000 -0.207066
14.385000 -0.202666
14.400000 -0.198228
14.415000 -0.193754
14.430000 -0.189244
14.445000 -0.184699
14.460000 -0.180121
14.475000 -0.175509
14.490000 -0.170864
14.505000 -0.166189
14.520000 -0.161482
14.535000 -0.156746
14.550000 -0.151982
14.565000 -0.147189
14.580000 -0.142369
14.595000 -0.137523
14.610000 -0.132651
14.625000 -0.127755
14.640000 -0.122836
14.655000 -0.117894
14.670000 -0.112930
14.685000 -0.107945
14.700000 -0.102941
14.715000 -0.097918
14.730000 -0.092876
14.745000 -0.087818
14.760000 -0.082743
14.775000 -0.077653
14.790000 -0.072549
14.805000 -0.067431
14.820000 -0.062301
14.835000 -0.057160
14.850000 -0.052008
14.865000 -0.046846
14.880000 -0.041676
14.895000 -0.036498
14.910000 -0.031313
14.925000 -0.026123
14.940000 -0.020928
14.955000 -0.015729
14.970000 -0.010527
14.985000 -0.005323
15.000000 -0.000118


